<?xml version="1.0" encoding="utf-8"?><testsuites name="pytest tests"><testsuite name="pytest" errors="3" failures="10" skipped="213" tests="2582" time="182.202" timestamp="2026-06-14T15:38:29.915636-03:00" hostname="DESKTOP-PFVMHSD"><testcase classname="" name="test.plugins.test_bpd" file="test/plugins/test_bpd.py" time="0.000"><skipped message="collection skipped">('C:\\Users\\kendr.DESKTOP-PFVMHSD\\Documents\\Repositórios\\beets\\test\\plugins\\test_bpd.py', 35, 'Skipped: could not import \'beetsplug.bpd\': Gstreamer Python bindings not found. Install "gstreamer1.0" and "python-gi" or similar package to use BPD.')</skipped></testcase><testcase classname="" name="test.test_release" file="test/test_release.py" time="0.000"><skipped message="collection skipped">('C:\\Users\\kendr.DESKTOP-PFVMHSD\\Documents\\Repositórios\\beets\\test\\test_release.py', 9, "Skipped: could not import 'extra.release': No module named 'tomli'")</skipped></testcase><testcase classname="test.autotag.test_distance.TestDistance" name="test_add" file="test\autotag\test_distance.py" line="30" time="0.058" /><testcase classname="test.autotag.test_distance.TestDistance" name="test_add_methods['equality'-[(('ghi', ['abc', 'def', 'ghi']), [0.0]), (('xyz', ['abc', 'def', 'ghi']), [0.0, 1.0]), (('abc', re.compile('ABC', re.IGNORECASE)), [0.0, 1.0, 0.0])]]" file="test\autotag\test_distance.py" line="35" time="0.003" /><testcase classname="test.autotag.test_distance.TestDistance" name="test_add_methods['expr'-[((True,), [1.0]), ((False,), [1.0, 0.0])]]" file="test\autotag\test_distance.py" line="35" time="0.002" /><testcase classname="test.autotag.test_distance.TestDistance" name="test_add_methods['number'-[((1, 1), [0.0]), ((1, 2), [0.0, 1.0]), ((2, 1), [0.0, 1.0, 1.0]), ((-1, 2), [0.0, 1.0, 1.0, 1.0, 1.0, 1.0])]]" file="test\autotag\test_distance.py" line="35" time="0.003" /><testcase classname="test.autotag.test_distance.TestDistance" name="test_add_methods['priority'-[(('abc', 'abc'), [0.0]), (('def', ['abc', 'def']), [0.0, 0.5]), (('gh', ['ab', 'cd', 'ef', re.compile('GH', re.IGNORECASE)]), [0.0, 0.5, 0.75]), (('xyz', ['abc', 'def']), [0.0, 0.5, 0.75, 1.0])]]" file="test\autotag\test_distance.py" line="35" time="0.002" /><testcase classname="test.autotag.test_distance.TestDistance" name="test_add_methods['ratio'-[((25, 100), [0.25]), ((10, 5), [0.25, 1.0]), ((-5, 5), [0.25, 1.0, 0.0]), ((5, 0), [0.25, 1.0, 0.0, 0.0])]]" file="test\autotag\test_distance.py" line="35" time="0.002" /><testcase classname="test.autotag.test_distance.TestDistance" name="test_add_methods['string'-[(('abc', 'bcd'), [0.6666666666666666]), (('abc', None), [0.6666666666666666, 1]), ((None, None), [0.6666666666666666, 1, 0])]]" file="test\autotag\test_distance.py" line="35" time="0.007" /><testcase classname="test.autotag.test_distance.TestDistance" name="test_distance" file="test\autotag\test_distance.py" line="90" time="0.003" /><testcase classname="test.autotag.test_distance.TestDistance" name="test_operators" file="test\autotag\test_distance.py" line="102" time="0.003" /><testcase classname="test.autotag.test_distance.TestDistance" name="test_penalties_sort" file="test\autotag\test_distance.py" line="116" time="0.002" /><testcase classname="test.autotag.test_distance.TestDistance" name="test_generic_penalty_keys_excludes_zero_penalties" file="test\autotag\test_distance.py" line="127" time="0.003" /><testcase classname="test.autotag.test_distance.TestDistance" name="test_update" file="test\autotag\test_distance.py" line="133" time="0.003" /><testcase classname="test.autotag.test_distance.TestTrackDistance" name="test_track_distance[identical]" file="test\autotag\test_distance.py" line="156" time="0.003" /><testcase classname="test.autotag.test_distance.TestTrackDistance" name="test_track_distance[tolerate-va]" file="test\autotag\test_distance.py" line="156" time="0.005" /><testcase classname="test.autotag.test_distance.TestTrackDistance" name="test_track_distance[different-artist]" file="test\autotag\test_distance.py" line="156" time="0.004" /><testcase classname="test.autotag.test_distance.TestTrackDistance" name="test_track_distance[different-title]" file="test\autotag\test_distance.py" line="156" time="0.003" /><testcase classname="test.autotag.test_distance.TestAlbumDistance" name="test_identical_albums" file="test\autotag\test_distance.py" line="210" time="0.007" /><testcase classname="test.autotag.test_distance.TestAlbumDistance" name="test_incomplete_album" file="test\autotag\test_distance.py" line="213" time="0.006" /><testcase classname="test.autotag.test_distance.TestAlbumDistance" name="test_overly_complete_album" file="test\autotag\test_distance.py" line="218" time="0.005" /><testcase classname="test.autotag.test_distance.TestAlbumDistance" name="test_albumartist[True]" file="test\autotag\test_distance.py" line="225" time="0.006" /><testcase classname="test.autotag.test_distance.TestAlbumDistance" name="test_albumartist[False]" file="test\autotag\test_distance.py" line="225" time="0.005" /><testcase classname="test.autotag.test_distance.TestAlbumDistance" name="test_comp_no_track_artists" file="test\autotag\test_distance.py" line="232" time="0.005" /><testcase classname="test.autotag.test_distance.TestAlbumDistance" name="test_comp_track_artists_do_not_match" file="test\autotag\test_distance.py" line="241" time="0.006" /><testcase classname="test.autotag.test_distance.TestAlbumDistance" name="test_tracks_out_of_order" file="test\autotag\test_distance.py" line="247" time="0.004" /><testcase classname="test.autotag.test_distance.TestAlbumDistance" name="test_two_medium_release" file="test\autotag\test_distance.py" line="253" time="0.008" /><testcase classname="test.autotag.test_distance.TestStringDistance" name="test_matching_distance['Some String'-'Some String']" file="test\autotag\test_distance.py" line="262" time="0.002" /><testcase classname="test.autotag.test_distance.TestStringDistance" name="test_matching_distance['Some String'-'Some.String!']" file="test\autotag\test_distance.py" line="262" time="0.001" /><testcase classname="test.autotag.test_distance.TestStringDistance" name="test_matching_distance['Some String'-'sOME sTring']" file="test\autotag\test_distance.py" line="262" time="0.002" /><testcase classname="test.autotag.test_distance.TestStringDistance" name="test_matching_distance['My Song (EP)'-'My Song']" file="test\autotag\test_distance.py" line="262" time="0.002" /><testcase classname="test.autotag.test_distance.TestStringDistance" name="test_matching_distance['The Song Title'-'Song Title, The']" file="test\autotag\test_distance.py" line="262" time="0.002" /><testcase classname="test.autotag.test_distance.TestStringDistance" name="test_matching_distance['A Song Title'-'Song Title, A']" file="test\autotag\test_distance.py" line="262" time="0.001" /><testcase classname="test.autotag.test_distance.TestStringDistance" name="test_matching_distance['An Album Title'-'Album Title, An']" file="test\autotag\test_distance.py" line="262" time="0.002" /><testcase classname="test.autotag.test_distance.TestStringDistance" name="test_matching_distance[''-'']" file="test\autotag\test_distance.py" line="262" time="0.002" /><testcase classname="test.autotag.test_distance.TestStringDistance" name="test_matching_distance['Untitled'-'[Untitled]']" file="test\autotag\test_distance.py" line="262" time="0.002" /><testcase classname="test.autotag.test_distance.TestStringDistance" name="test_matching_distance['And'-'&amp;']" file="test\autotag\test_distance.py" line="262" time="0.001" /><testcase classname="test.autotag.test_distance.TestStringDistance" name="test_matching_distance['éáñ'-'ean']" file="test\autotag\test_distance.py" line="262" time="0.005" /><testcase classname="test.autotag.test_distance.TestStringDistance" name="test_different_distance" file="test\autotag\test_distance.py" line="281" time="0.002" /><testcase classname="test.autotag.test_distance.TestStringDistance" name="test_relative_weights['XXX Band Name'-'The Band Name'-'Band Name']" file="test\autotag\test_distance.py" line="284" time="0.003" /><testcase classname="test.autotag.test_distance.TestStringDistance" name="test_relative_weights['One .Two.'-'One (Two)'-'One']" file="test\autotag\test_distance.py" line="284" time="0.002" /><testcase classname="test.autotag.test_distance.TestStringDistance" name="test_relative_weights['One .Two.'-'One [Two]'-'One']" file="test\autotag\test_distance.py" line="284" time="0.002" /><testcase classname="test.autotag.test_distance.TestStringDistance" name="test_relative_weights['My Song blah Someone'-'My Song feat Someone'-'My Song']" file="test\autotag\test_distance.py" line="284" time="0.003" /><testcase classname="test.autotag.test_distance.TestStringDistance" name="test_solo_pattern" file="test\autotag\test_distance.py" line="296" time="0.001" /><testcase classname="test.autotag.test_distance.TestDataSourceDistance" name="test_distance[match]" file="test\autotag\test_distance.py" line="340" time="0.005" /><testcase classname="test.autotag.test_distance.TestDataSourceDistance" name="test_distance[mismatch0]" file="test\autotag\test_distance.py" line="340" time="0.005" /><testcase classname="test.autotag.test_distance.TestDataSourceDistance" name="test_distance[mismatch1]" file="test\autotag\test_distance.py" line="340" time="0.004" /><testcase classname="test.autotag.test_distance.TestDataSourceDistance" name="test_distance[mismatch-unknown]" file="test\autotag\test_distance.py" line="340" time="0.005" /><testcase classname="test.autotag.test_distance.TestDataSourceDistance" name="test_distance[mismatch-no-info]" file="test\autotag\test_distance.py" line="340" time="0.004" /><testcase classname="test.autotag.test_distance.TestDataSourceDistance" name="test_distance[mismatch-no-original-multiple-sources]" file="test\autotag\test_distance.py" line="340" time="0.005" /><testcase classname="test.autotag.test_distance.TestDataSourceDistance" name="test_distance[match-no-original-but-single-source]" file="test\autotag\test_distance.py" line="340" time="0.006" /><testcase classname="test.autotag.test_distance.TestDataSourceDistance" name="test_distance[match-unknown]" file="test\autotag\test_distance.py" line="340" time="0.004" /><testcase classname="test.autotag.test_distance.TestDataSourceDistance" name="test_distance[mismatch-max-penalty]" file="test\autotag\test_distance.py" line="340" time="0.004" /><testcase classname="test.autotag.test_distance.TestDataSourceDistance" name="test_distance[mismatch-high-weight]" file="test\autotag\test_distance.py" line="340" time="0.005" /><testcase classname="test.autotag.test_distance.TestDataSourceDistance" name="test_distance[match-no-penalty]" file="test\autotag\test_distance.py" line="340" time="0.004" /><testcase classname="test.autotag.test_distance.TestDataSourceDistance" name="test_distance[match-no-weight]" file="test\autotag\test_distance.py" line="340" time="0.007" /><testcase classname="test.autotag.test_hooks.TestLegacyStringField" name="test_init_info[str value only, warning raised]" file="test\autotag\test_hooks.py" line="69" time="0.003" /><testcase classname="test.autotag.test_hooks.TestLegacyStringField" name="test_init_info[str value only and split, warning raised]" file="test\autotag\test_hooks.py" line="69" time="0.002" /><testcase classname="test.autotag.test_hooks.TestLegacyStringField" name="test_init_info[list value wins, warning raised]" file="test\autotag\test_hooks.py" line="69" time="0.003" /><testcase classname="test.autotag.test_hooks.TestLegacyStringField" name="test_init_info[no str value, no warning]" file="test\autotag\test_hooks.py" line="69" time="0.002" /><testcase classname="test.autotag.test_hooks.TestLegacyStringField" name="test_set_str_value[str value only, warning raised]" file="test\autotag\test_hooks.py" line="79" time="0.002" /><testcase classname="test.autotag.test_hooks.TestLegacyStringField" name="test_set_str_value[str value only and split, warning raised]" file="test\autotag\test_hooks.py" line="79" time="0.002" /><testcase classname="test.autotag.test_hooks.TestLegacyStringField" name="test_set_str_value[list value wins, warning raised]" file="test\autotag\test_hooks.py" line="79" time="0.003" /><testcase classname="test.autotag.test_hooks.TestLegacyStringField" name="test_set_str_value[no str value, no warning]" file="test\autotag\test_hooks.py" line="79" time="0.002" /><testcase classname="test.autotag.test_hooks.ApplyTest" name="test_artist_credit_falls_back_to_albumartist" file="test\autotag\test_hooks.py" line="263" time="0.063" /><testcase classname="test.autotag.test_hooks.ApplyTest" name="test_artist_credit_prefers_artist_over_albumartist_credit" file="test\autotag\test_hooks.py" line="256" time="0.050" /><testcase classname="test.autotag.test_hooks.ApplyTest" name="test_autotag_items" file="test\autotag\test_hooks.py" line="236" time="0.052" /><testcase classname="test.autotag.test_hooks.ApplyTest" name="test_date_only_zeroes_month_and_day" file="test\autotag\test_hooks.py" line="270" time="0.046" /><testcase classname="test.autotag.test_hooks.ApplyTest" name="test_missing_date_applies_nothing" file="test\autotag\test_hooks.py" line="280" time="0.047" /><testcase classname="test.autotag.test_hooks.ApplyTest" name="test_original_date_overrides_album_metadata" file="test\autotag\test_hooks.py" line="290" time="0.065" /><testcase classname="test.autotag.test_hooks.ApplyTest" name="test_per_disc_numbering" file="test\autotag\test_hooks.py" line="248" time="0.049" /><testcase classname="test.autotag.test_hooks.TestFromScratch" name="test_album_match_clears_stale_metadata" file="test\autotag\test_hooks.py" line="323" time="0.038" /><testcase classname="test.autotag.test_hooks.TestFromScratch" name="test_singleton_match_clears_stale_metadata" file="test\autotag\test_hooks.py" line="331" time="0.008" /><testcase classname="test.autotag.test_hooks.TestOverwriteNull" name="test_album[overwrite artist]" file="test\autotag\test_hooks.py" line="362" time="0.007" /><testcase classname="test.autotag.test_hooks.TestOverwriteNull" name="test_album[do not overwrite artist]" file="test\autotag\test_hooks.py" line="362" time="0.007" /><testcase classname="test.autotag.test_hooks.TestOverwriteNull" name="test_singleton[overwrite artist]" file="test\autotag\test_hooks.py" line="371" time="0.003" /><testcase classname="test.autotag.test_hooks.TestOverwriteNull" name="test_singleton[do not overwrite artist]" file="test\autotag\test_hooks.py" line="371" time="0.004" /><testcase classname="test.autotag.test_hooks" name="test_correct_list_fields[None-[]-(None, [])-'albumtype'-'albumtypes']" file="test\autotag\test_hooks.py" line="379" time="0.002" /><testcase classname="test.autotag.test_hooks" name="test_correct_list_fields[None-[]-(None, [])-'artist'-'artists']" file="test\autotag\test_hooks.py" line="379" time="0.002" /><testcase classname="test.autotag.test_hooks" name="test_correct_list_fields[None-[]-(None, [])-'artist_credit'-'artists_credit']" file="test\autotag\test_hooks.py" line="379" time="0.002" /><testcase classname="test.autotag.test_hooks" name="test_correct_list_fields[None-[]-(None, [])-'artist_id'-'artists_ids']" file="test\autotag\test_hooks.py" line="379" time="0.002" /><testcase classname="test.autotag.test_hooks" name="test_correct_list_fields[None-[]-(None, [])-'artist_sort'-'artists_sort']" file="test\autotag\test_hooks.py" line="379" time="0.004" /><testcase classname="test.autotag.test_hooks" name="test_correct_list_fields[None-['1']-('1', ['1'])-'albumtype'-'albumtypes']" file="test\autotag\test_hooks.py" line="379" time="0.002" /><testcase classname="test.autotag.test_hooks" name="test_correct_list_fields[None-['1']-('1', ['1'])-'artist'-'artists']" file="test\autotag\test_hooks.py" line="379" time="0.002" /><testcase classname="test.autotag.test_hooks" name="test_correct_list_fields[None-['1']-('1', ['1'])-'artist_credit'-'artists_credit']" file="test\autotag\test_hooks.py" line="379" time="0.002" /><testcase classname="test.autotag.test_hooks" name="test_correct_list_fields[None-['1']-('1', ['1'])-'artist_id'-'artists_ids']" file="test\autotag\test_hooks.py" line="379" time="0.003" /><testcase classname="test.autotag.test_hooks" name="test_correct_list_fields[None-['1']-('1', ['1'])-'artist_sort'-'artists_sort']" file="test\autotag\test_hooks.py" line="379" time="0.002" /><testcase classname="test.autotag.test_hooks" name="test_correct_list_fields[None-['1', '2']-('1', ['1', '2'])-'albumtype'-'albumtypes']" file="test\autotag\test_hooks.py" line="379" time="0.002" /><testcase classname="test.autotag.test_hooks" name="test_correct_list_fields[None-['1', '2']-('1', ['1', '2'])-'artist'-'artists']" file="test\autotag\test_hooks.py" line="379" time="0.002" /><testcase classname="test.autotag.test_hooks" name="test_correct_list_fields[None-['1', '2']-('1', ['1', '2'])-'artist_credit'-'artists_credit']" file="test\autotag\test_hooks.py" line="379" time="0.002" /><testcase classname="test.autotag.test_hooks" name="test_correct_list_fields[None-['1', '2']-('1', ['1', '2'])-'artist_id'-'artists_ids']" file="test\autotag\test_hooks.py" line="379" time="0.003" /><testcase classname="test.autotag.test_hooks" name="test_correct_list_fields[None-['1', '2']-('1', ['1', '2'])-'artist_sort'-'artists_sort']" file="test\autotag\test_hooks.py" line="379" time="0.002" /><testcase classname="test.autotag.test_hooks" name="test_correct_list_fields['1'-[]-('1', ['1'])-'albumtype'-'albumtypes']" file="test\autotag\test_hooks.py" line="379" time="0.002" /><testcase classname="test.autotag.test_hooks" name="test_correct_list_fields['1'-[]-('1', ['1'])-'artist'-'artists']" file="test\autotag\test_hooks.py" line="379" time="0.002" /><testcase classname="test.autotag.test_hooks" name="test_correct_list_fields['1'-[]-('1', ['1'])-'artist_credit'-'artists_credit']" file="test\autotag\test_hooks.py" line="379" time="0.003" /><testcase classname="test.autotag.test_hooks" name="test_correct_list_fields['1'-[]-('1', ['1'])-'artist_id'-'artists_ids']" file="test\autotag\test_hooks.py" line="379" time="0.002" /><testcase classname="test.autotag.test_hooks" name="test_correct_list_fields['1'-[]-('1', ['1'])-'artist_sort'-'artists_sort']" file="test\autotag\test_hooks.py" line="379" time="0.002" /><testcase classname="test.autotag.test_hooks" name="test_correct_list_fields['1'-['1']-('1', ['1'])-'albumtype'-'albumtypes']" file="test\autotag\test_hooks.py" line="379" time="0.002" /><testcase classname="test.autotag.test_hooks" name="test_correct_list_fields['1'-['1']-('1', ['1'])-'artist'-'artists']" file="test\autotag\test_hooks.py" line="379" time="0.002" /><testcase classname="test.autotag.test_hooks" name="test_correct_list_fields['1'-['1']-('1', ['1'])-'artist_credit'-'artists_credit']" file="test\autotag\test_hooks.py" line="379" time="0.002" /><testcase classname="test.autotag.test_hooks" name="test_correct_list_fields['1'-['1']-('1', ['1'])-'artist_id'-'artists_ids']" file="test\autotag\test_hooks.py" line="379" time="0.002" /><testcase classname="test.autotag.test_hooks" name="test_correct_list_fields['1'-['1']-('1', ['1'])-'artist_sort'-'artists_sort']" file="test\autotag\test_hooks.py" line="379" time="0.002" /><testcase classname="test.autotag.test_hooks" name="test_correct_list_fields['1'-['1', '2']-('1', ['1', '2'])-'albumtype'-'albumtypes']" file="test\autotag\test_hooks.py" line="379" time="0.003" /><testcase classname="test.autotag.test_hooks" name="test_correct_list_fields['1'-['1', '2']-('1', ['1', '2'])-'artist'-'artists']" file="test\autotag\test_hooks.py" line="379" time="0.003" /><testcase classname="test.autotag.test_hooks" name="test_correct_list_fields['1'-['1', '2']-('1', ['1', '2'])-'artist_credit'-'artists_credit']" file="test\autotag\test_hooks.py" line="379" time="0.002" /><testcase classname="test.autotag.test_hooks" name="test_correct_list_fields['1'-['1', '2']-('1', ['1', '2'])-'artist_id'-'artists_ids']" file="test\autotag\test_hooks.py" line="379" time="0.002" /><testcase classname="test.autotag.test_hooks" name="test_correct_list_fields['1'-['1', '2']-('1', ['1', '2'])-'artist_sort'-'artists_sort']" file="test\autotag\test_hooks.py" line="379" time="0.002" /><testcase classname="test.autotag.test_hooks" name="test_correct_list_fields['1'-['2', '1']-('1', ['1', '2'])-'albumtype'-'albumtypes']" file="test\autotag\test_hooks.py" line="379" time="0.002" /><testcase classname="test.autotag.test_hooks" name="test_correct_list_fields['1'-['2', '1']-('1', ['1', '2'])-'artist'-'artists']" file="test\autotag\test_hooks.py" line="379" time="0.002" /><testcase classname="test.autotag.test_hooks" name="test_correct_list_fields['1'-['2', '1']-('1', ['1', '2'])-'artist_credit'-'artists_credit']" file="test\autotag\test_hooks.py" line="379" time="0.002" /><testcase classname="test.autotag.test_hooks" name="test_correct_list_fields['1'-['2', '1']-('1', ['1', '2'])-'artist_id'-'artists_ids']" file="test\autotag\test_hooks.py" line="379" time="0.002" /><testcase classname="test.autotag.test_hooks" name="test_correct_list_fields['1'-['2', '1']-('1', ['1', '2'])-'artist_sort'-'artists_sort']" file="test\autotag\test_hooks.py" line="379" time="0.002" /><testcase classname="test.autotag.test_hooks" name="test_correct_list_fields['1'-['2']-('1', ['1', '2'])-'albumtype'-'albumtypes']" file="test\autotag\test_hooks.py" line="379" time="0.003" /><testcase classname="test.autotag.test_hooks" name="test_correct_list_fields['1'-['2']-('1', ['1', '2'])-'artist'-'artists']" file="test\autotag\test_hooks.py" line="379" time="0.002" /><testcase classname="test.autotag.test_hooks" name="test_correct_list_fields['1'-['2']-('1', ['1', '2'])-'artist_credit'-'artists_credit']" file="test\autotag\test_hooks.py" line="379" time="0.002" /><testcase classname="test.autotag.test_hooks" name="test_correct_list_fields['1'-['2']-('1', ['1', '2'])-'artist_id'-'artists_ids']" file="test\autotag\test_hooks.py" line="379" time="0.002" /><testcase classname="test.autotag.test_hooks" name="test_correct_list_fields['1'-['2']-('1', ['1', '2'])-'artist_sort'-'artists_sort']" file="test\autotag\test_hooks.py" line="379" time="0.002" /><testcase classname="test.autotag.test_hooks" name="test_correct_list_fields['1 ft 2'-['1', '1 ft 2']-('1 ft 2', ['1 ft 2', '1'])-'albumtype'-'albumtypes']" file="test\autotag\test_hooks.py" line="379" time="0.002" /><testcase classname="test.autotag.test_hooks" name="test_correct_list_fields['1 ft 2'-['1', '1 ft 2']-('1 ft 2', ['1 ft 2', '1'])-'artist'-'artists']" file="test\autotag\test_hooks.py" line="379" time="0.002" /><testcase classname="test.autotag.test_hooks" name="test_correct_list_fields['1 ft 2'-['1', '1 ft 2']-('1 ft 2', ['1 ft 2', '1'])-'artist_credit'-'artists_credit']" file="test\autotag\test_hooks.py" line="379" time="0.002" /><testcase classname="test.autotag.test_hooks" name="test_correct_list_fields['1 ft 2'-['1', '1 ft 2']-('1 ft 2', ['1 ft 2', '1'])-'artist_id'-'artists_ids']" file="test\autotag\test_hooks.py" line="379" time="0.002" /><testcase classname="test.autotag.test_hooks" name="test_correct_list_fields['1 ft 2'-['1', '1 ft 2']-('1 ft 2', ['1 ft 2', '1'])-'artist_sort'-'artists_sort']" file="test\autotag\test_hooks.py" line="379" time="0.003" /><testcase classname="test.autotag.test_hooks" name="test_correct_list_fields['1 FT 2'-['1', '1 ft 2']-('1 FT 2', ['1', '1 ft 2'])-'albumtype'-'albumtypes']" file="test\autotag\test_hooks.py" line="379" time="0.002" /><testcase classname="test.autotag.test_hooks" name="test_correct_list_fields['1 FT 2'-['1', '1 ft 2']-('1 FT 2', ['1', '1 ft 2'])-'artist'-'artists']" file="test\autotag\test_hooks.py" line="379" time="0.002" /><testcase classname="test.autotag.test_hooks" name="test_correct_list_fields['1 FT 2'-['1', '1 ft 2']-('1 FT 2', ['1', '1 ft 2'])-'artist_credit'-'artists_credit']" file="test\autotag\test_hooks.py" line="379" time="0.002" /><testcase classname="test.autotag.test_hooks" name="test_correct_list_fields['1 FT 2'-['1', '1 ft 2']-('1 FT 2', ['1', '1 ft 2'])-'artist_id'-'artists_ids']" file="test\autotag\test_hooks.py" line="379" time="0.002" /><testcase classname="test.autotag.test_hooks" name="test_correct_list_fields['1 FT 2'-['1', '1 ft 2']-('1 FT 2', ['1', '1 ft 2'])-'artist_sort'-'artists_sort']" file="test\autotag\test_hooks.py" line="379" time="0.002" /><testcase classname="test.autotag.test_hooks" name="test_correct_list_fields['a'-['b', 'A']-('a', ['b', 'A'])-'albumtype'-'albumtypes']" file="test\autotag\test_hooks.py" line="379" time="0.002" /><testcase classname="test.autotag.test_hooks" name="test_correct_list_fields['a'-['b', 'A']-('a', ['b', 'A'])-'artist'-'artists']" file="test\autotag\test_hooks.py" line="379" time="0.002" /><testcase classname="test.autotag.test_hooks" name="test_correct_list_fields['a'-['b', 'A']-('a', ['b', 'A'])-'artist_credit'-'artists_credit']" file="test\autotag\test_hooks.py" line="379" time="0.002" /><testcase classname="test.autotag.test_hooks" name="test_correct_list_fields['a'-['b', 'A']-('a', ['b', 'A'])-'artist_id'-'artists_ids']" file="test\autotag\test_hooks.py" line="379" time="0.003" /><testcase classname="test.autotag.test_hooks" name="test_correct_list_fields['a'-['b', 'A']-('a', ['b', 'A'])-'artist_sort'-'artists_sort']" file="test\autotag\test_hooks.py" line="379" time="0.002" /><testcase classname="test.autotag.test_hooks" name="test_correct_list_fields['1 ft 2'-['2', '1']-('1 ft 2', ['2', '1'])-'albumtype'-'albumtypes']" file="test\autotag\test_hooks.py" line="379" time="0.002" /><testcase classname="test.autotag.test_hooks" name="test_correct_list_fields['1 ft 2'-['2', '1']-('1 ft 2', ['2', '1'])-'artist'-'artists']" file="test\autotag\test_hooks.py" line="379" time="0.002" /><testcase classname="test.autotag.test_hooks" name="test_correct_list_fields['1 ft 2'-['2', '1']-('1 ft 2', ['2', '1'])-'artist_credit'-'artists_credit']" file="test\autotag\test_hooks.py" line="379" time="0.002" /><testcase classname="test.autotag.test_hooks" name="test_correct_list_fields['1 ft 2'-['2', '1']-('1 ft 2', ['2', '1'])-'artist_id'-'artists_ids']" file="test\autotag\test_hooks.py" line="379" time="0.003" /><testcase classname="test.autotag.test_hooks" name="test_correct_list_fields['1 ft 2'-['2', '1']-('1 ft 2', ['2', '1'])-'artist_sort'-'artists_sort']" file="test\autotag\test_hooks.py" line="379" time="0.002" /><testcase classname="test.autotag.test_hooks" name="test_correct_list_fields['a, b and c, d'-['a, b', 'c, d']-('a, b and c, d', ['a, b', 'c, d'])-'albumtype'-'albumtypes']" file="test\autotag\test_hooks.py" line="379" time="0.002" /><testcase classname="test.autotag.test_hooks" name="test_correct_list_fields['a, b and c, d'-['a, b', 'c, d']-('a, b and c, d', ['a, b', 'c, d'])-'artist'-'artists']" file="test\autotag\test_hooks.py" line="379" time="0.002" /><testcase classname="test.autotag.test_hooks" name="test_correct_list_fields['a, b and c, d'-['a, b', 'c, d']-('a, b and c, d', ['a, b', 'c, d'])-'artist_credit'-'artists_credit']" file="test\autotag\test_hooks.py" line="379" time="0.003" /><testcase classname="test.autotag.test_hooks" name="test_correct_list_fields['a, b and c, d'-['a, b', 'c, d']-('a, b and c, d', ['a, b', 'c, d'])-'artist_id'-'artists_ids']" file="test\autotag\test_hooks.py" line="379" time="0.002" /><testcase classname="test.autotag.test_hooks" name="test_correct_list_fields['a, b and c, d'-['a, b', 'c, d']-('a, b and c, d', ['a, b', 'c, d'])-'artist_sort'-'artists_sort']" file="test\autotag\test_hooks.py" line="379" time="0.002" /><testcase classname="test.autotag.test_hooks.TestAttrDictCachedPropertyMasking" name="test_inner_error_surfaces_with_original_message" file="test\autotag\test_hooks.py" line="443" time="0.002" /><testcase classname="test.autotag.test_hooks.TestAttrDictCachedPropertyMasking" name="test_cause_chain_is_suppressed" file="test\autotag\test_hooks.py" line="453" time="0.001" /><testcase classname="test.autotag.test_hooks.TestAttrDictCachedPropertyMasking" name="test_traceback_points_at_property_body" file="test\autotag\test_hooks.py" line="466" time="0.002" /><testcase classname="test.autotag.test_hooks.TestAttrDictCachedPropertyMasking" name="test_cached_property_success_returns_value" file="test\autotag\test_hooks.py" line="484" time="0.005" /><testcase classname="test.autotag.test_hooks.TestAttrDictCachedPropertyMasking" name="test_plain_missing_attr_still_raises_attributeerror" file="test\autotag\test_hooks.py" line="493" time="0.004" /><testcase classname="test.autotag.test_hooks.TestAttrDictCachedPropertyMasking" name="test_existing_dict_key_returns_value" file="test\autotag\test_hooks.py" line="498" time="0.026" /><testcase classname="test.autotag.test_match.TestAssignment" name="test_assign_tracks[['one', 'three', 'two']-['one', 'two', 'three']-({'one': 'one', 'two': 'two', 'three': 'three'}, [], [])]" file="test\autotag\test_match.py" line="25" time="0.053" /><testcase classname="test.autotag.test_match.TestAssignment" name="test_assign_tracks[['two', 'three']-['one', 'two', 'three']-({'two': 'two', 'three': 'three'}, [], ['one'])]" file="test\autotag\test_match.py" line="25" time="0.005" /><testcase classname="test.autotag.test_match.TestAssignment" name="test_assign_tracks[['one', 'three']-['one', 'two', 'three']-({'one': 'one', 'three': 'three'}, [], ['two'])]" file="test\autotag\test_match.py" line="25" time="0.005" /><testcase classname="test.autotag.test_match.TestAssignment" name="test_assign_tracks[['one', 'two']-['one', 'two', 'three']-({'one': 'one', 'two': 'two'}, [], ['three'])]" file="test\autotag\test_match.py" line="25" time="0.006" /><testcase classname="test.autotag.test_match.TestAssignment" name="test_assign_tracks[['one', 'three', 'two']-['one', 'three']-({'one': 'one', 'three': 'three'}, ['two'], [])]" file="test\autotag\test_match.py" line="25" time="0.005" /><testcase classname="test.autotag.test_match.TestAssignment" name="test_order_works_when_track_names_are_entirely_wrong" file="test\autotag\test_match.py" line="56" time="0.043" /><testcase classname="test.autotag.test_match.TestTagMultipleDataSources" name="test_search_album_ids" file="test\autotag\test_match.py" line="168" time="0.013" /><testcase classname="test.autotag.test_match.TestTagMultipleDataSources" name="test_search_album_current_id" file="test\autotag\test_match.py" line="173" time="0.016" /><testcase classname="test.autotag.test_match.TestTagMultipleDataSources" name="test_search_track_ids" file="test\autotag\test_match.py" line="178" time="0.005" /><testcase classname="test.autotag.test_match.TestTagMultipleDataSources" name="test_search_track_current_id" file="test\autotag\test_match.py" line="183" time="0.010" /><testcase classname="test.dbcore.test_sort.SortFixedFieldTest" name="test_sort_asc" file="test\dbcore\test_sort.py" line="118" time="0.081" /><testcase classname="test.dbcore.test_sort.SortFixedFieldTest" name="test_sort_desc" file="test\dbcore\test_sort.py" line="130" time="0.080" /><testcase classname="test.dbcore.test_sort.SortFixedFieldTest" name="test_sort_path_field" file="test\dbcore\test_sort.py" line="161" time="0.072" /><testcase classname="test.dbcore.test_sort.SortFixedFieldTest" name="test_sort_two_field_asc" file="test\dbcore\test_sort.py" line="142" time="0.072" /><testcase classname="test.dbcore.test_sort.SortFlexFieldTest" name="test_sort_asc" file="test\dbcore\test_sort.py" line="172" time="0.072" /><testcase classname="test.dbcore.test_sort.SortFlexFieldTest" name="test_sort_desc" file="test\dbcore\test_sort.py" line="184" time="0.074" /><testcase classname="test.dbcore.test_sort.SortFlexFieldTest" name="test_sort_two_field" file="test\dbcore\test_sort.py" line="198" time="0.074" /><testcase classname="test.dbcore.test_sort.SortAlbumFixedFieldTest" name="test_sort_asc" file="test\dbcore\test_sort.py" line="219" time="0.073" /><testcase classname="test.dbcore.test_sort.SortAlbumFixedFieldTest" name="test_sort_desc" file="test\dbcore\test_sort.py" line="231" time="0.074" /><testcase classname="test.dbcore.test_sort.SortAlbumFixedFieldTest" name="test_sort_two_field_asc" file="test\dbcore\test_sort.py" line="243" time="0.069" /><testcase classname="test.dbcore.test_sort.SortAlbumFlexFieldTest" name="test_sort_asc" file="test\dbcore\test_sort.py" line="264" time="0.070" /><testcase classname="test.dbcore.test_sort.SortAlbumFlexFieldTest" name="test_sort_desc" file="test\dbcore\test_sort.py" line="276" time="0.073" /><testcase classname="test.dbcore.test_sort.SortAlbumFlexFieldTest" name="test_sort_two_field_asc" file="test\dbcore\test_sort.py" line="288" time="0.076" /><testcase classname="test.dbcore.test_sort.SortAlbumComputedFieldTest" name="test_sort_asc" file="test\dbcore\test_sort.py" line="309" time="0.083" /><testcase classname="test.dbcore.test_sort.SortAlbumComputedFieldTest" name="test_sort_desc" file="test\dbcore\test_sort.py" line="321" time="0.084" /><testcase classname="test.dbcore.test_sort.SortCombinedFieldTest" name="test_computed_first" file="test\dbcore\test_sort.py" line="335" time="0.082" /><testcase classname="test.dbcore.test_sort.SortCombinedFieldTest" name="test_computed_second" file="test\dbcore\test_sort.py" line="350" time="0.081" /><testcase classname="test.dbcore.test_sort.ConfigSortTest" name="test_config_opposite_sort_album" file="test\dbcore\test_sort.py" line="381" time="0.066" /><testcase classname="test.dbcore.test_sort.ConfigSortTest" name="test_config_opposite_sort_item" file="test\dbcore\test_sort.py" line="372" time="0.068" /><testcase classname="test.dbcore.test_sort.ConfigSortTest" name="test_default_sort_album" file="test\dbcore\test_sort.py" line="377" time="0.068" /><testcase classname="test.dbcore.test_sort.ConfigSortTest" name="test_default_sort_item" file="test\dbcore\test_sort.py" line="368" time="0.070" /><testcase classname="test.dbcore.test_sort.CaseSensitivityTest" name="test_case_sensitive_only_affects_text" file="test\dbcore\test_sort.py" line="468" time="0.082" /><testcase classname="test.dbcore.test_sort.CaseSensitivityTest" name="test_fixed_field_case_insensitive" file="test\dbcore\test_sort.py" line="440" time="0.079" /><testcase classname="test.dbcore.test_sort.CaseSensitivityTest" name="test_fixed_field_case_sensitive" file="test\dbcore\test_sort.py" line="447" time="0.075" /><testcase classname="test.dbcore.test_sort.CaseSensitivityTest" name="test_flex_field_case_insensitive" file="test\dbcore\test_sort.py" line="454" time="0.092" /><testcase classname="test.dbcore.test_sort.CaseSensitivityTest" name="test_flex_field_case_sensitive" file="test\dbcore\test_sort.py" line="461" time="0.087" /><testcase classname="test.dbcore.test_sort.CaseSensitivityTest" name="test_smart_artist_case_insensitive" file="test\dbcore\test_sort.py" line="426" time="0.096" /><testcase classname="test.dbcore.test_sort.CaseSensitivityTest" name="test_smart_artist_case_sensitive" file="test\dbcore\test_sort.py" line="433" time="0.110" /><testcase classname="test.dbcore.test_sort.NonExistingFieldTest" name="test_combined_non_existing_field_asc" file="test\dbcore\test_sort.py" line="493" time="0.086" /><testcase classname="test.dbcore.test_sort.NonExistingFieldTest" name="test_combined_non_existing_field_desc" file="test\dbcore\test_sort.py" line="501" time="0.088" /><testcase classname="test.dbcore.test_sort.NonExistingFieldTest" name="test_field_present_in_some_items" file="test\dbcore\test_sort.py" line="509" time="0.108" /><testcase classname="test.dbcore.test_sort.NonExistingFieldTest" name="test_int_field_present_in_some_items" file="test\dbcore\test_sort.py" line="535" time="0.096" /><testcase classname="test.dbcore.test_sort.NonExistingFieldTest" name="test_negation_interaction" file="test\dbcore\test_sort.py" line="562" time="0.078" /><testcase classname="test.dbcore.test_sort.NonExistingFieldTest" name="test_non_existing_fields_not_fail" file="test\dbcore\test_sort.py" line="483" time="0.128" /><testcase classname="test.library.test_migrations.TestMultiGenreFieldMigration" name="test_migrate" file="test\library\test_migrations.py" line="42" time="0.075" /><testcase classname="test.library.test_migrations.TestMultiRemixerFieldMigration" name="test_migrate" file="test\library\test_migrations.py" line="104" time="0.065" /><testcase classname="test.library.test_migrations.TestMultiLyricistFieldMigration" name="test_migrate" file="test\library\test_migrations.py" line="104" time="0.070" /><testcase classname="test.library.test_migrations.TestMultiComposerFieldMigration" name="test_migrate" file="test\library\test_migrations.py" line="104" time="0.074" /><testcase classname="test.library.test_migrations.TestMultiArrangerFieldMigration" name="test_migrate" file="test\library\test_migrations.py" line="104" time="0.075" /><testcase classname="test.library.test_migrations.TestLyricsMetadataInFlexFieldsMigration" name="test_migrate" file="test\library\test_migrations.py" line="179" time="0.888" /><testcase classname="test.library.test_migrations.TestRelativePathMigration" name="test_migrate" file="test\library\test_migrations.py" line="246" time="0.038" /><testcase classname="test.plugins.test_acousticbrainz.MapDataToSchemeTest" name="test_basic" file="test\plugins\test_acousticbrainz.py" line="25" time="0.003" /><testcase classname="test.plugins.test_acousticbrainz.MapDataToSchemeTest" name="test_composite" file="test\plugins\test_acousticbrainz.py" line="58" time="0.002" /><testcase classname="test.plugins.test_acousticbrainz.MapDataToSchemeTest" name="test_realistic" file="test\plugins\test_acousticbrainz.py" line="65" time="0.016" /><testcase classname="test.plugins.test_acousticbrainz.MapDataToSchemeTest" name="test_recurse" file="test\plugins\test_acousticbrainz.py" line="35" time="0.003" /><testcase classname="test.plugins.test_advancedrewrite.AdvancedRewritePluginTest" name="test_advanced_rewrite_example" file="test\plugins\test_advancedrewrite.py" line="44" time="0.062" /><testcase classname="test.plugins.test_advancedrewrite.AdvancedRewritePluginTest" name="test_advanced_rewrite_example_with_multi_valued_field" file="test\plugins\test_advancedrewrite.py" line="77" time="0.051" /><testcase classname="test.plugins.test_advancedrewrite.AdvancedRewritePluginTest" name="test_combined_rewrite_example" file="test\plugins\test_advancedrewrite.py" line="119" time="0.052" /><testcase classname="test.plugins.test_advancedrewrite.AdvancedRewritePluginTest" name="test_fail_when_replacements_empty" file="test\plugins\test_advancedrewrite.py" line="92" time="0.043" /><testcase classname="test.plugins.test_advancedrewrite.AdvancedRewritePluginTest" name="test_fail_when_rewriting_single_valued_field_with_list" file="test\plugins\test_advancedrewrite.py" line="102" time="0.042" /><testcase classname="test.plugins.test_advancedrewrite.AdvancedRewritePluginTest" name="test_list_field" file="test\plugins\test_advancedrewrite.py" line="38" time="0.046" /><testcase classname="test.plugins.test_advancedrewrite.AdvancedRewritePluginTest" name="test_simple_rewrite_example" file="test\plugins\test_advancedrewrite.py" line="28" time="0.049" /><testcase classname="test.plugins.test_albumtypes.AlbumTypesPluginTest" name="test_ignores_va" file="test\plugins\test_albumtypes.py" line="65" time="0.052" /><testcase classname="test.plugins.test_albumtypes.AlbumTypesPluginTest" name="test_renames_types" file="test\plugins\test_albumtypes.py" line="33" time="0.048" /><testcase classname="test.plugins.test_albumtypes.AlbumTypesPluginTest" name="test_respects_defaults" file="test\plugins\test_albumtypes.py" line="79" time="0.050" /><testcase classname="test.plugins.test_albumtypes.AlbumTypesPluginTest" name="test_respects_type_order" file="test\plugins\test_albumtypes.py" line="54" time="0.049" /><testcase classname="test.plugins.test_albumtypes.AlbumTypesPluginTest" name="test_returns_only_specified_types" file="test\plugins\test_albumtypes.py" line="44" time="0.049" /><testcase classname="test.plugins.test_art.TestFetchImage" name="test_invalid_type_returns_none" file="test\plugins\test_art.py" line="231" time="0.065" /><testcase classname="test.plugins.test_art.TestFetchImage" name="test_jpeg_type_returns_path" file="test\plugins\test_art.py" line="238" time="0.117" /><testcase classname="test.plugins.test_art.TestFetchImage" name="test_extension_set_by_content_type" file="test\plugins\test_art.py" line="245" time="0.053" /><testcase classname="test.plugins.test_art.TestFetchImage" name="test_does_not_rely_on_server_content_type" file="test\plugins\test_art.py" line="254" time="0.048" /><testcase classname="test.plugins.test_art.TestFSArt" name="test_finds_jpg_in_directory" file="test\plugins\test_art.py" line="281" time="0.051" /><testcase classname="test.plugins.test_art.TestFSArt" name="test_appropriately_named_file_takes_precedence" file="test\plugins\test_art.py" line="286" time="0.045" /><testcase classname="test.plugins.test_art.TestFSArt" name="test_non_image_file_not_identified" file="test\plugins\test_art.py" line="294" time="0.043" /><testcase classname="test.plugins.test_art.TestFSArt" name="test_cautious_skips_fallback" file="test\plugins\test_art.py" line="301" time="0.038" /><testcase classname="test.plugins.test_art.TestFSArt" name="test_configured_fallback_is_used" file="test\plugins\test_art.py" line="307" time="0.040" /><testcase classname="test.plugins.test_art.TestFSArt" name="test_empty_dir" file="test\plugins\test_art.py" line="314" time="0.042" /><testcase classname="test.plugins.test_art.TestFSArt" name="test_precedence_amongst_correct_files" file="test\plugins\test_art.py" line="318" time="0.046" /><testcase classname="test.plugins.test_art.TestFSArt" name="test_is_candidate_fallback_os_error" file="test\plugins\test_art.py" line="332" time="0.041" /><testcase classname="test.plugins.test_art.TestCombined" name="test_main_interface_returns_amazon_art" file="test\plugins\test_art.py" line="357" time="0.049" /><testcase classname="test.plugins.test_art.TestCombined" name="test_main_interface_returns_none_for_missing_asin_and_path" file="test\plugins\test_art.py" line="363" time="0.048" /><testcase classname="test.plugins.test_art.TestCombined" name="test_main_interface_gives_precedence_to_fs_art" file="test\plugins\test_art.py" line="368" time="0.046" /><testcase classname="test.plugins.test_art.TestCombined" name="test_main_interface_falls_back_to_amazon" file="test\plugins\test_art.py" line="378" time="0.047" /><testcase classname="test.plugins.test_art.TestCombined" name="test_main_interface_tries_amazon_before_aao" file="test\plugins\test_art.py" line="387" time="0.048" /><testcase classname="test.plugins.test_art.TestCombined" name="test_main_interface_falls_back_to_aao" file="test\plugins\test_art.py" line="398" time="0.133" /><testcase classname="test.plugins.test_art.TestCombined" name="test_main_interface_uses_caa_when_mbid_available" file="test\plugins\test_art.py" line="405" time="0.046" /><testcase classname="test.plugins.test_art.TestCombined" name="test_local_only_does_not_access_network" file="test\plugins\test_art.py" line="430" time="0.038" /><testcase classname="test.plugins.test_art.TestCombined" name="test_local_only_gets_fs_image" file="test\plugins\test_art.py" line="435" time="0.044" /><testcase classname="test.plugins.test_art.TestAAO" name="test_aao_scraper_finds_image" file="test\plugins\test_art.py" line="456" time="0.045" /><testcase classname="test.plugins.test_art.TestAAO" name="test_aao_scraper_returns_no_result_when_no_image_present" file="test\plugins\test_art.py" line="473" time="0.045" /><testcase classname="test.plugins.test_art.TestITunesStore" name="test_itunesstore_finds_image" file="test\plugins\test_art.py" line="497" time="0.043" /><testcase classname="test.plugins.test_art.TestITunesStore" name="test_itunesstore_no_result" file="test\plugins\test_art.py" line="519" time="0.042" /><testcase classname="test.plugins.test_art.TestITunesStore" name="test_itunesstore_requestexception" file="test\plugins\test_art.py" line="535" time="0.043" /><testcase classname="test.plugins.test_art.TestITunesStore" name="test_itunesstore_fallback_match" file="test\plugins\test_art.py" line="550" time="0.043" /><testcase classname="test.plugins.test_art.TestITunesStore" name="test_itunesstore_returns_result_without_artwork" file="test\plugins\test_art.py" line="571" time="0.044" /><testcase classname="test.plugins.test_art.TestITunesStore" name="test_itunesstore_returns_no_result_when_error_received" file="test\plugins\test_art.py" line="595" time="0.046" /><testcase classname="test.plugins.test_art.TestITunesStore" name="test_itunesstore_returns_no_result_with_malformed_response" file="test\plugins\test_art.py" line="611" time="0.041" /><testcase classname="test.plugins.test_art.TestGoogleImage" name="test_google_art_finds_image" file="test\plugins\test_art.py" line="637" time="0.044" /><testcase classname="test.plugins.test_art.TestGoogleImage" name="test_google_art_returns_no_result_when_error_received" file="test\plugins\test_art.py" line="648" time="0.041" /><testcase classname="test.plugins.test_art.TestGoogleImage" name="test_google_art_returns_no_result_with_malformed_response" file="test\plugins\test_art.py" line="661" time="0.042" /><testcase classname="test.plugins.test_art.TestCoverArtArchive" name="test_caa_finds_image" file="test\plugins\test_art.py" line="684" time="0.042" /><testcase classname="test.plugins.test_art.TestCoverArtArchive" name="test_fetchart_uses_caa_pre_sized_maxwidth_thumbs" file="test\plugins\test_art.py" line="697" time="0.043" /><testcase classname="test.plugins.test_art.TestCoverArtArchive" name="test_caa_finds_image_if_maxwidth_is_set_and_thumbnails_is_empty" file="test\plugins\test_art.py" line="716" time="0.044" /><testcase classname="test.plugins.test_art.TestFanartTV" name="test_fanarttv_finds_image" file="test\plugins\test_art.py" line="806" time="0.043" /><testcase classname="test.plugins.test_art.TestFanartTV" name="test_fanarttv_returns_no_result_when_error_received" file="test\plugins\test_art.py" line="816" time="0.043" /><testcase classname="test.plugins.test_art.TestFanartTV" name="test_fanarttv_returns_no_result_with_malformed_response" file="test\plugins\test_art.py" line="828" time="0.043" /><testcase classname="test.plugins.test_art.TestFanartTV" name="test_fanarttv_only_other_images" file="test\plugins\test_art.py" line="840" time="0.040" /><testcase classname="test.plugins.test_art.TestArtImporter" name="test_fetch_art" file="test\plugins\test_art.py" line="918" time="0.077" /><testcase classname="test.plugins.test_art.TestArtImporter" name="test_art_not_found" file="test\plugins\test_art.py" line="922" time="0.051" /><testcase classname="test.plugins.test_art.TestArtImporter" name="test_no_art_for_singleton" file="test\plugins\test_art.py" line="926" time="0.055" /><testcase classname="test.plugins.test_art.TestArtImporter" name="test_leave_original_file_in_place" file="test\plugins\test_art.py" line="930" time="0.061" /><testcase classname="test.plugins.test_art.TestArtImporter" name="test_delete_original_file" file="test\plugins\test_art.py" line="934" time="0.060" /><testcase classname="test.plugins.test_art.TestArtImporter" name="test_do_not_delete_original_if_already_in_place" file="test\plugins\test_art.py" line="943" time="0.060" /><testcase classname="test.plugins.test_art.TestArtImporter" name="test_fetch_art_if_imported_file_deleted" file="test\plugins\test_art.py" line="951" time="0.066" /><testcase classname="test.plugins.test_art.TestAlbumArtOperationConfiguration" name="test_minwidth" file="test\plugins\test_art.py" line="1001" time="0.057" /><testcase classname="test.plugins.test_art.TestAlbumArtOperationConfiguration" name="test_enforce_ratio" file="test\plugins\test_art.py" line="1008" time="0.044" /><testcase classname="test.plugins.test_art.TestAlbumArtOperationConfiguration" name="test_enforce_ratio_with_px_margin" file="test\plugins\test_art.py" line="1015" time="0.044" /><testcase classname="test.plugins.test_art.TestAlbumArtOperationConfiguration" name="test_enforce_ratio_with_percent_margin" file="test\plugins\test_art.py" line="1024" time="0.044" /><testcase classname="test.plugins.test_art.TestAlbumArtPerformOperation" name="test_resize" file="test\plugins\test_art.py" line="1052" time="0.045" /><testcase classname="test.plugins.test_art.TestAlbumArtPerformOperation" name="test_file_resized" file="test\plugins\test_art.py" line="1057" time="0.045" /><testcase classname="test.plugins.test_art.TestAlbumArtPerformOperation" name="test_file_not_resized" file="test\plugins\test_art.py" line="1062" time="0.047" /><testcase classname="test.plugins.test_art.TestAlbumArtPerformOperation" name="test_file_resized_but_not_scaled" file="test\plugins\test_art.py" line="1067" time="0.047" /><testcase classname="test.plugins.test_art.TestAlbumArtPerformOperation" name="test_file_resized_and_scaled" file="test\plugins\test_art.py" line="1073" time="0.049" /><testcase classname="test.plugins.test_art.TestAlbumArtPerformOperation" name="test_deinterlaced" file="test\plugins\test_art.py" line="1079" time="0.043" /><testcase classname="test.plugins.test_art.TestAlbumArtPerformOperation" name="test_not_deinterlaced" file="test\plugins\test_art.py" line="1084" time="0.044" /><testcase classname="test.plugins.test_art.TestAlbumArtPerformOperation" name="test_deinterlaced_and_resized" file="test\plugins\test_art.py" line="1089" time="0.047" /><testcase classname="test.plugins.test_art.TestDeprecatedConfig" name="test_moves_filesystem_to_end" file="test\plugins\test_art.py" line="1111" time="0.004" /><testcase classname="test.plugins.test_art.TestEnforceRatioConfig" name="test_px" file="test\plugins\test_art.py" line="1129" time="0.009" /><testcase classname="test.plugins.test_art.TestEnforceRatioConfig" name="test_percent" file="test\plugins\test_art.py" line="1133" time="0.013" /><testcase classname="test.plugins.test_aura.TestAuraResponse" name="test_tracks" file="test\plugins\test_aura.py" line="125" time="0.084"><error message="failed on setup with &quot;file C:\Users\kendr.DESKTOP-PFVMHSD\Documents\Repositórios\beets\test\plugins\test_aura.py, line 126&#10;      def test_tracks(&#10;file C:\Users\kendr.DESKTOP-PFVMHSD\Documents\Repositórios\beets\test\plugins\test_aura.py, line 61&#10;      @pytest.fixture&#10;      def get_response_data(self, client: Client, item):&#10;E       fixture 'client' not found&#10;&gt;       available fixtures: _other_album_and_item, _session_faker, album, album_document, anyio_backend, anyio_backend_name, anyio_backend_options, app, artist_document, cache, capfd, capfdbinary, caplog, capsys, capsysbinary, capteesys, clear_cached_classproperty, config, cov, doctest_namespace, extra, extras, factoryboy_request, faker, free_tcp_port, free_tcp_port_factory, free_udp_port, free_udp_port_factory, get_response_data, helper, include_metadata_in_junit_xml, io, is_importable, item, metadata, monkeypatch, no_cover, pytestconfig, record_property, record_testsuite_property, record_xml_attribute, recwarn, requests_mock, subtests, tmp_path, tmp_path_factory, tmpdir, tmpdir_factory, track_document&#10;&gt;       use 'pytest --fixtures [testpath]' for help on them.&#10;&#10;C:\Users\kendr.DESKTOP-PFVMHSD\Documents\Repositórios\beets\test\plugins\test_aura.py:61&quot;">file C:\Users\kendr.DESKTOP-PFVMHSD\Documents\Repositórios\beets\test\plugins\test_aura.py, line 126
      def test_tracks(
file C:\Users\kendr.DESKTOP-PFVMHSD\Documents\Repositórios\beets\test\plugins\test_aura.py, line 61
      @pytest.fixture
      def get_response_data(self, client: Client, item):
E       fixture 'client' not found
&gt;       available fixtures: _other_album_and_item, _session_faker, album, album_document, anyio_backend, anyio_backend_name, anyio_backend_options, app, artist_document, cache, capfd, capfdbinary, caplog, capsys, capsysbinary, capteesys, clear_cached_classproperty, config, cov, doctest_namespace, extra, extras, factoryboy_request, faker, free_tcp_port, free_tcp_port_factory, free_udp_port, free_udp_port_factory, get_response_data, helper, include_metadata_in_junit_xml, io, is_importable, item, metadata, monkeypatch, no_cover, pytestconfig, record_property, record_testsuite_property, record_xml_attribute, recwarn, requests_mock, subtests, tmp_path, tmp_path_factory, tmpdir, tmpdir_factory, track_document
&gt;       use 'pytest --fixtures [testpath]' for help on them.

C:\Users\kendr.DESKTOP-PFVMHSD\Documents\Repositórios\beets\test\plugins\test_aura.py:61</error></testcase><testcase classname="test.plugins.test_aura.TestAuraResponse" name="test_artists" file="test\plugins\test_aura.py" line="140" time="0.001"><error message="failed on setup with &quot;file C:\Users\kendr.DESKTOP-PFVMHSD\Documents\Repositórios\beets\test\plugins\test_aura.py, line 141&#10;      def test_artists(&#10;file C:\Users\kendr.DESKTOP-PFVMHSD\Documents\Repositórios\beets\test\plugins\test_aura.py, line 61&#10;      @pytest.fixture&#10;      def get_response_data(self, client: Client, item):&#10;E       fixture 'client' not found&#10;&gt;       available fixtures: _other_album_and_item, _session_faker, album, album_document, anyio_backend, anyio_backend_name, anyio_backend_options, app, artist_document, cache, capfd, capfdbinary, caplog, capsys, capsysbinary, capteesys, clear_cached_classproperty, config, cov, doctest_namespace, extra, extras, factoryboy_request, faker, free_tcp_port, free_tcp_port_factory, free_udp_port, free_udp_port_factory, get_response_data, helper, include_metadata_in_junit_xml, io, is_importable, item, metadata, monkeypatch, no_cover, pytestconfig, record_property, record_testsuite_property, record_xml_attribute, recwarn, requests_mock, subtests, tmp_path, tmp_path_factory, tmpdir, tmpdir_factory, track_document&#10;&gt;       use 'pytest --fixtures [testpath]' for help on them.&#10;&#10;C:\Users\kendr.DESKTOP-PFVMHSD\Documents\Repositórios\beets\test\plugins\test_aura.py:61&quot;">file C:\Users\kendr.DESKTOP-PFVMHSD\Documents\Repositórios\beets\test\plugins\test_aura.py, line 141
      def test_artists(
file C:\Users\kendr.DESKTOP-PFVMHSD\Documents\Repositórios\beets\test\plugins\test_aura.py, line 61
      @pytest.fixture
      def get_response_data(self, client: Client, item):
E       fixture 'client' not found
&gt;       available fixtures: _other_album_and_item, _session_faker, album, album_document, anyio_backend, anyio_backend_name, anyio_backend_options, app, artist_document, cache, capfd, capfdbinary, caplog, capsys, capsysbinary, capteesys, clear_cached_classproperty, config, cov, doctest_namespace, extra, extras, factoryboy_request, faker, free_tcp_port, free_tcp_port_factory, free_udp_port, free_udp_port_factory, get_response_data, helper, include_metadata_in_junit_xml, io, is_importable, item, metadata, monkeypatch, no_cover, pytestconfig, record_property, record_testsuite_property, record_xml_attribute, recwarn, requests_mock, subtests, tmp_path, tmp_path_factory, tmpdir, tmpdir_factory, track_document
&gt;       use 'pytest --fixtures [testpath]' for help on them.

C:\Users\kendr.DESKTOP-PFVMHSD\Documents\Repositórios\beets\test\plugins\test_aura.py:61</error></testcase><testcase classname="test.plugins.test_aura.TestAuraResponse" name="test_albums" file="test\plugins\test_aura.py" line="149" time="0.001"><error message="failed on setup with &quot;file C:\Users\kendr.DESKTOP-PFVMHSD\Documents\Repositórios\beets\test\plugins\test_aura.py, line 150&#10;      def test_albums(&#10;file C:\Users\kendr.DESKTOP-PFVMHSD\Documents\Repositórios\beets\test\plugins\test_aura.py, line 61&#10;      @pytest.fixture&#10;      def get_response_data(self, client: Client, item):&#10;E       fixture 'client' not found&#10;&gt;       available fixtures: _other_album_and_item, _session_faker, album, album_document, anyio_backend, anyio_backend_name, anyio_backend_options, app, artist_document, cache, capfd, capfdbinary, caplog, capsys, capsysbinary, capteesys, clear_cached_classproperty, config, cov, doctest_namespace, extra, extras, factoryboy_request, faker, free_tcp_port, free_tcp_port_factory, free_udp_port, free_udp_port_factory, get_response_data, helper, include_metadata_in_junit_xml, io, is_importable, item, metadata, monkeypatch, no_cover, pytestconfig, record_property, record_testsuite_property, record_xml_attribute, recwarn, requests_mock, subtests, tmp_path, tmp_path_factory, tmpdir, tmpdir_factory, track_document&#10;&gt;       use 'pytest --fixtures [testpath]' for help on them.&#10;&#10;C:\Users\kendr.DESKTOP-PFVMHSD\Documents\Repositórios\beets\test\plugins\test_aura.py:61&quot;">file C:\Users\kendr.DESKTOP-PFVMHSD\Documents\Repositórios\beets\test\plugins\test_aura.py, line 150
      def test_albums(
file C:\Users\kendr.DESKTOP-PFVMHSD\Documents\Repositórios\beets\test\plugins\test_aura.py, line 61
      @pytest.fixture
      def get_response_data(self, client: Client, item):
E       fixture 'client' not found
&gt;       available fixtures: _other_album_and_item, _session_faker, album, album_document, anyio_backend, anyio_backend_name, anyio_backend_options, app, artist_document, cache, capfd, capfdbinary, caplog, capsys, capsysbinary, capteesys, clear_cached_classproperty, config, cov, doctest_namespace, extra, extras, factoryboy_request, faker, free_tcp_port, free_tcp_port_factory, free_udp_port, free_udp_port_factory, get_response_data, helper, include_metadata_in_junit_xml, io, is_importable, item, metadata, monkeypatch, no_cover, pytestconfig, record_property, record_testsuite_property, record_xml_attribute, recwarn, requests_mock, subtests, tmp_path, tmp_path_factory, tmpdir, tmpdir_factory, track_document
&gt;       use 'pytest --fixtures [testpath]' for help on them.

C:\Users\kendr.DESKTOP-PFVMHSD\Documents\Repositórios\beets\test\plugins\test_aura.py:61</error></testcase><testcase classname="test.plugins.test_autobpm.TestAutoBPMPlugin" name="test_command" file="test\plugins\test_autobpm.py" line="23" time="0.001"><skipped type="pytest.skip" message="'librosa' is not installed: TestAutoBPMPlugin::test_command">C:\Users\kendr.DESKTOP-PFVMHSD\Documents\Repositórios\beets\test\plugins\test_autobpm.py:24: 'librosa' is not installed: TestAutoBPMPlugin::test_command</skipped></testcase><testcase classname="test.plugins.test_autobpm.TestAutoBPMPlugin" name="test_command_force" file="test\plugins\test_autobpm.py" line="31" time="0.001"><skipped type="pytest.skip" message="'librosa' is not installed: TestAutoBPMPlugin::test_command_force">C:\Users\kendr.DESKTOP-PFVMHSD\Documents\Repositórios\beets\test\plugins\test_autobpm.py:32: 'librosa' is not installed: TestAutoBPMPlugin::test_command_force</skipped></testcase><testcase classname="test.plugins.test_autobpm.TestAutoBPMPlugin" name="test_command_overwrite" file="test\plugins\test_autobpm.py" line="43" time="0.001"><skipped type="pytest.skip" message="'librosa' is not installed: TestAutoBPMPlugin::test_command_overwrite">C:\Users\kendr.DESKTOP-PFVMHSD\Documents\Repositórios\beets\test\plugins\test_autobpm.py:44: 'librosa' is not installed: TestAutoBPMPlugin::test_command_overwrite</skipped></testcase><testcase classname="test.plugins.test_autobpm.TestAutoBPMPlugin" name="test_command_quiet" file="test\plugins\test_autobpm.py" line="55" time="0.000"><skipped type="pytest.skip" message="'librosa' is not installed: TestAutoBPMPlugin::test_command_quiet">C:\Users\kendr.DESKTOP-PFVMHSD\Documents\Repositórios\beets\test\plugins\test_autobpm.py:56: 'librosa' is not installed: TestAutoBPMPlugin::test_command_quiet</skipped></testcase><testcase classname="test.plugins.test_autobpm.TestAutoBPMPlugin" name="test_import" file="test\plugins\test_autobpm.py" line="67" time="0.001"><skipped type="pytest.skip" message="'librosa' is not installed: TestAutoBPMPlugin::test_import">C:\Users\kendr.DESKTOP-PFVMHSD\Documents\Repositórios\beets\test\plugins\test_autobpm.py:68: 'librosa' is not installed: TestAutoBPMPlugin::test_import</skipped></testcase><testcase classname="test.plugins.test_badfiles.BadFilesPluginTest" name="test_non_quiet_import_calls_prompt" file="test\plugins\test_badfiles.py" line="38" time="0.058" /><testcase classname="test.plugins.test_badfiles.BadFilesPluginTest" name="test_quiet_import_skips_prompt" file="test\plugins\test_badfiles.py" line="27" time="0.043" /><testcase classname="test.plugins.test_bareasc.BareascPluginTest" name="test_bareasc_format_output" file="test\plugins\test_bareasc.py" line="71" time="0.092" /><testcase classname="test.plugins.test_bareasc.BareascPluginTest" name="test_bareasc_list_output" file="test\plugins\test_bareasc.py" line="65" time="0.085" /><testcase classname="test.plugins.test_bareasc.BareascPluginTest" name="test_bareasc_search" file="test\plugins\test_bareasc.py" line="28" time="0.110" /><testcase classname="test.plugins.test_beatport.BeatportTest" name="test_album_name_applied" file="test\plugins\test_beatport.py" line="531" time="0.094" /><testcase classname="test.plugins.test_beatport.BeatportTest" name="test_album_url_applied" file="test\plugins\test_beatport.py" line="543" time="0.086" /><testcase classname="test.plugins.test_beatport.BeatportTest" name="test_bpm_applied" file="test\plugins\test_beatport.py" line="568" time="0.083" /><testcase classname="test.plugins.test_beatport.BeatportTest" name="test_catalog_number_applied" file="test\plugins\test_beatport.py" line="534" time="0.077" /><testcase classname="test.plugins.test_beatport.BeatportTest" name="test_category_applied" file="test\plugins\test_beatport.py" line="540" time="0.085" /><testcase classname="test.plugins.test_beatport.BeatportTest" name="test_genre_applied" file="test\plugins\test_beatport.py" line="576" time="0.085" /><testcase classname="test.plugins.test_beatport.BeatportTest" name="test_initial_key_applied" file="test\plugins\test_beatport.py" line="572" time="0.156" /><testcase classname="test.plugins.test_beatport.BeatportTest" name="test_label_applied" file="test\plugins\test_beatport.py" line="537" time="0.233" /><testcase classname="test.plugins.test_beatport.BeatportTest" name="test_length_applied" file="test\plugins\test_beatport.py" line="555" time="0.109" /><testcase classname="test.plugins.test_beatport.BeatportTest" name="test_mix_name_applied" file="test\plugins\test_beatport.py" line="551" time="0.093" /><testcase classname="test.plugins.test_beatport.BeatportTest" name="test_title_applied" file="test\plugins\test_beatport.py" line="547" time="0.086" /><testcase classname="test.plugins.test_beatport.BeatportTest" name="test_track_url_applied" file="test\plugins\test_beatport.py" line="559" time="0.092" /><testcase classname="test.plugins.test_beatport.BeatportResponseEmptyTest" name="test_genre_empty" file="test\plugins\test_beatport.py" line="631" time="0.002" /><testcase classname="test.plugins.test_beatport.BeatportResponseEmptyTest" name="test_response_tracks_empty" file="test\plugins\test_beatport.py" line="617" time="0.002" /><testcase classname="test.plugins.test_beatport.BeatportResponseEmptyTest" name="test_sub_genre_empty_fallback" file="test\plugins\test_beatport.py" line="622" time="0.002" /><testcase classname="test.plugins.test_bucket.BucketPluginTest" name="test_alpha_all_chars" file="test\plugins\test_bucket.py" line="100" time="0.048" /><testcase classname="test.plugins.test_bucket.BucketPluginTest" name="test_alpha_first_last_chars" file="test\plugins\test_bucket.py" line="105" time="0.049" /><testcase classname="test.plugins.test_bucket.BucketPluginTest" name="test_alpha_out_of_range" file="test\plugins\test_bucket.py" line="111" time="0.044" /><testcase classname="test.plugins.test_bucket.BucketPluginTest" name="test_alpha_regex" file="test\plugins\test_bucket.py" line="118" time="0.042" /><testcase classname="test.plugins.test_bucket.BucketPluginTest" name="test_alpha_regex_mix" file="test\plugins\test_bucket.py" line="129" time="0.044" /><testcase classname="test.plugins.test_bucket.BucketPluginTest" name="test_bad_alpha_range_def" file="test\plugins\test_bucket.py" line="141" time="0.038" /><testcase classname="test.plugins.test_bucket.BucketPluginTest" name="test_bad_year_range_def_no4digits" file="test\plugins\test_bucket.py" line="146" time="0.041" /><testcase classname="test.plugins.test_bucket.BucketPluginTest" name="test_bad_year_range_def_nodigits" file="test\plugins\test_bucket.py" line="153" time="0.038" /><testcase classname="test.plugins.test_bucket.BucketPluginTest" name="test_span_from_str" file="test\plugins\test_bucket.py" line="165" time="0.042" /><testcase classname="test.plugins.test_bucket.BucketPluginTest" name="test_year_multiple_years" file="test\plugins\test_bucket.py" line="65" time="0.040" /><testcase classname="test.plugins.test_bucket.BucketPluginTest" name="test_year_out_of_range" file="test\plugins\test_bucket.py" line="71" time="0.040" /><testcase classname="test.plugins.test_bucket.BucketPluginTest" name="test_year_out_of_range_extrapolate" file="test\plugins\test_bucket.py" line="78" time="0.046" /><testcase classname="test.plugins.test_bucket.BucketPluginTest" name="test_year_single_year" file="test\plugins\test_bucket.py" line="44" time="0.040" /><testcase classname="test.plugins.test_bucket.BucketPluginTest" name="test_year_single_year_last_folder" file="test\plugins\test_bucket.py" line="51" time="0.042" /><testcase classname="test.plugins.test_bucket.BucketPluginTest" name="test_year_two_years" file="test\plugins\test_bucket.py" line="59" time="0.043" /><testcase classname="test.plugins.test_chroma.ChromaTest" name="test_chroma_search_close" file="test\plugins\test_chroma.py" line="77" time="0.063" /><testcase classname="test.plugins.test_chroma.ChromaTest" name="test_chroma_search_exact" file="test\plugins\test_chroma.py" line="65" time="0.064" /><testcase classname="test.plugins.test_chroma.TestChromaCandidates" name="test_candidates_returns_empty_without_musicbrainz" file="test\plugins\test_chroma.py" line="130" time="0.040" /><testcase classname="test.plugins.test_chroma.TestChromaCandidates" name="test_item_candidates_returns_empty_without_musicbrainz" file="test\plugins\test_chroma.py" line="141" time="0.039" /><testcase classname="test.plugins.test_chroma.TestChromaCandidates" name="test_candidates_returns_mb_albums_with_musicbrainz" file="test\plugins\test_chroma.py" line="150" time="0.043" /><testcase classname="test.plugins.test_chroma.TestChromaCandidates" name="test_item_candidates_returns_mb_tracks_with_musicbrainz" file="test\plugins\test_chroma.py" line="172" time="0.036" /><testcase classname="test.plugins.test_convert.TestImportConvert" name="test_import_converted" file="test\plugins\test_convert.py" line="82" time="0.362" /><testcase classname="test.plugins.test_convert.TestImportConvert" name="test_import_original_on_convert_error" file="test\plugins\test_convert.py" line="88" time="0.001"><skipped type="pytest.skip" message="win32">C:\Users\kendr.DESKTOP-PFVMHSD\Documents\Repositórios\beets\test\plugins\test_convert.py:89: win32</skipped></testcase><testcase classname="test.plugins.test_convert.TestImportConvert" name="test_delete_originals" file="test\plugins\test_convert.py" line="98" time="0.260" /><testcase classname="test.plugins.test_convert.TestConvertCli" name="test_convert" file="test\plugins\test_convert.py" line="142" time="1.193" /><testcase classname="test.plugins.test_convert.TestConvertCli" name="test_convert_with_auto_confirmation" file="test\plugins\test_convert.py" line="147" time="0.264" /><testcase classname="test.plugins.test_convert.TestConvertCli" name="test_reject_confirmation" file="test\plugins\test_convert.py" line="151" time="0.164" /><testcase classname="test.plugins.test_convert.TestConvertCli" name="test_convert_keep_new" file="test\plugins\test_convert.py" line="156" time="0.278" /><testcase classname="test.plugins.test_convert.TestConvertCli" name="test_format_option" file="test\plugins\test_convert.py" line="165" time="1.321" /><testcase classname="test.plugins.test_convert.TestConvertCli" name="test_embed_album_art" file="test\plugins\test_convert.py" line="170" time="1.271" /><testcase classname="test.plugins.test_convert.TestConvertCli" name="test_skip_existing" file="test\plugins\test_convert.py" line="183" time="0.184" /><testcase classname="test.plugins.test_convert.TestConvertCli" name="test_pretend" file="test\plugins\test_convert.py" line="190" time="0.191" /><testcase classname="test.plugins.test_convert.TestConvertCli" name="test_empty_query" file="test\plugins\test_convert.py" line="194" time="0.166" /><testcase classname="test.plugins.test_convert.TestConvertCli" name="test_transcode_selection[different-format-high-bitrate]" file="test\plugins\test_convert.py" line="199" time="0.249" /><testcase classname="test.plugins.test_convert.TestConvertCli" name="test_transcode_selection[different-format-low-bitrate]" file="test\plugins\test_convert.py" line="199" time="0.264" /><testcase classname="test.plugins.test_convert.TestConvertCli" name="test_transcode_selection[different-format-no-max-bitrate]" file="test\plugins\test_convert.py" line="199" time="0.248" /><testcase classname="test.plugins.test_convert.TestConvertCli" name="test_transcode_selection[same-format-high-bitrate]" file="test\plugins\test_convert.py" line="199" time="0.219" /><testcase classname="test.plugins.test_convert.TestConvertCli" name="test_transcode_selection[same-format-force]" file="test\plugins\test_convert.py" line="199" time="0.266" /><testcase classname="test.plugins.test_convert.TestConvertCli" name="test_transcode_selection[same-format-low-bitrate]" file="test\plugins\test_convert.py" line="199" time="0.260" /><testcase classname="test.plugins.test_convert.TestConvertCli" name="test_transcode_selection[same-format-no-max-bitrate]" file="test\plugins\test_convert.py" line="199" time="0.208" /><testcase classname="test.plugins.test_convert.TestConvertCli" name="test_playlist" file="test\plugins\test_convert.py" line="227" time="0.261" /><testcase classname="test.plugins.test_convert.TestConvertCli" name="test_playlist_pretend" file="test\plugins\test_convert.py" line="232" time="0.184" /><testcase classname="test.plugins.test_convert.TestConvertCli" name="test_force_overrides[no-covert]" file="test\plugins\test_convert.py" line="236" time="0.299" /><testcase classname="test.plugins.test_convert.TestConvertCli" name="test_force_overrides[never-convert-lossy-files]" file="test\plugins\test_convert.py" line="236" time="0.364" /><testcase classname="test.plugins.test_convert.TestConvertCli" name="test_playlist_entry[config-format]" file="test\plugins\test_convert.py" line="253" time="0.271" /><testcase classname="test.plugins.test_convert.TestConvertCli" name="test_playlist_entry[cli-format]" file="test\plugins\test_convert.py" line="253" time="0.246" /><testcase classname="test.plugins.test_convert.TestConvertCli" name="test_playlist_entry[not-transcoded]" file="test\plugins\test_convert.py" line="253" time="0.189" /><testcase classname="test.plugins.test_convert.TestConvertCli" name="test_playlist_entry[keep-new]" file="test\plugins\test_convert.py" line="253" time="0.263" /><testcase classname="test.plugins.test_convert.TestNeverConvertLossyFiles" name="test_transcode[lossless-converts-flag-on]" file="test\plugins\test_convert.py" line="276" time="0.239" /><testcase classname="test.plugins.test_convert.TestNeverConvertLossyFiles" name="test_transcode[lossless-converts-flag-off]" file="test\plugins\test_convert.py" line="276" time="0.240" /><testcase classname="test.plugins.test_convert.TestNeverConvertLossyFiles" name="test_transcode[lossy-converts-allowed]" file="test\plugins\test_convert.py" line="276" time="0.223" /><testcase classname="test.plugins.test_convert.TestNeverConvertLossyFiles" name="test_transcode[lossy-kept-prevented]" file="test\plugins\test_convert.py" line="276" time="0.179" /><testcase classname="test.plugins.test_convert.TestNoConvert" name="test_no_convert_skip[''-False]" file="test\plugins\test_convert.py" line="314" time="0.074" /><testcase classname="test.plugins.test_convert.TestNoConvert" name="test_no_convert_skip['bitrate:320'-False]" file="test\plugins\test_convert.py" line="314" time="0.047" /><testcase classname="test.plugins.test_convert.TestNoConvert" name="test_no_convert_skip['bitrate:320 format:ogg'-False]" file="test\plugins\test_convert.py" line="314" time="0.045" /><testcase classname="test.plugins.test_convert.TestNoConvert" name="test_no_convert_skip['bitrate:320 , format:ogg'-True]" file="test\plugins\test_convert.py" line="314" time="0.046" /><testcase classname="test.plugins.test_discogs.TestDGAlbumInfo" name="test_parse_media_for_tracks" file="test\plugins\test_discogs.py" line="96" time="0.046" /><testcase classname="test.plugins.test_discogs.TestDGAlbumInfo" name="test_parse_medium_numbers_single_medium" file="test\plugins\test_discogs.py" line="109" time="0.048" /><testcase classname="test.plugins.test_discogs.TestDGAlbumInfo" name="test_parse_medium_numbers_two_mediums" file="test\plugins\test_discogs.py" line="120" time="0.043" /><testcase classname="test.plugins.test_discogs.TestDGAlbumInfo" name="test_parse_medium_numbers_two_mediums_two_sided" file="test\plugins\test_discogs.py" line="131" time="0.045" /><testcase classname="test.plugins.test_discogs.TestDGAlbumInfo" name="test_parse_track_indices" file="test\plugins\test_discogs.py" line="147" time="0.043" /><testcase classname="test.plugins.test_discogs.TestDGAlbumInfo" name="test_parse_track_indices_several_media" file="test\plugins\test_discogs.py" line="159" time="0.048" /><testcase classname="test.plugins.test_discogs.TestDGAlbumInfo" name="test_parse_tracklist_without_sides" file="test\plugins\test_discogs.py" line="180" time="0.047" /><testcase classname="test.plugins.test_discogs.TestDGAlbumInfo" name="test_parse_tracklist_with_sides" file="test\plugins\test_discogs.py" line="188" time="0.052" /><testcase classname="test.plugins.test_discogs.TestDGAlbumInfo" name="test_parse_tracklist_multiple_lp" file="test\plugins\test_discogs.py" line="196" time="0.043" /><testcase classname="test.plugins.test_discogs.TestDGAlbumInfo" name="test_parse_tracklist_multiple_cd" file="test\plugins\test_discogs.py" line="204" time="0.041" /><testcase classname="test.plugins.test_discogs.TestDGAlbumInfo" name="test_parse_tracklist_non_standard" file="test\plugins\test_discogs.py" line="214" time="0.044" /><testcase classname="test.plugins.test_discogs.TestDGAlbumInfo" name="test_parse_tracklist_subtracks_dot" file="test\plugins\test_discogs.py" line="222" time="0.047" /><testcase classname="test.plugins.test_discogs.TestDGAlbumInfo" name="test_parse_tracklist_subtracks_letter" file="test\plugins\test_discogs.py" line="238" time="0.044" /><testcase classname="test.plugins.test_discogs.TestDGAlbumInfo" name="test_parse_tracklist_subtracks_extra_material" file="test\plugins\test_discogs.py" line="254" time="0.041" /><testcase classname="test.plugins.test_discogs.TestDGAlbumInfo" name="test_parse_tracklist_subtracks_indices" file="test\plugins\test_discogs.py" line="262" time="0.038" /><testcase classname="test.plugins.test_discogs.TestDGAlbumInfo" name="test_parse_tracklist_subtracks_nested_logical" file="test\plugins\test_discogs.py" line="276" time="0.038" /><testcase classname="test.plugins.test_discogs.TestDGAlbumInfo" name="test_parse_tracklist_subtracks_nested_physical" file="test\plugins\test_discogs.py" line="293" time="0.048" /><testcase classname="test.plugins.test_discogs.TestDGAlbumInfo" name="test_parse_tracklist_disctitles" file="test\plugins\test_discogs.py" line="311" time="0.047" /><testcase classname="test.plugins.test_discogs.TestDGAlbumInfo" name="test_parse_minimal_release" file="test\plugins\test_discogs.py" line="328" time="0.043" /><testcase classname="test.plugins.test_discogs.TestDGAlbumInfo" name="test_parse_release_without_required_fields" file="test\plugins\test_discogs.py" line="347" time="0.040" /><testcase classname="test.plugins.test_discogs.TestDGAlbumInfo" name="test_default_genre_style_settings" file="test\plugins\test_discogs.py" line="358" time="0.038" /><testcase classname="test.plugins.test_discogs.TestDGAlbumInfo" name="test_append_style_to_genre" file="test\plugins\test_discogs.py" line="366" time="0.044" /><testcase classname="test.plugins.test_discogs.TestDGAlbumInfo" name="test_append_style_to_genre_no_styles" file="test\plugins\test_discogs.py" line="375" time="0.039" /><testcase classname="test.plugins.test_discogs.TestDGAlbumInfo" name="test_strip_disambiguation" file="test\plugins\test_discogs.py" line="385" time="0.042" /><testcase classname="test.plugins.test_discogs.TestDGAlbumInfo" name="test_strip_disambiguation_false" file="test\plugins\test_discogs.py" line="421" time="0.040" /><testcase classname="test.plugins.test_discogs.TestDGSearchQuery" name="test_default_search_filters_without_extra_tags" file="test\plugins\test_discogs.py" line="459" time="0.038" /><testcase classname="test.plugins.test_discogs.TestDGSearchQuery" name="test_extra_tags_populate_discogs_filters" file="test\plugins\test_discogs.py" line="471" time="0.041" /><testcase classname="test.plugins.test_discogs.TestAnv" name="test_track_artist_fields[{'artist': False}-{'artist': 'ARTIST Feat. PERFORMER', 'artists': ['ARTIST', 'PERFORMER']}]" file="test\plugins\test_discogs.py" line="541" time="0.003" /><testcase classname="test.plugins.test_discogs.TestAnv" name="test_track_artist_fields[{'artist': True}-{'artist': 'ART Feat. PERFORMER', 'artists': ['ART', 'PERFORMER']}]" file="test\plugins\test_discogs.py" line="541" time="0.004" /><testcase classname="test.plugins.test_discogs.TestAnv" name="test_artist_credit_fields[{'artist_credit': False}-{'artist_credit': 'DRUMMER, ARTIST &amp; SOLOIST', 'artists_credit': ['DRUMMER', 'ARTIST', 'SOLOIST']}-{'artist_credit': 'ARTIST Feat. PERFORMER', 'artists_credit': ['ARTIST', 'PERFORMER']}]" file="test\plugins\test_discogs.py" line="563" time="0.005" /><testcase classname="test.plugins.test_discogs.TestAnv" name="test_artist_credit_fields[{'artist_credit': True}-{'artist_credit': 'DRUM, ARTY &amp; SOLO', 'artists_credit': ['DRUM', 'ARTY', 'SOLO']}-{'artist_credit': 'ART Feat. PERFORMER', 'artists_credit': ['ART', 'PERFORMER']}]" file="test\plugins\test_discogs.py" line="563" time="0.004" /><testcase classname="test.plugins.test_discogs.TestAnv" name="test_album_artist_fields[{'album_artist': False}-{'artist': 'DRUMMER, ARTIST &amp; SOLOIST', 'artists': ['DRUMMER', 'ARTIST', 'SOLOIST']}]" file="test\plugins\test_discogs.py" line="596" time="0.003" /><testcase classname="test.plugins.test_discogs.TestAnv" name="test_album_artist_fields[{'album_artist': True}-{'artist': 'DRUM, ARTY &amp; SOLO', 'artists': ['DRUM', 'ARTY', 'SOLO']}]" file="test\plugins\test_discogs.py" line="596" time="0.004" /><testcase classname="test.plugins.test_discogs" name="test_anv_album_artist" file="test\plugins\test_discogs.py" line="619" time="0.004" /><testcase classname="test.plugins.test_discogs" name="test_parse_featured_artists" file="test\plugins\test_discogs.py" line="658" time="0.003" /><testcase classname="test.plugins.test_discogs" name="test_parse_extraartist_roles" file="test\plugins\test_discogs.py" line="696" time="0.003" /><testcase classname="test.plugins.test_discogs" name="test_get_media_and_albumtype[None-None-None]" file="test\plugins\test_discogs.py" line="724" time="0.002" /><testcase classname="test.plugins.test_discogs" name="test_get_media_and_albumtype[[{'descriptions': ['7&quot;', 'Single', '45 RPM'], 'name': 'Vinyl', 'qty': 1}]-'Vinyl'-'7&quot;, Single, 45 RPM']" file="test\plugins\test_discogs.py" line="724" time="0.002" /><testcase classname="test
[...]
ed]" file="test\util\test_diff.py" line="27" time="0.005" /><testcase classname="test.util.test_diff.TestFieldDiff" name="test_field_diff_colors[color_enabled-string_full_replace]" file="test\util\test_diff.py" line="27" time="0.003" /><testcase classname="test.util.test_diff.TestFieldDiff" name="test_field_diff_colors[color_enabled-string_partial_change]" file="test\util\test_diff.py" line="27" time="0.004" /><testcase classname="test.util.test_diff.TestFieldDiff" name="test_field_diff_colors[color_enabled-int_changed]" file="test\util\test_diff.py" line="27" time="0.003" /><testcase classname="test.util.test_diff.TestFieldDiff" name="test_field_diff_colors[color_enabled-field_added]" file="test\util\test_diff.py" line="27" time="0.003" /><testcase classname="test.util.test_diff.TestFieldDiff" name="test_field_diff_colors[color_enabled-field_removed]" file="test\util\test_diff.py" line="27" time="0.003" /><testcase classname="test.util.test_diff.TestFieldDiff" name="test_field_diff_colors[color_enabled-formatted_value_changed]" file="test\util\test_diff.py" line="27" time="0.004" /><testcase classname="test.util.test_diff.TestFieldDiff" name="test_field_diff_colors[color_enabled-none_to_value]" file="test\util\test_diff.py" line="27" time="0.003" /><testcase classname="test.util.test_diff.TestFieldDiff" name="test_field_diff_colors[color_enabled-flex_field_added]" file="test\util\test_diff.py" line="27" time="0.003" /><testcase classname="test.util.test_diff.TestFieldDiff" name="test_field_diff_colors[color_enabled-flex_field_removed]" file="test\util\test_diff.py" line="27" time="0.004" /><testcase classname="test.util.test_diff.TestFieldDiff" name="test_field_diff_colors[color_enabled-multi_value_unchanged]" file="test\util\test_diff.py" line="27" time="0.003" /><testcase classname="test.util.test_diff.TestFieldDiff" name="test_field_diff_colors[color_enabled-multi_value_changed]" file="test\util\test_diff.py" line="27" time="0.003" /><testcase classname="test.util.test_diff.TestFieldDiff" name="test_field_diff_no_color[color_disabled]" file="test\util\test_diff.py" line="66" time="0.004" /><testcase classname="test.util.test_id_extractors" name="test_extract_release_id['spotify'-'39WqpoPgZxygo6YQjehLJJ'-'39WqpoPgZxygo6YQjehLJJ']" file="test\util\test_id_extractors.py" line="7" time="0.002" /><testcase classname="test.util.test_id_extractors" name="test_extract_release_id['spotify'-'blah blah'-None]" file="test\util\test_id_extractors.py" line="7" time="0.002" /><testcase classname="test.util.test_id_extractors" name="test_extract_release_id['spotify'-'https://open.spotify.com/album/39WqpoPgZxygo6YQjehLJJ'-'39WqpoPgZxygo6YQjehLJJ']" file="test\util\test_id_extractors.py" line="7" time="0.002" /><testcase classname="test.util.test_id_extractors" name="test_extract_release_id['deezer'-'176356382'-'176356382']" file="test\util\test_id_extractors.py" line="7" time="0.002" /><testcase classname="test.util.test_id_extractors" name="test_extract_release_id['deezer'-'blah blah'-None]" file="test\util\test_id_extractors.py" line="7" time="0.002" /><testcase classname="test.util.test_id_extractors" name="test_extract_release_id['deezer'-'https://www.deezer.com/album/176356382'-'176356382']" file="test\util\test_id_extractors.py" line="7" time="0.002" /><testcase classname="test.util.test_id_extractors" name="test_extract_release_id['beatport'-'3089651'-'3089651']" file="test\util\test_id_extractors.py" line="7" time="0.002" /><testcase classname="test.util.test_id_extractors" name="test_extract_release_id['beatport'-'blah blah'-None]" file="test\util\test_id_extractors.py" line="7" time="0.002" /><testcase classname="test.util.test_id_extractors" name="test_extract_release_id['beatport'-'https://www.beatport.com/release/album-name/3089651'-'3089651']" file="test\util\test_id_extractors.py" line="7" time="0.002" /><testcase classname="test.util.test_id_extractors" name="test_extract_release_id['discogs'-'http://www.discogs.com/G%C3%BCnther-Lause-Meru-Ep/release/4354798'-'4354798']" file="test\util\test_id_extractors.py" line="7" time="0.002" /><testcase classname="test.util.test_id_extractors" name="test_extract_release_id['discogs'-'http://www.discogs.com/release/4354798-G%C3%BCnther-Lause-Meru-Ep'-'4354798']" file="test\util\test_id_extractors.py" line="7" time="0.002" /><testcase classname="test.util.test_id_extractors" name="test_extract_release_id['discogs'-'http://www.discogs.com/G%C3%BCnther-4354798Lause-Meru-Ep/release/4354798'-'4354798']" file="test\util\test_id_extractors.py" line="7" time="0.002" /><testcase classname="test.util.test_id_extractors" name="test_extract_release_id['discogs'-'http://www.discogs.com/release/4354798-G%C3%BCnther-4354798Lause-Meru-Ep/'-'4354798']" file="test\util\test_id_extractors.py" line="7" time="0.001" /><testcase classname="test.util.test_id_extractors" name="test_extract_release_id['discogs'-'[r4354798]'-'4354798']" file="test\util\test_id_extractors.py" line="7" time="0.002" /><testcase classname="test.util.test_id_extractors" name="test_extract_release_id['discogs'-'r4354798'-'4354798']" file="test\util\test_id_extractors.py" line="7" time="0.002" /><testcase classname="test.util.test_id_extractors" name="test_extract_release_id['discogs'-'4354798'-'4354798']" file="test\util\test_id_extractors.py" line="7" time="0.002" /><testcase classname="test.util.test_id_extractors" name="test_extract_release_id['discogs'-'yet-another-metadata-provider.org/foo/12345'-None]" file="test\util\test_id_extractors.py" line="7" time="0.002" /><testcase classname="test.util.test_id_extractors" name="test_extract_release_id['discogs'-'005b84a0-ecd6-39f1-b2f6-6eb48756b268'-None]" file="test\util\test_id_extractors.py" line="7" time="0.002" /><testcase classname="test.util.test_id_extractors" name="test_extract_release_id['musicbrainz'-'28e32c71-1450-463e-92bf-e0a46446fc11'-'28e32c71-1450-463e-92bf-e0a46446fc11']" file="test\util\test_id_extractors.py" line="7" time="0.002" /><testcase classname="test.util.test_id_extractors" name="test_extract_release_id['musicbrainz'-'blah blah'-None]" file="test\util\test_id_extractors.py" line="7" time="0.002" /><testcase classname="test.util.test_id_extractors" name="test_extract_release_id['musicbrainz'-'https://musicbrainz.org/entity/28e32c71-1450-463e-92bf-e0a46446fc11'-'28e32c71-1450-463e-92bf-e0a46446fc11']" file="test\util\test_id_extractors.py" line="7" time="0.002" /><testcase classname="test.util.test_id_extractors" name="test_extract_release_id['bandcamp'-'https://nameofartist.bandcamp.com/album/nameofalbum'-'https://nameofartist.bandcamp.com/album/nameofalbum']" file="test\util\test_id_extractors.py" line="7" time="0.002" /><testcase classname="test.util.test_id_extractors" name="test_extract_release_id['tidal'-'https://tidal.com/browse/album/76699758'-'76699758']" file="test\util\test_id_extractors.py" line="7" time="0.002" /><testcase classname="test.util.test_id_extractors" name="test_extract_release_id['tidal'-'https://tidal.com/track/463928643/u'-'463928643']" file="test\util\test_id_extractors.py" line="7" time="0.002" /><testcase classname="test.util.test_id_extractors" name="test_extract_release_id['tidal'-'blah blah'-None]" file="test\util\test_id_extractors.py" line="7" time="0.002" /><testcase classname="test.util.test_id_extractors" name="test_match_source_url[SourceWithURL(source='spotify', url='https://open.spotify.com/album/39WqpoPgZxygo6YQjehLJJ')-'spotify']" file="test\util\test_id_extractors.py" line="56" time="0.001" /><testcase classname="test.util.test_id_extractors" name="test_match_source_url[SourceWithURL(source='spotify', url='https://open.spotify.com/album/39WqpoPgZxygo6YQjehLJJ')-'deezer']" file="test\util\test_id_extractors.py" line="56" time="0.001" /><testcase classname="test.util.test_id_extractors" name="test_match_source_url[SourceWithURL(source='spotify', url='https://open.spotify.com/album/39WqpoPgZxygo6YQjehLJJ')-'beatport']" file="test\util\test_id_extractors.py" line="56" time="0.001" /><testcase classname="test.util.test_id_extractors" name="test_match_source_url[SourceWithURL(source='spotify', url='https://open.spotify.com/album/39WqpoPgZxygo6YQjehLJJ')-'discogs']" file="test\util\test_id_extractors.py" line="56" time="0.002" /><testcase classname="test.util.test_id_extractors" name="test_match_source_url[SourceWithURL(source='spotify', url='https://open.spotify.com/album/39WqpoPgZxygo6YQjehLJJ')-'musicbrainz']" file="test\util\test_id_extractors.py" line="56" time="0.001" /><testcase classname="test.util.test_id_extractors" name="test_match_source_url[SourceWithURL(source='spotify', url='https://open.spotify.com/album/39WqpoPgZxygo6YQjehLJJ')-'tidal']" file="test\util\test_id_extractors.py" line="56" time="0.001" /><testcase classname="test.util.test_id_extractors" name="test_match_source_url[SourceWithURL(source='deezer', url='https://www.deezer.com/album/176356382')-'spotify']" file="test\util\test_id_extractors.py" line="56" time="0.001" /><testcase classname="test.util.test_id_extractors" name="test_match_source_url[SourceWithURL(source='deezer', url='https://www.deezer.com/album/176356382')-'deezer']" file="test\util\test_id_extractors.py" line="56" time="0.001" /><testcase classname="test.util.test_id_extractors" name="test_match_source_url[SourceWithURL(source='deezer', url='https://www.deezer.com/album/176356382')-'beatport']" file="test\util\test_id_extractors.py" line="56" time="0.002" /><testcase classname="test.util.test_id_extractors" name="test_match_source_url[SourceWithURL(source='deezer', url='https://www.deezer.com/album/176356382')-'discogs']" file="test\util\test_id_extractors.py" line="56" time="0.002" /><testcase classname="test.util.test_id_extractors" name="test_match_source_url[SourceWithURL(source='deezer', url='https://www.deezer.com/album/176356382')-'musicbrainz']" file="test\util\test_id_extractors.py" line="56" time="0.002" /><testcase classname="test.util.test_id_extractors" name="test_match_source_url[SourceWithURL(source='deezer', url='https://www.deezer.com/album/176356382')-'tidal']" file="test\util\test_id_extractors.py" line="56" time="0.002" /><testcase classname="test.util.test_id_extractors" name="test_match_source_url[SourceWithURL(source='beatport', url='https://www.beatport.com/release/album-name/3089651')-'spotify']" file="test\util\test_id_extractors.py" line="56" time="0.002" /><testcase classname="test.util.test_id_extractors" name="test_match_source_url[SourceWithURL(source='beatport', url='https://www.beatport.com/release/album-name/3089651')-'deezer']" file="test\util\test_id_extractors.py" line="56" time="0.002" /><testcase classname="test.util.test_id_extractors" name="test_match_source_url[SourceWithURL(source='beatport', url='https://www.beatport.com/release/album-name/3089651')-'beatport']" file="test\util\test_id_extractors.py" line="56" time="0.002" /><testcase classname="test.util.test_id_extractors" name="test_match_source_url[SourceWithURL(source='beatport', url='https://www.beatport.com/release/album-name/3089651')-'discogs']" file="test\util\test_id_extractors.py" line="56" time="0.001" /><testcase classname="test.util.test_id_extractors" name="test_match_source_url[SourceWithURL(source='beatport', url='https://www.beatport.com/release/album-name/3089651')-'musicbrainz']" file="test\util\test_id_extractors.py" line="56" time="0.001" /><testcase classname="test.util.test_id_extractors" name="test_match_source_url[SourceWithURL(source='beatport', url='https://www.beatport.com/release/album-name/3089651')-'tidal']" file="test\util\test_id_extractors.py" line="56" time="0.002" /><testcase classname="test.util.test_id_extractors" name="test_match_source_url[SourceWithURL(source='discogs', url='http://www.discogs.com/G%C3%BCnther-Lause-Meru-Ep/release/4354798')-'spotify']" file="test\util\test_id_extractors.py" line="56" time="0.002" /><testcase classname="test.util.test_id_extractors" name="test_match_source_url[SourceWithURL(source='discogs', url='http://www.discogs.com/G%C3%BCnther-Lause-Meru-Ep/release/4354798')-'deezer']" file="test\util\test_id_extractors.py" line="56" time="0.002" /><testcase classname="test.util.test_id_extractors" name="test_match_source_url[SourceWithURL(source='discogs', url='http://www.discogs.com/G%C3%BCnther-Lause-Meru-Ep/release/4354798')-'beatport']" file="test\util\test_id_extractors.py" line="56" time="0.001" /><testcase classname="test.util.test_id_extractors" name="test_match_source_url[SourceWithURL(source='discogs', url='http://www.discogs.com/G%C3%BCnther-Lause-Meru-Ep/release/4354798')-'discogs']" file="test\util\test_id_extractors.py" line="56" time="0.002" /><testcase classname="test.util.test_id_extractors" name="test_match_source_url[SourceWithURL(source='discogs', url='http://www.discogs.com/G%C3%BCnther-Lause-Meru-Ep/release/4354798')-'musicbrainz']" file="test\util\test_id_extractors.py" line="56" time="0.002" /><testcase classname="test.util.test_id_extractors" name="test_match_source_url[SourceWithURL(source='discogs', url='http://www.discogs.com/G%C3%BCnther-Lause-Meru-Ep/release/4354798')-'tidal']" file="test\util\test_id_extractors.py" line="56" time="0.002" /><testcase classname="test.util.test_id_extractors" name="test_match_source_url[SourceWithURL(source='musicbrainz', url='https://musicbrainz.org/entity/28e32c71-1450-463e-92bf-e0a46446fc11')-'spotify']" file="test\util\test_id_extractors.py" line="56" time="0.002" /><testcase classname="test.util.test_id_extractors" name="test_match_source_url[SourceWithURL(source='musicbrainz', url='https://musicbrainz.org/entity/28e32c71-1450-463e-92bf-e0a46446fc11')-'deezer']" file="test\util\test_id_extractors.py" line="56" time="0.001" /><testcase classname="test.util.test_id_extractors" name="test_match_source_url[SourceWithURL(source='musicbrainz', url='https://musicbrainz.org/entity/28e32c71-1450-463e-92bf-e0a46446fc11')-'beatport']" file="test\util\test_id_extractors.py" line="56" time="0.001" /><testcase classname="test.util.test_id_extractors" name="test_match_source_url[SourceWithURL(source='musicbrainz', url='https://musicbrainz.org/entity/28e32c71-1450-463e-92bf-e0a46446fc11')-'discogs']" file="test\util\test_id_extractors.py" line="56" time="0.001" /><testcase classname="test.util.test_id_extractors" name="test_match_source_url[SourceWithURL(source='musicbrainz', url='https://musicbrainz.org/entity/28e32c71-1450-463e-92bf-e0a46446fc11')-'musicbrainz']" file="test\util\test_id_extractors.py" line="56" time="0.002" /><testcase classname="test.util.test_id_extractors" name="test_match_source_url[SourceWithURL(source='musicbrainz', url='https://musicbrainz.org/entity/28e32c71-1450-463e-92bf-e0a46446fc11')-'tidal']" file="test\util\test_id_extractors.py" line="56" time="0.002" /><testcase classname="test.util.test_id_extractors" name="test_match_source_url[SourceWithURL(source='tidal', url='https://tidal.com/track/463928643')-'spotify']" file="test\util\test_id_extractors.py" line="56" time="0.002" /><testcase classname="test.util.test_id_extractors" name="test_match_source_url[SourceWithURL(source='tidal', url='https://tidal.com/track/463928643')-'deezer']" file="test\util\test_id_extractors.py" line="56" time="0.002" /><testcase classname="test.util.test_id_extractors" name="test_match_source_url[SourceWithURL(source='tidal', url='https://tidal.com/track/463928643')-'beatport']" file="test\util\test_id_extractors.py" line="56" time="0.001" /><testcase classname="test.util.test_id_extractors" name="test_match_source_url[SourceWithURL(source='tidal', url='https://tidal.com/track/463928643')-'discogs']" file="test\util\test_id_extractors.py" line="56" time="0.002" /><testcase classname="test.util.test_id_extractors" name="test_match_source_url[SourceWithURL(source='tidal', url='https://tidal.com/track/463928643')-'musicbrainz']" file="test\util\test_id_extractors.py" line="56" time="0.002" /><testcase classname="test.util.test_id_extractors" name="test_match_source_url[SourceWithURL(source='tidal', url='https://tidal.com/track/463928643')-'tidal']" file="test\util\test_id_extractors.py" line="56" time="0.001" /><testcase classname="test.util.test_layout.LayoutTestCase" name="test_split_into_lines" file="test\util\test_layout.py" line="6" time="0.002" /><testcase classname="test.util.test_lyrics.TestLyrics" name="test_instrumental_lyrics" file="test\util\test_lyrics.py" line="6" time="0.001" /><testcase classname="test.util.test_lyrics.TestLyrics" name="test_from_legacy_text" file="test\util\test_lyrics.py" line="17" time="0.014" /><testcase classname="test.util.test_pathformats" name="test_get_path_formats" file="test\util\test_pathformats.py" line="3" time="0.042" /><testcase classname="test.util.test_units" name="test_human_bytes[0-'0.0 B']" file="test\util\test_units.py" line="5" time="0.002" /><testcase classname="test.util.test_units" name="test_human_bytes[30-'30.0 B']" file="test\util\test_units.py" line="5" time="0.002" /><testcase classname="test.util.test_units" name="test_human_bytes[1024-'1.0 KiB']" file="test\util\test_units.py" line="5" time="0.002" /><testcase classname="test.util.test_units" name="test_human_bytes[1048576-'1.0 MiB']" file="test\util\test_units.py" line="5" time="0.001" /><testcase classname="test.util.test_units" name="test_human_bytes[1073741824-'1.0 GiB']" file="test\util\test_units.py" line="5" time="0.001" /><testcase classname="test.util.test_units" name="test_human_bytes[1099511627776-'1.0 TiB']" file="test\util\test_units.py" line="5" time="0.001" /><testcase classname="test.util.test_units" name="test_human_bytes[1125899906842624-'1.0 PiB']" file="test\util\test_units.py" line="5" time="0.002" /><testcase classname="test.util.test_units" name="test_human_bytes[1152921504606846976-'1.0 EiB']" file="test\util\test_units.py" line="5" time="0.004" /><testcase classname="test.util.test_units" name="test_human_bytes[1180591620717411303424-'1.0 ZiB']" file="test\util\test_units.py" line="5" time="0.002" /><testcase classname="test.util.test_units" name="test_human_bytes[1208925819614629174706176-'1.0 YiB']" file="test\util\test_units.py" line="5" time="0.002" /><testcase classname="test.util.test_units" name="test_human_bytes[1237940039285380274899124224-'1.0 HiB']" file="test\util\test_units.py" line="5" time="0.004" /><testcase classname="test.util.test_units" name="test_human_bytes[1267650600228229401496703205376-'big']" file="test\util\test_units.py" line="5" time="0.002" /><testcase classname="test.util.test_units" name="test_human_seconds[0-'0.0 seconds']" file="test\util\test_units.py" line="26" time="0.001" /><testcase classname="test.util.test_units" name="test_human_seconds[30-'30.0 seconds']" file="test\util\test_units.py" line="26" time="0.002" /><testcase classname="test.util.test_units" name="test_human_seconds[60-'1.0 minutes']" file="test\util\test_units.py" line="26" time="0.002" /><testcase classname="test.util.test_units" name="test_human_seconds[90-'1.5 minutes']" file="test\util\test_units.py" line="26" time="0.002" /><testcase classname="test.util.test_units" name="test_human_seconds[125-'2.1 minutes']" file="test\util\test_units.py" line="26" time="0.002" /><testcase classname="test.util.test_units" name="test_human_seconds[3600-'1.0 hours']" file="test\util\test_units.py" line="26" time="0.002" /><testcase classname="test.util.test_units" name="test_human_seconds[86400-'1.0 days']" file="test\util\test_units.py" line="26" time="0.002" /><testcase classname="test.util.test_units" name="test_human_seconds[604800-'1.0 weeks']" file="test\util\test_units.py" line="26" time="0.002" /><testcase classname="test.util.test_units" name="test_human_seconds[31449600-'1.0 years']" file="test\util\test_units.py" line="26" time="0.002" /><testcase classname="test.util.test_units" name="test_human_seconds[314496000-'1.0 decades']" file="test\util\test_units.py" line="26" time="0.007" /></testsuite></testsuites>