<?xml version="1.0" ?>
<coverage version="7.14.1" timestamp="1781612695111" lines-valid="19827" lines-covered="14582" line-rate="0.7355" branches-valid="6264" branches-covered="3988" branch-rate="0.6367" complexity="0">
	<!-- Generated by coverage.py: https://coverage.readthedocs.io/en/7.14.1 -->
	<!-- Based on https://raw.githubusercontent.com/cobertura/web/master/htdocs/xml/coverage-04.dtd -->
	<sources>
		<source></source>
		<source>.</source>
	</sources>
	<packages>
		<package name="." line-rate="0" branch-rate="0" complexity="0">
			<classes>
				<class name="extract_metrics_after_codecarbon.py" filename="extract_metrics_after_codecarbon.py" complexity="0" line-rate="0" branch-rate="0">
					<methods/>
					<lines>
						<line number="1" hits="0"/>
						<line number="2" hits="0"/>
						<line number="3" hits="0"/>
						<line number="4" hits="0"/>
						<line number="9" hits="0"/>
						<line number="12" hits="0"/>
						<line number="16" hits="0"/>
						<line number="26" hits="0"/>
						<line number="29" hits="0"/>
						<line number="32" hits="0"/>
						<line number="34" hits="0"/>
						<line number="43" hits="0"/>
						<line number="44" hits="0"/>
						<line number="45" hits="0" branch="true" condition-coverage="0% (0/2)" missing-branches="46,48"/>
						<line number="46" hits="0"/>
						<line number="48" hits="0"/>
						<line number="50" hits="0"/>
						<line number="51" hits="0"/>
						<line number="55" hits="0"/>
						<line number="56" hits="0"/>
						<line number="57" hits="0"/>
						<line number="58" hits="0"/>
						<line number="60" hits="0"/>
						<line number="62" hits="0"/>
						<line number="63" hits="0"/>
						<line number="64" hits="0"/>
						<line number="65" hits="0"/>
						<line number="66" hits="0"/>
					</lines>
				</class>
				<class name="extract_metrics_after_pylint.py" filename="extract_metrics_after_pylint.py" complexity="0" line-rate="0" branch-rate="0">
					<methods/>
					<lines>
						<line number="1" hits="0"/>
						<line number="2" hits="0"/>
						<line number="3" hits="0"/>
						<line number="4" hits="0"/>
						<line number="5" hits="0"/>
						<line number="8" hits="0"/>
						<line number="9" hits="0"/>
						<line number="11" hits="0"/>
						<line number="14" hits="0"/>
						<line number="16" hits="0"/>
						<line number="24" hits="0"/>
						<line number="25" hits="0"/>
						<line number="26" hits="0"/>
						<line number="27" hits="0"/>
						<line number="30" hits="0"/>
						<line number="31" hits="0"/>
						<line number="32" hits="0"/>
						<line number="33" hits="0"/>
						<line number="34" hits="0"/>
						<line number="36" hits="0" branch="true" condition-coverage="0% (0/2)" missing-branches="37,41"/>
						<line number="37" hits="0"/>
						<line number="38" hits="0"/>
						<line number="41" hits="0"/>
						<line number="42" hits="0" branch="true" condition-coverage="0% (0/2)" missing-branches="43,46"/>
						<line number="43" hits="0"/>
						<line number="44" hits="0"/>
						<line number="46" hits="0"/>
						<line number="54" hits="0" branch="true" condition-coverage="0% (0/2)" missing-branches="55,60"/>
						<line number="55" hits="0"/>
						<line number="56" hits="0"/>
						<line number="57" hits="0"/>
						<line number="58" hits="0"/>
						<line number="60" hits="0"/>
						<line number="63" hits="0"/>
						<line number="64" hits="0"/>
						<line number="65" hits="0"/>
						<line number="66" hits="0"/>
						<line number="67" hits="0"/>
						<line number="73" hits="0"/>
						<line number="76" hits="0"/>
						<line number="77" hits="0" branch="true" condition-coverage="0% (0/2)" missing-branches="78,83"/>
						<line number="78" hits="0"/>
						<line number="79" hits="0"/>
						<line number="80" hits="0"/>
						<line number="81" hits="0"/>
						<line number="83" hits="0"/>
						<line number="91" hits="0"/>
						<line number="92" hits="0"/>
						<line number="93" hits="0"/>
						<line number="94" hits="0"/>
						<line number="97" hits="0"/>
						<line number="98" hits="0"/>
						<line number="106" hits="0"/>
						<line number="107" hits="0"/>
						<line number="108" hits="0"/>
						<line number="109" hits="0"/>
						<line number="110" hits="0"/>
						<line number="112" hits="0"/>
					</lines>
				</class>
				<class name="extract_metrics_after_pytest.py" filename="extract_metrics_after_pytest.py" complexity="0" line-rate="0" branch-rate="0">
					<methods/>
					<lines>
						<line number="1" hits="0"/>
						<line number="2" hits="0"/>
						<line number="3" hits="0"/>
						<line number="4" hits="0"/>
						<line number="9" hits="0"/>
						<line number="13" hits="0"/>
						<line number="16" hits="0"/>
						<line number="19" hits="0"/>
						<line number="21" hits="0" branch="true" condition-coverage="0% (0/2)" missing-branches="22,27"/>
						<line number="22" hits="0" branch="true" condition-coverage="0% (0/2)" missing-branches="23,27"/>
						<line number="23" hits="0" branch="true" condition-coverage="0% (0/2)" missing-branches="22,24"/>
						<line number="24" hits="0"/>
						<line number="25" hits="0"/>
						<line number="27" hits="0" branch="true" condition-coverage="0% (0/2)" missing-branches="28,34"/>
						<line number="28" hits="0"/>
						<line number="29" hits="0"/>
						<line number="30" hits="0"/>
						<line number="31" hits="0"/>
						<line number="34" hits="0"/>
						<line number="36" hits="0"/>
						<line number="37" hits="0"/>
						<line number="38" hits="0"/>
						<line number="39" hits="0"/>
						<line number="41" hits="0"/>
						<line number="61" hits="0"/>
						<line number="62" hits="0"/>
						<line number="63" hits="0"/>
						<line number="64" hits="0"/>
						<line number="65" hits="0"/>
						<line number="66" hits="0"/>
						<line number="67" hits="0"/>
						<line number="68" hits="0"/>
					</lines>
				</class>
				<class name="extract_metrics_after_radon.py" filename="extract_metrics_after_radon.py" complexity="0" line-rate="0" branch-rate="0">
					<methods/>
					<lines>
						<line number="1" hits="0"/>
						<line number="2" hits="0"/>
						<line number="3" hits="0"/>
						<line number="4" hits="0"/>
						<line number="6" hits="0"/>
						<line number="7" hits="0"/>
						<line number="10" hits="0"/>
						<line number="11" hits="0"/>
						<line number="12" hits="0"/>
						<line number="14" hits="0"/>
						<line number="15" hits="0"/>
						<line number="16" hits="0"/>
						<line number="17" hits="0"/>
						<line number="18" hits="0"/>
						<line number="19" hits="0"/>
						<line number="20" hits="0"/>
						<line number="21" hits="0"/>
						<line number="24" hits="0"/>
						<line number="25" hits="0"/>
						<line number="27" hits="0"/>
						<line number="28" hits="0"/>
						<line number="29" hits="0"/>
						<line number="30" hits="0"/>
						<line number="31" hits="0"/>
						<line number="32" hits="0"/>
						<line number="33" hits="0"/>
						<line number="34" hits="0"/>
						<line number="36" hits="0"/>
						<line number="38" hits="0"/>
						<line number="42" hits="0"/>
						<line number="45" hits="0"/>
						<line number="46" hits="0"/>
						<line number="47" hits="0"/>
						<line number="48" hits="0"/>
						<line number="49" hits="0"/>
						<line number="50" hits="0"/>
						<line number="53" hits="0" branch="true" condition-coverage="0% (0/2)" missing-branches="54,61"/>
						<line number="54" hits="0"/>
						<line number="61" hits="0"/>
						<line number="62" hits="0"/>
						<line number="63" hits="0" branch="true" condition-coverage="0% (0/2)" missing-branches="64,78"/>
						<line number="64" hits="0" branch="true" condition-coverage="0% (0/2)" missing-branches="65,66"/>
						<line number="65" hits="0"/>
						<line number="66" hits="0"/>
						<line number="76" hits="0" branch="true" condition-coverage="0% (0/2)" missing-branches="63,77"/>
						<line number="77" hits="0"/>
						<line number="78" hits="0"/>
						<line number="80" hits="0"/>
						<line number="82" hits="0" branch="true" condition-coverage="0% (0/2)" missing-branches="83,120"/>
						<line number="83" hits="0"/>
						<line number="84" hits="0" branch="true" condition-coverage="0% (0/2)" missing-branches="85,92"/>
						<line number="85" hits="0"/>
						<line number="86" hits="0" branch="true" condition-coverage="0% (0/2)" missing-branches="87,88"/>
						<line number="87" hits="0"/>
						<line number="88" hits="0"/>
						<line number="89" hits="0"/>
						<line number="90" hits="0"/>
						<line number="92" hits="0" branch="true" condition-coverage="0% (0/2)" missing-branches="93,107"/>
						<line number="93" hits="0"/>
						<line number="94" hits="0"/>
						<line number="95" hits="0"/>
						<line number="107" hits="0"/>
						<line number="120" hits="0"/>
						<line number="122" hits="0" branch="true" condition-coverage="0% (0/2)" missing-branches="123,147"/>
						<line number="123" hits="0"/>
						<line number="125" hits="0"/>
						<line number="126" hits="0"/>
						<line number="127" hits="0" branch="true" condition-coverage="0% (0/2)" missing-branches="128,130"/>
						<line number="128" hits="0"/>
						<line number="129" hits="0"/>
						<line number="130" hits="0"/>
						<line number="132" hits="0" branch="true" condition-coverage="0% (0/2)" missing-branches="122,133"/>
						<line number="133" hits="0"/>
						<line number="134" hits="0"/>
						<line number="135" hits="0" branch="true" condition-coverage="0% (0/2)" missing-branches="136,138"/>
						<line number="136" hits="0"/>
						<line number="137" hits="0"/>
						<line number="138" hits="0"/>
						<line number="140" hits="0"/>
						<line number="141" hits="0" branch="true" condition-coverage="0% (0/2)" missing-branches="142,144"/>
						<line number="142" hits="0"/>
						<line number="143" hits="0"/>
						<line number="144" hits="0"/>
						<line number="147" hits="0"/>
						<line number="149" hits="0" branch="true" condition-coverage="0% (0/2)" missing-branches="150,157"/>
						<line number="150" hits="0"/>
						<line number="151" hits="0" branch="true" condition-coverage="0% (0/2)" missing-branches="152,155"/>
						<line number="152" hits="0"/>
						<line number="153" hits="0"/>
						<line number="154" hits="0"/>
						<line number="155" hits="0"/>
						<line number="157" hits="0"/>
						<line number="160" hits="0"/>
						<line number="161" hits="0" branch="true" condition-coverage="0% (0/2)" missing-branches="162,164"/>
						<line number="162" hits="0"/>
						<line number="163" hits="0"/>
						<line number="164" hits="0" branch="true" condition-coverage="0% (0/2)" missing-branches="165,166"/>
						<line number="165" hits="0"/>
						<line number="166" hits="0"/>
						<line number="167" hits="0"/>
						<line number="168" hits="0"/>
						<line number="169" hits="0"/>
						<line number="170" hits="0"/>
						<line number="171" hits="0"/>
						<line number="173" hits="0"/>
						<line number="174" hits="0"/>
						<line number="175" hits="0"/>
						<line number="176" hits="0"/>
						<line number="177" hits="0"/>
						<line number="178" hits="0"/>
						<line number="180" hits="0"/>
					</lines>
				</class>
				<class name="extract_score_after_pylint.py" filename="extract_score_after_pylint.py" complexity="0" line-rate="0" branch-rate="0">
					<methods/>
					<lines>
						<line number="1" hits="0"/>
						<line number="2" hits="0"/>
						<line number="4" hits="0"/>
						<line number="5" hits="0"/>
						<line number="7" hits="0"/>
						<line number="9" hits="0"/>
						<line number="16" hits="0"/>
						<line number="17" hits="0"/>
						<line number="18" hits="0" branch="true" condition-coverage="0% (0/2)" missing-branches="19,23"/>
						<line number="19" hits="0" branch="true" condition-coverage="0% (0/2)" missing-branches="18,20"/>
						<line number="20" hits="0"/>
						<line number="21" hits="0"/>
						<line number="23" hits="0"/>
					</lines>
				</class>
			</classes>
		</package>
		<package name="beets" line-rate="0.8836" branch-rate="0.6875" complexity="0">
			<classes>
				<class name="__init__.py" filename="beets/__init__.py" complexity="0" line-rate="0.7222" branch-rate="0.5">
					<methods/>
					<lines>
						<line number="16" hits="1"/>
						<line number="18" hits="1"/>
						<line number="20" hits="1"/>
						<line number="22" hits="1"/>
						<line number="23" hits="1"/>
						<line number="26" hits="1"/>
						<line number="28" hits="1"/>
						<line number="33" hits="1"/>
						<line number="38" hits="1"/>
						<line number="39" hits="1"/>
						<line number="41" hits="1"/>
						<line number="42" hits="1" branch="true" condition-coverage="50% (1/2)" missing-branches="43"/>
						<line number="43" hits="0"/>
						<line number="44" hits="0"/>
						<line number="45" hits="0"/>
						<line number="46" hits="0"/>
						<line number="47" hits="0"/>
						<line number="50" hits="1"/>
					</lines>
				</class>
				<class name="__main__.py" filename="beets/__main__.py" complexity="0" line-rate="0" branch-rate="0">
					<methods/>
					<lines>
						<line number="19" hits="0"/>
						<line number="21" hits="0"/>
						<line number="23" hits="0" branch="true" condition-coverage="0% (0/2)" missing-branches="exit,24"/>
						<line number="24" hits="0"/>
					</lines>
				</class>
				<class name="context.py" filename="beets/context.py" complexity="0" line-rate="1" branch-rate="1">
					<methods/>
					<lines>
						<line number="1" hits="1"/>
						<line number="2" hits="1"/>
						<line number="5" hits="1"/>
						<line number="8" hits="1"/>
						<line number="10" hits="1"/>
						<line number="13" hits="1"/>
						<line number="15" hits="1"/>
						<line number="18" hits="1"/>
						<line number="19" hits="1"/>
						<line number="21" hits="1"/>
						<line number="22" hits="1"/>
						<line number="23" hits="1"/>
						<line number="25" hits="1"/>
					</lines>
				</class>
				<class name="exceptions.py" filename="beets/exceptions.py" complexity="0" line-rate="1" branch-rate="1">
					<methods/>
					<lines>
						<line number="1" hits="1"/>
					</lines>
				</class>
				<class name="logging.py" filename="beets/logging.py" complexity="0" line-rate="0.9828" branch-rate="0.8">
					<methods/>
					<lines>
						<line number="23" hits="1"/>
						<line number="25" hits="1"/>
						<line number="26" hits="1"/>
						<line number="27" hits="1"/>
						<line number="28" hits="1"/>
						<line number="40" hits="1"/>
						<line number="58" hits="1"/>
						<line number="77" hits="1"/>
						<line number="78" hits="1"/>
						<line number="81" hits="1"/>
						<line number="89" hits="1" branch="true" condition-coverage="100% (2/2)"/>
						<line number="94" hits="1"/>
						<line number="95" hits="1" branch="true" condition-coverage="100% (2/2)"/>
						<line number="98" hits="1"/>
						<line number="102" hits="1"/>
						<line number="105" hits="1"/>
						<line number="117" hits="1"/>
						<line number="118" hits="1"/>
						<line number="119" hits="1"/>
						<line number="120" hits="1"/>
						<line number="121" hits="1"/>
						<line number="123" hits="1"/>
						<line number="124" hits="1"/>
						<line number="125" hits="1"/>
						<line number="126" hits="1"/>
						<line number="128" hits="1"/>
						<line number="141" hits="1" branch="true" condition-coverage="50% (1/2)" missing-branches="144"/>
						<line number="142" hits="1"/>
						<line number="144" hits="1"/>
						<line number="155" hits="1"/>
						<line number="158" hits="1"/>
						<line number="159" hits="1"/>
						<line number="160" hits="1"/>
						<line number="161" hits="1"/>
						<line number="163" hits="1"/>
						<line number="164" hits="1"/>
						<line number="165" hits="1"/>
						<line number="166" hits="1"/>
						<line number="167" hits="1"/>
						<line number="168" hits="1"/>
						<line number="169" hits="1"/>
						<line number="171" hits="1"/>
						<line number="172" hits="1"/>
						<line number="173" hits="1"/>
						<line number="175" hits="1"/>
						<line number="179" hits="1"/>
						<line number="180" hits="1"/>
						<line number="183" hits="1"/>
						<line number="186" hits="1"/>
						<line number="193" hits="1"/>
						<line number="195" hits="1" branch="true" condition-coverage="50% (1/2)" missing-branches="196"/>
						<line number="196" hits="0"/>
						<line number="199" hits="1"/>
						<line number="200" hits="1"/>
						<line number="207" hits="1"/>
						<line number="208" hits="1" branch="true" condition-coverage="100% (2/2)"/>
						<line number="209" hits="1"/>
						<line number="211" hits="1"/>
					</lines>
				</class>
				<class name="mediafile.py" filename="beets/mediafile.py" complexity="0" line-rate="0" branch-rate="0">
					<methods/>
					<lines>
						<line number="16" hits="0"/>
						<line number="18" hits="0"/>
						<line number="20" hits="0"/>
						<line number="23" hits="0" branch="true" condition-coverage="0% (0/2)" missing-branches="24,28"/>
						<line number="24" hits="0" branch="true" condition-coverage="0% (0/2)" missing-branches="23,25"/>
						<line number="25" hits="0"/>
						<line number="28" hits="0"/>
					</lines>
				</class>
				<class name="metadata_plugins.py" filename="beets/metadata_plugins.py" complexity="0" line-rate="0.8598" branch-rate="0.5833">
					<methods/>
					<lines>
						<line number="8" hits="1"/>
						<line number="10" hits="1"/>
						<line number="11" hits="1"/>
						<line number="12" hits="1"/>
						<line number="13" hits="1"/>
						<line number="14" hits="1"/>
						<line number="15" hits="1"/>
						<line number="24" hits="1"/>
						<line number="25" hits="1"/>
						<line number="27" hits="1"/>
						<line number="28" hits="1"/>
						<line number="29" hits="1"/>
						<line number="31" hits="1"/>
						<line number="33" hits="1"/>
						<line number="34" hits="1"/>
						<line number="43" hits="1"/>
						<line number="46" hits="1"/>
						<line number="47" hits="1"/>
						<line number="51" hits="1"/>
						<line number="54" hits="1"/>
						<line number="55" hits="1"/>
						<line number="57" hits="1"/>
						<line number="58" hits="1"/>
						<line number="59" hits="1"/>
						<line number="62" hits="1"/>
						<line number="63" hits="1"/>
						<line number="65" hits="1" branch="true" condition-coverage="100% (2/2)"/>
						<line number="66" hits="1"/>
						<line number="68" hits="1"/>
						<line number="69" hits="1"/>
						<line number="70" hits="1"/>
						<line number="71" hits="1"/>
						<line number="74" hits="1"/>
						<line number="77" hits="1"/>
						<line number="80" hits="1"/>
						<line number="82" hits="1"/>
						<line number="85" hits="1"/>
						<line number="86" hits="1"/>
						<line number="88" hits="1"/>
						<line number="89" hits="1"/>
						<line number="91" hits="1"/>
						<line number="92" hits="1"/>
						<line number="105" hits="1" branch="true" condition-coverage="100% (2/2)"/>
						<line number="106" hits="1"/>
						<line number="107" hits="1"/>
						<line number="108" hits="1"/>
						<line number="110" hits="1"/>
						<line number="113" hits="1"/>
						<line number="114" hits="1"/>
						<line number="115" hits="1"/>
						<line number="116" hits="0"/>
						<line number="119" hits="1"/>
						<line number="120" hits="1"/>
						<line number="121" hits="1"/>
						<line number="122" hits="0"/>
						<line number="125" hits="1"/>
						<line number="126" hits="1"/>
						<line number="127" hits="1"/>
						<line number="128" hits="0"/>
						<line number="131" hits="1"/>
						<line number="132" hits="1"/>
						<line number="133" hits="1"/>
						<line number="134" hits="0"/>
						<line number="137" hits="1"/>
						<line number="139" hits="1" branch="true" condition-coverage="100% (2/2)"/>
						<line number="140" hits="1"/>
						<line number="141" hits="1" branch="true" condition-coverage="50% (1/2)" missing-branches="142"/>
						<line number="142" hits="0"/>
						<line number="143" hits="0"/>
						<line number="145" hits="1"/>
						<line number="148" hits="1"/>
						<line number="150" hits="1" branch="true" condition-coverage="100% (2/2)"/>
						<line number="151" hits="1"/>
						<line number="152" hits="1" branch="true" condition-coverage="50% (1/2)" missing-branches="153"/>
						<line number="153" hits="0"/>
						<line number="154" hits="0"/>
						<line number="156" hits="1"/>
						<line number="159" hits="1"/>
						<line number="160" hits="1"/>
						<line number="162" hits="1"/>
						<line number="172" hits="1"/>
						<line number="180" hits="1"/>
						<line number="182" hits="1"/>
						<line number="183" hits="1"/>
						<line number="188" hits="1"/>
						<line number="190" hits="1"/>
						<line number="191" hits="1"/>
						<line number="192" hits="1"/>
						<line number="193" hits="1"/>
						<line number="194" hits="1"/>
						<line number="195" hits="1"/>
						<line number="197" hits="1"/>
						<line number="198" hits="1"/>
						<line number="199" hits="1"/>
						<line number="206" hits="1"/>
						<line number="207" hits="1"/>
						<line number="212" hits="1"/>
						<line number="213" hits="1"/>
						<line number="221" hits="1"/>
						<line number="222" hits="1"/>
						<line number="236" hits="1"/>
						<line number="237" hits="1"/>
						<line number="250" hits="1"/>
						<line number="259" hits="1"/>
						<line number="261" hits="1"/>
						<line number="270" hits="1"/>
						<line number="272" hits="1"/>
						<line number="278" hits="1"/>
						<line number="280" hits="1"/>
						<line number="281" hits="1"/>
						<line number="308" hits="0"/>
						<line number="309" hits="0"/>
						<line number="310" hits="0"/>
						<line number="311" hits="0"/>
						<line number="312" hits="0" branch="true" condition-coverage="0% (0/2)" missing-branches="313,326"/>
						<line number="313" hits="0" branch="true" condition-coverage="0% (0/2)" missing-branches="314,315"/>
						<line number="314" hits="0"/>
						<line number="315" hits="0"/>
						<line number="317" hits="0"/>
						<line number="319" hits="0" branch="true" condition-coverage="0% (0/2)" missing-branches="320,324"/>
						<line number="320" hits="0" branch="true" condition-coverage="0% (0/2)" missing-branches="321,323"/>
						<line number="321" hits="0"/>
						<line number="323" hits="0"/>
						<line number="324" hits="0"/>
						<line number="326" hits="0"/>
						<line number="329" hits="1"/>
						<line number="332" hits="1"/>
						<line number="335" hits="1"/>
						<line number="342" hits="1"/>
						<line number="343" hits="1"/>
						<line number="344" hits="1"/>
						<line number="345" hits="1"/>
						<line number="348" hits="1"/>
						<line number="351" hits="1"/>
						<line number="363" hits="1"/>
						<line number="364" hits="1"/>
						<line number="365" hits="1"/>
						<line number="367" hits="1"/>
						<line number="368" hits="1"/>
						<line number="390" hits="1"/>
						<line number="391" hits="1"/>
						<line number="403" hits="1"/>
						<line number="412" hits="1" branch="true" condition-coverage="100% (2/2)"/>
						<line number="413" hits="1"/>
						<line number="415" hits="1"/>
						<line number="416" hits="1"/>
						<line number="418" hits="1"/>
						<line number="419" hits="1"/>
						<line number="420" hits="1"/>
						<line number="421" hits="1"/>
						<line number="422" hits="1" branch="true" condition-coverage="100% (2/2)"/>
						<line number="423" hits="1"/>
						<line number="424" hits="1"/>
						<line number="427" hits="1"/>
						<line number="429" hits="1"/>
						<line number="430" hits="1"/>
						<line number="432" hits="1"/>
						<line number="437" hits="1"/>
						<line number="442" hits="1"/>
						<line number="445" hits="1"/>
						<line number="446" hits="1"/>
						<line number="448" hits="1"/>
						<line number="451" hits="1"/>
						<line number="452" hits="1"/>
					</lines>
				</class>
				<class name="plugins.py" filename="beets/plugins.py" complexity="0" line-rate="0.9215" branch-rate="0.7714">
					<methods/>
					<lines>
						<line number="17" hits="1"/>
						<line number="19" hits="1"/>
						<line number="20" hits="1"/>
						<line number="21" hits="1"/>
						<line number="22" hits="1"/>
						<line number="23" hits="1"/>
						<line number="24" hits="1"/>
						<line number="25" hits="1"/>
						<line number="26" hits="1"/>
						<line number="27" hits="1"/>
						<line number="29" hits="1"/>
						<line number="30" hits="1"/>
						<line number="32" hits="1"/>
						<line number="33" hits="1"/>
						<line number="34" hits="1"/>
						<line number="35" hits="1"/>
						<line number="63" hits="1"/>
						<line number="66" hits="1"/>
						<line number="68" hits="1"/>
						<line number="105" hits="1"/>
						<line number="108" hits="1"/>
						<line number="116" hits="1"/>
						<line number="123" hits="1"/>
						<line number="124" hits="1"/>
						<line number="127" hits="1"/>
						<line number="132" hits="1"/>
						<line number="133" hits="1"/>
						<line number="135" hits="1"/>
						<line number="136" hits="1" branch="true" condition-coverage="50% (1/2)" missing-branches="139"/>
						<line number="138" hits="1"/>
						<line number="139" hits="0" branch="true" condition-coverage="0% (0/2)" missing-branches="140,141"/>
						<line number="140" hits="0"/>
						<line number="141" hits="1"/>
						<line number="147" hits="1"/>
						<line number="148" hits="1"/>
						<line number="149" hits="1"/>
						<line number="150" hits="1"/>
						<line number="154" hits="1"/>
						<line number="160" hits="1"/>
						<line number="163" hits="1"/>
						<line number="165" hits="1"/>
						<line number="166" hits="1"/>
						<line number="167" hits="1"/>
						<line number="169" hits="1"/>
						<line number="170" hits="1"/>
						<line number="171" hits="1"/>
						<line number="172" hits="1"/>
						<line number="174" hits="1"/>
						<line number="188" hits="1" branch="true" condition-coverage="100% (2/2)"/>
						<line number="189" hits="1"/>
						<line number="191" hits="1"/>
						<line number="193" hits="1" branch="true" condition-coverage="100% (2/2)"/>
						<line number="196" hits="1"/>
						<line number="198" hits="1"/>
						<line number="208" hits="1" branch="true" condition-coverage="100% (2/2)"/>
						<line number="226" hits="1"/>
						<line number="228" hits="1"/>
						<line number="231" hits="1"/>
						<line number="232" hits="1"/>
						<line number="235" hits="1"/>
						<line number="236" hits="1"/>
						<line number="237" hits="1"/>
						<line number="239" hits="1"/>
						<line number="240" hits="1"/>
						<line number="242" hits="1"/>
						<line number="243" hits="1"/>
						<line number="244" hits="1" branch="true" condition-coverage="100% (2/2)"/>
						<line number="245" hits="1"/>
						<line number="250" hits="1"/>
						<line number="252" hits="1"/>
						<line number="261" hits="1" branch="true" condition-coverage="50% (1/2)" missing-branches="267"/>
						<line number="265" hits="1"/>
						<line number="267" hits="0" branch="true" condition-coverage="0% (0/2)" missing-branches="exit,268"/>
						<line number="268" hits="0" branch="true" condition-coverage="0% (0/2)" missing-branches="267,269"/>
						<line number="269" hits="0" branch="true" condition-coverage="0% (0/2)" missing-branches="270,276"/>
						<line number="270" hits="0"/>
						<line number="276" hits="0"/>
						<line number="281" hits="1"/>
						<line number="285" hits="1"/>
						<line number="287" hits="1"/>
						<line number="291" hits="1"/>
						<line number="296" hits="1"/>
						<line number="304" hits="1"/>
						<line number="306" hits="1"/>
						<line number="314" hits="1"/>
						<line number="316" hits="1"/>
						<line number="324" hits="1"/>
						<line number="326" hits="1"/>
						<line number="327" hits="1"/>
						<line number="328" hits="1"/>
						<line number="330" hits="1"/>
						<line number="331" hits="1"/>
						<line number="332" hits="1"/>
						<line number="333" hits="1" branch="true" condition-coverage="100% (2/2)"/>
						<line number="334" hits="1"/>
						<line number="336" hits="1"/>
						<line number="337" hits="1"/>
						<line number="339" hits="1"/>
						<line number="341" hits="1"/>
						<line number="343" hits="1"/>
						<line number="345" hits="1"/>
						<line number="347" hits="1"/>
						<line number="358" hits="1"/>
						<line number="360" hits="1"/>
						<line number="361" hits="1"/>
						<line number="363" hits="1"/>
						<line number="365" hits="1" branch="true" condition-coverage="100% (2/2)"/>
						<line number="366" hits="1"/>
						<line number="367" hits="1"/>
						<line number="371" hits="1"/>
						<line number="372" hits="1"/>
						<line number="378" hits="0"/>
						<line number="379" hits="0"/>
						<line number="380" hits="0"/>
						<line number="382" hits="0"/>
						<line number="384" hits="1"/>
						<line number="385" hits="1"/>
						<line number="392" hits="0"/>
						<line number="393" hits="0"/>
						<line number="394" hits="0"/>
						<line number="396" hits="0"/>
						<line number="399" hits="1"/>
						<line number="406" hits="1"/>
						<line number="410" hits="1"/>
						<line number="413" hits="1"/>
						<line number="415" hits="1"/>
						<line number="419" hits="1"/>
						<line number="420" hits="1"/>
						<line number="421" hits="1"/>
						<line number="422" hits="1"/>
						<line number="424" hits="1"/>
						<line number="425" hits="1" branch="true" condition-coverage="100% (2/2)"/>
						<line number="426" hits="1"/>
						<line number="431" hits="1" branch="true" condition-coverage="50% (1/2)" missing-branches="437"/>
						<line number="432" hits="1"/>
						<line number="433" hits="1" branch="true" condition-coverage="100% (2/2)"/>
						<line number="434" hits="1"/>
						<line number="435" hits="1"/>
						<line number="437" hits="1"/>
						<line number="440" hits="1"/>
						<line number="453" hits="1"/>
						<line number="454" hits="1"/>
						<line number="455" hits="1"/>
						<line number="456" hits="1"/>
						<line number="457" hits="1"/>
						<line number="459" hits="1" branch="true" condition-coverage="50% (1/2)" missing-branches="477"/>
						<line number="460" hits="1" branch="true" condition-coverage="100% (2/2)"/>
						<line number="472" hits="1"/>
						<line number="474" hits="1"/>
						<line number="475" hits="1"/>
						<line number="477" hits="1"/>
						<line number="480" hits="1"/>
						<line number="483" hits="1"/>
						<line number="490" hits="1" branch="true" condition-coverage="100% (2/2)"/>
						<line number="491" hits="1"/>
						<line number="492" hits="1"/>
						<line number="493" hits="1"/>
						<line number="495" hits="1"/>
						<line number="498" hits="1"/>
						<line number="499" hits="1"/>
						<line number="505" hits="1"/>
						<line number="507" hits="1"/>
						<line number="508" hits="1" branch="true" condition-coverage="100% (2/2)"/>
						<line number="509" hits="1"/>
						<line number="510" hits="1"/>
						<line number="513" hits="1"/>
						<line number="517" hits="1"/>
						<line number="518" hits="1" branch="true" condition-coverage="100% (2/2)"/>
						<line number="519" hits="1"/>
						<line number="520" hits="1"/>
						<line number="523" hits="1"/>
						<line number="525" hits="1"/>
						<line number="526" hits="1"/>
						<line number="527" hits="1" branch="true" condition-coverage="100% (2/2)"/>
						<line number="528" hits="1"/>
						<line number="529" hits="1" branch="true" condition-coverage="100% (2/2)"/>
						<line number="530" hits="1" branch="true" condition-coverage="100% (2/2)"/>
						<line number="531" hits="1"/>
						<line number="536" hits="1"/>
						<line number="537" hits="1"/>
						<line number="540" hits="1"/>
						<line number="542" hits="1"/>
						<line number="543" hits="1"/>
						<line number="550" hits="1"/>
						<line number="560" hits="1"/>
						<line number="563" hits="1"/>
						<line number="564" hits="1"/>
						<line number="565" hits="1" branch="true" condition-coverage="100% (2/2)"/>
						<line number="566" hits="1"/>
						<line number="567" hits="1"/>
						<line number="569" hits="1"/>
						<line number="571" hits="1"/>
						<line number="574" hits="1"/>
						<line number="578" hits="1"/>
						<line number="579" hits="1" branch="true" condition-coverage="100% (2/2)"/>
						<line number="580" hits="1"/>
						<line number="581" hits="1"/>
						<line number="584" hits="1"/>
						<line number="586" hits="1"/>
						<line number="587" hits="1" branch="true" condition-coverage="100% (2/2)"/>
						<line number="588" hits="1"/>
						<line number="589" hits="1"/>
						<line number="592" hits="1"/>
						<line number="594" hits="1"/>
						<line number="595" hits="1" branch="true" condition-coverage="100% (2/2)"/>
						<line number="596" hits="1"/>
						<line number="597" hits="1"/>
						<line number="602" hits="1"/>
						<line number="605" hits="1"/>
						<line number="613" hits="1" branch="true" condition-coverage="50% (1/2)" missing-branches="614"/>
						<line number="614" hits="0"/>
						<line number="615" hits="0"/>
						<line number="619" hits="1"/>
						<line number="622" hits="1"/>
						<line number="626" hits="1"/>
						<line number="627" hits="1" branch="true" condition-coverage="100% (2/2)"/>
						<line number="628" hits="1"/>
						<line number="629" hits="1"/>
						<line number="632" hits="1"/>
						<line number="634" hits="1"/>
						<line number="635" hits="1" branch="true" condition-coverage="100% (2/2)"/>
						<line number="636" hits="1"/>
						<line number="637" hits="1"/>
						<line number="643" hits="1"/>
						<line number="651" hits="1"/>
						<line number="652" hits="1"/>
						<line number="659" hits="1"/>
						<line number="667" hits="1"/>
						<line number="668" hits="1" branch="true" condition-coverage="100% (2/2)"/>
						<line number="669" hits="1"/>
						<line number="670" hits="1" branch="true" condition-coverage="100% (2/2)"/>
						<line number="671" hits="1"/>
						<line number="672" hits="1"/>
						<line number="677" hits="1"/>
						<line number="689" hits="1" branch="true" condition-coverage="50% (1/2)" missing-branches="690"/>
						<line number="690" hits="0"/>
						<line number="692" hits="1"/>
						<line number="695" hits="1" branch="true" condition-coverage="50% (1/2)" missing-branches="696"/>
						<line number="696" hits="0"/>
						<line number="698" hits="1" branch="true" condition-coverage="50% (1/2)" missing-branches="701"/>
						<line number="699" hits="1"/>
						<line number="701" hits="1"/>
					</lines>
				</class>
			</classes>
		</package>
		<package name="beets.autotag" line-rate="0.9278" branch-rate="0.8304" complexity="0">
			<classes>
				<class name="__init__.py" filename="beets/autotag/__init__.py" complexity="0" line-rate="0.6667" branch-rate="0">
					<methods/>
					<lines>
						<line number="17" hits="1"/>
						<line number="19" hits="1"/>
						<line number="22" hits="1"/>
						<line number="24" hits="1"/>
						<line number="25" hits="1"/>
						<line number="26" hits="1"/>
						<line number="38" hits="1"/>
						<line number="39" hits="0" branch="true" condition-coverage="0% (0/2)" missing-branches="40,45"/>
						<line number="40" hits="0"/>
						<line number="43" hits="0"/>
						<line number="45" hits="0"/>
						<line number="48" hits="1"/>
					</lines>
				</class>
				<class name="distance.py" filename="beets/autotag/distance.py" complexity="0" line-rate="0.8885" branch-rate="0.807">
					<methods/>
					<lines>
						<line number="1" hits="1"/>
						<line number="3" hits="1"/>
						<line number="4" hits="1"/>
						<line number="5" hits="1"/>
						<line number="6" hits="1"/>
						<line number="8" hits="1"/>
						<line number="9" hits="1"/>
						<line number="11" hits="1"/>
						<line number="12" hits="1"/>
						<line number="13" hits="1"/>
						<line number="29" hits="1"/>
						<line number="33" hits="1"/>
						<line number="35" hits="1"/>
						<line number="44" hits="1"/>
						<line number="47" hits="1"/>
						<line number="53" hits="1"/>
						<line number="54" hits="1"/>
						<line number="55" hits="1"/>
						<line number="56" hits="1"/>
						<line number="57" hits="1"/>
						<line number="58" hits="1"/>
						<line number="59" hits="1" branch="true" condition-coverage="100% (2/2)"/>
						<line number="60" hits="1"/>
						<line number="61" hits="1"/>
						<line number="64" hits="1"/>
						<line number="69" hits="1" branch="true" condition-coverage="100% (2/2)"/>
						<line number="70" hits="1"/>
						<line number="71" hits="1" branch="true" condition-coverage="100% (2/2)"/>
						<line number="72" hits="1"/>
						<line number="74" hits="1"/>
						<line number="75" hits="1"/>
						<line number="80" hits="1" branch="true" condition-coverage="100% (2/2)"/>
						<line number="81" hits="1" branch="true" condition-coverage="100% (2/2)"/>
						<line number="82" hits="1"/>
						<line number="83" hits="1" branch="true" condition-coverage="100% (2/2)"/>
						<line number="84" hits="1"/>
						<line number="87" hits="1" branch="true" condition-coverage="100% (2/2)"/>
						<line number="88" hits="1"/>
						<line number="89" hits="1"/>
						<line number="95" hits="1"/>
						<line number="96" hits="1"/>
						<line number="97" hits="1" branch="true" condition-coverage="100% (2/2)"/>
						<line number="99" hits="1"/>
						<line number="100" hits="1"/>
						<line number="102" hits="1" branch="true" condition-coverage="100% (2/2)"/>
						<line number="106" hits="1"/>
						<line number="107" hits="1"/>
						<line number="108" hits="1" branch="true" condition-coverage="100% (2/2)"/>
						<line number="109" hits="1"/>
						<line number="114" hits="1"/>
						<line number="115" hits="1"/>
						<line number="116" hits="1"/>
						<line number="117" hits="1"/>
						<line number="119" hits="1"/>
						<line number="122" hits="1"/>
						<line number="123" hits="1"/>
						<line number="129" hits="1"/>
						<line number="130" hits="1"/>
						<line number="131" hits="1"/>
						<line number="133" hits="1"/>
						<line number="134" hits="1"/>
						<line number="136" hits="1"/>
						<line number="137" hits="1"/>
						<line number="138" hits="1" branch="true" condition-coverage="100% (2/2)"/>
						<line number="139" hits="1"/>
						<line number="140" hits="1"/>
						<line number="142" hits="1"/>
						<line number="143" hits="1"/>
						<line number="144" hits="1"/>
						<line number="152" hits="1"/>
						<line number="153" hits="1"/>
						<line number="157" hits="1"/>
						<line number="158" hits="1" branch="true" condition-coverage="50% (1/2)" missing-branches="160"/>
						<line number="159" hits="1"/>
						<line number="160" hits="0"/>
						<line number="162" hits="1"/>
						<line number="163" hits="1"/>
						<line number="165" hits="1"/>
						<line number="166" hits="1" branch="true" condition-coverage="100% (2/2)"/>
						<line number="167" hits="1"/>
						<line number="168" hits="1"/>
						<line number="170" hits="1"/>
						<line number="171" hits="1"/>
						<line number="173" hits="1"/>
						<line number="174" hits="1" branch="true" condition-coverage="100% (2/2)"/>
						<line number="175" hits="1"/>
						<line number="176" hits="1"/>
						<line number="178" hits="1"/>
						<line number="179" hits="1"/>
						<line number="180" hits="1" branch="true" condition-coverage="100% (2/2)"/>
						<line number="181" hits="1"/>
						<line number="182" hits="1" branch="true" condition-coverage="100% (2/2)"/>
						<line number="183" hits="1"/>
						<line number="184" hits="1"/>
						<line number="186" hits="1"/>
						<line number="187" hits="1"/>
						<line number="188" hits="1"/>
						<line number="190" hits="1"/>
						<line number="195" hits="1"/>
						<line number="196" hits="1" branch="true" condition-coverage="100% (2/2)"/>
						<line number="197" hits="1"/>
						<line number="198" hits="1" branch="true" condition-coverage="100% (2/2)"/>
						<line number="199" hits="1"/>
						<line number="203" hits="1"/>
						<line number="207" hits="1"/>
						<line number="208" hits="0"/>
						<line number="210" hits="1"/>
						<line number="211" hits="1"/>
						<line number="215" hits="1"/>
						<line number="216" hits="1"/>
						<line number="218" hits="1"/>
						<line number="219" hits="1"/>
						<line number="221" hits="1"/>
						<line number="222" hits="1"/>
						<line number="224" hits="1"/>
						<line number="225" hits="1"/>
						<line number="227" hits="1"/>
						<line number="228" hits="1"/>
						<line number="232" hits="1"/>
						<line number="234" hits="1"/>
						<line number="235" hits="1"/>
						<line number="236" hits="1" branch="true" condition-coverage="50% (1/2)" missing-branches="238"/>
						<line number="237" hits="1"/>
						<line number="238" hits="0"/>
						<line number="240" hits="1"/>
						<line number="241" hits="1"/>
						<line number="243" hits="1"/>
						<line number="244" hits="1"/>
						<line number="246" hits="1"/>
						<line number="247" hits="1"/>
						<line number="249" hits="1"/>
						<line number="251" hits="1" branch="true" condition-coverage="50% (1/2)" missing-branches="252"/>
						<line number="252" hits="0"/>
						<line number="255" hits="1" branch="true" condition-coverage="100% (2/2)"/>
						<line number="256" hits="1"/>
						<line number="260" hits="1"/>
						<line number="265" hits="1" branch="true" condition-coverage="100% (2/2)"/>
						<line number="266" hits="1"/>
						<line number="267" hits="1"/>
						<line number="269" hits="1"/>
						<line number="275" hits="1" branch="true" condition-coverage="50% (1/2)" missing-branches="276"/>
						<line number="276" hits="0"/>
						<line number="277" hits="1"/>
						<line number="279" hits="1"/>
						<line number="287" hits="1" branch="true" condition-coverage="100% (2/2)"/>
						<line number="288" hits="1"/>
						<line number="289" hits="1" branch="true" condition-coverage="100% (2/2)"/>
						<line number="290" hits="1" branch="true" condition-coverage="100% (2/2)"/>
						<line number="291" hits="1"/>
						<line number="292" hits="1"/>
						<line number="294" hits="1"/>
						<line number="295" hits="1"/>
						<line number="297" hits="1"/>
						<line number="301" hits="1" branch="true" condition-coverage="100% (2/2)"/>
						<line number="302" hits="1"/>
						<line number="304" hits="1"/>
						<line number="306" hits="1"/>
						<line number="312" hits="1"/>
						<line number="313" hits="1" branch="true" condition-coverage="100% (2/2)"/>
						<line number="314" hits="1" branch="true" condition-coverage="100% (2/2)"/>
						<line number="315" hits="1"/>
						<line number="317" hits="1"/>
						<line number="319" hits="1"/>
						<line number="328" hits="1" branch="true" condition-coverage="100% (2/2)"/>
						<line number="329" hits="1"/>
						<line number="330" hits="1"/>
						<line number="331" hits="1" branch="true" condition-coverage="100% (2/2)"/>
						<line number="332" hits="1" branch="true" condition-coverage="100% (2/2)"/>
						<line number="333" hits="1"/>
						<line number="334" hits="1"/>
						<line number="336" hits="1"/>
						<line number="337" hits="1"/>
						<line number="339" hits="1"/>
						<line number="343" hits="1"/>
						<line number="344" hits="1" branch="true" condition-coverage="100% (2/2)"/>
						<line number="345" hits="1"/>
						<line number="347" hits="1"/>
						<line number="348" hits="1"/>
						<line number="350" hits="1"/>
						<line number="354" hits="1"/>
						<line number="355" hits="1"/>
						<line number="357" hits="1"/>
						<line number="358" hits="1" branch="true" condition-coverage="100% (2/2)"/>
						<line number="361" hits="1"/>
						<line number="364" hits="1"/>
						<line number="365" hits="1"/>
						<line number="367" hits="1"/>
						<line number="370" hits="1"/>
						<line number="371" hits="1"/>
						<line number="373" hits="1"/>
						<line number="376" hits="1"/>
						<line number="380" hits="1"/>
						<line number="383" hits="1"/>
						<line number="394" hits="1"/>
						<line number="397" hits="1" branch="true" condition-coverage="100% (2/2)"/>
						<line number="398" hits="1"/>
						<line number="399" hits="1"/>
						<line number="402" hits="1"/>
						<line number="405" hits="1" branch="true" condition-coverage="100% (2/2)"/>
						<line number="410" hits="1"/>
						<line number="413" hits="1" branch="true" condition-coverage="100% (2/2)"/>
						<line number="414" hits="1"/>
						<line number="417" hits="1" branch="true" condition-coverage="100% (2/2)"/>
						<line number="418" hits="1"/>
						<line number="421" hits="1" branch="true" condition-coverage="50% (1/2)" missing-branches="422"/>
						<line number="422" hits="0"/>
						<line number="424" hits="1"/>
						<line number="426" hits="1"/>
						<line number="429" hits="1"/>
						<line number="432" hits="1" branch="true" condition-coverage="100% (2/2)"/>
						<line number="433" hits="1"/>
						<line number="435" hits="1"/>
						<line number="438" hits="1"/>
						<line number="441" hits="1" branch="true" condition-coverage="50% (1/2)" missing-branches="444"/>
						<line number="442" hits="1"/>
						<line number="444" hits="0"/>
						<line number="445" hits="0"/>
						<line number="446" hits="0"/>
						<line number="447" hits="0" branch="true" condition-coverage="0% (0/2)" missing-branches="448,449"/>
						<line number="448" hits="0"/>
						<line number="449" hits="0" branch="true" condition-coverage="0% (0/2)" missing-branches="exit,450"/>
						<line number="450" hits="0"/>
						<line number="453" hits="1"/>
						<line number="456" hits="1"/>
						<line number="458" hits="1" branch="true" condition-coverage="50% (1/2)" missing-branches="461"/>
						<line number="461" hits="0"/>
						<line number="462" hits="0"/>
						<line number="463" hits="0"/>
						<line number="464" hits="0"/>
						<line number="465" hits="0"/>
						<line number="467" hits="1" branch="true" condition-coverage="50% (1/2)" missing-branches="470"/>
						<line number="468" hits="1"/>
						<line number="470" hits="0" branch="true" condition-coverage="0% (0/2)" missing-branches="472,473"/>
						<line number="472" hits="0"/>
						<line number="473" hits="0" branch="true" condition-coverage="0% (0/2)" missing-branches="475,480"/>
						<line number="475" hits="0"/>
						<line number="476" hits="0"/>
						<line number="477" hits="0"/>
						<line number="480" hits="0"/>
						<line number="483" hits="1"/>
						<line number="486" hits="1"/>
						<line number="487" hits="1"/>
						<line number="488" hits="1"/>
						<line number="490" hits="1" branch="true" condition-coverage="50% (1/2)" missing-branches="491"/>
						<line number="491" hits="0"/>
						<line number="492" hits="1" branch="true" condition-coverage="50% (1/2)" missing-branches="493"/>
						<line number="493" hits="0"/>
						<line number="496" hits="1"/>
						<line number="499" hits="1" branch="true" condition-coverage="50% (1/2)" missing-branches="500"/>
						<line number="500" hits="0"/>
						<line number="502" hits="1" branch="true" condition-coverage="50% (1/2)" missing-branches="503"/>
						<line number="503" hits="0"/>
						<line number="505" hits="1" branch="true" condition-coverage="50% (1/2)" missing-branches="506"/>
						<line number="506" hits="0"/>
						<line number="510" hits="1" branch="true" condition-coverage="100% (2/2)"/>
						<line number="511" hits="1"/>
						<line number="514" hits="1"/>
						<line number="520" hits="1"/>
						<line number="521" hits="1" branch="true" condition-coverage="100% (2/2)"/>
						<line number="522" hits="1"/>
						<line number="523" hits="1"/>
						<line number="525" hits="1" branch="true" condition-coverage="100% (2/2)"/>
						<line number="526" hits="1"/>
						<line number="528" hits="1" branch="true" condition-coverage="100% (2/2)"/>
						<line number="529" hits="1"/>
						<line number="532" hits="1"/>
						<line number="545" hits="1"/>
						<line number="547" hits="1"/>
						<line number="549" hits="1"/>
						<line number="550" hits="1"/>
						<line number="553" hits="1" branch="true" condition-coverage="50% (1/2)" missing-branches="554"/>
						<line number="554" hits="0"/>
						<line number="556" hits="1"/>
						<line number="558" hits="1"/>
						<line number="559" hits="1"/>
						<line number="560" hits="1"/>
						<line number="562" hits="1"/>
						<line number="564" hits="1"/>
					</lines>
				</class>
				<class name="hooks.py" filename="beets/autotag/hooks.py" complexity="0" line-rate="0.9954" branch-rate="0.9737">
					<methods/>
					<lines>
						<line number="17" hits="1"/>
						<line number="19" hits="1"/>
						<line number="20" hits="1"/>
						<line number="21" hits="1"/>
						<line number="23" hits="1"/>
						<line number="25" hits="1"/>
						<line number="26" hits="1"/>
						<line number="27" hits="1"/>
						<line number="33" hits="1"/>
						<line number="35" hits="1"/>
						<line number="37" hits="1"/>
						<line number="39" hits="1"/>
						<line number="48" hits="1"/>
						<line number="70" hits="1"/>
						<line number="72" hits="1"/>
						<line number="75" hits="1"/>
						<line number="79" hits="1"/>
						<line number="80" hits="1"/>
						<line number="81" hits="1" branch="true" condition-coverage="100% (2/2)"/>
						<line number="90" hits="1"/>
						<line number="92" hits="1" branch="true" condition-coverage="100% (2/2)"/>
						<line number="93" hits="1"/>
						<line number="94" hits="1" branch="true" condition-coverage="100% (2/2)"/>
						<line number="95" hits="1"/>
						<line number="97" hits="1" branch="true" condition-coverage="100% (2/2)"/>
						<line number="98" hits="1"/>
						<line number="100" hits="1"/>
						<line number="104" hits="1"/>
						<line number="107" hits="1"/>
						<line number="109" hits="1"/>
						<line number="111" hits="1"/>
						<line number="119" hits="1"/>
						<line number="120" hits="1"/>
						<line number="121" hits="1"/>
						<line number="122" hits="1" branch="true" condition-coverage="100% (2/2)"/>
						<line number="123" hits="1" branch="true" condition-coverage="100% (2/2)"/>
						<line number="124" hits="1"/>
						<line number="125" hits="1" branch="true" condition-coverage="100% (2/2)"/>
						<line number="126" hits="1"/>
						<line number="127" hits="1" branch="true" condition-coverage="50% (1/2)" missing-branches="131"/>
						<line number="128" hits="1"/>
						<line number="131" hits="0"/>
						<line number="132" hits="1"/>
						<line number="134" hits="1"/>
						<line number="135" hits="1" branch="true" condition-coverage="100% (2/2)"/>
						<line number="136" hits="1"/>
						<line number="138" hits="1"/>
						<line number="142" hits="1"/>
						<line number="143" hits="1"/>
						<line number="145" hits="1"/>
						<line number="146" hits="1"/>
						<line number="149" hits="1"/>
						<line number="152" hits="1"/>
						<line number="154" hits="1"/>
						<line number="156" hits="1"/>
						<line number="157" hits="1"/>
						<line number="158" hits="1"/>
						<line number="160" hits="1"/>
						<line number="161" hits="1"/>
						<line number="163" hits="1"/>
						<line number="165" hits="1"/>
						<line number="167" hits="1" branch="true" condition-coverage="100% (2/2)"/>
						<line number="168" hits="1"/>
						<line number="172" hits="1"/>
						<line number="174" hits="1"/>
						<line number="175" hits="1"/>
						<line number="179" hits="1"/>
						<line number="180" hits="1"/>
						<line number="182" hits="1"/>
						<line number="184" hits="1"/>
						<line number="185" hits="1"/>
						<line number="188" hits="1"/>
						<line number="189" hits="1"/>
						<line number="191" hits="1"/>
						<line number="192" hits="1" branch="true" condition-coverage="100% (2/2)"/>
						<line number="193" hits="1"/>
						<line number="198" hits="1"/>
						<line number="200" hits="1"/>
						<line number="201" hits="1"/>
						<line number="208" hits="1"/>
						<line number="214" hits="1" branch="true" condition-coverage="100% (2/2)"/>
						<line number="217" hits="1"/>
						<line number="219" hits="1"/>
						<line number="221" hits="1"/>
						<line number="238" hits="1"/>
						<line number="239" hits="1"/>
						<line number="240" hits="1"/>
						<line number="241" hits="1"/>
						<line number="242" hits="1"/>
						<line number="243" hits="1"/>
						<line number="244" hits="1"/>
						<line number="245" hits="1"/>
						<line number="246" hits="1"/>
						<line number="247" hits="1"/>
						<line number="248" hits="1"/>
						<line number="249" hits="1"/>
						<line number="250" hits="1"/>
						<line number="251" hits="1"/>
						<line number="253" hits="1"/>
						<line number="254" hits="1"/>
						<line number="260" hits="1" branch="true" condition-coverage="100% (2/2)"/>
						<line number="261" hits="1"/>
						<line number="266" hits="1" branch="true" condition-coverage="100% (2/2)"/>
						<line number="267" hits="1"/>
						<line number="268" hits="1"/>
						<line number="269" hits="1"/>
						<line number="270" hits="1"/>
						<line number="272" hits="1"/>
						<line number="274" hits="1"/>
						<line number="277" hits="1"/>
						<line number="285" hits="1"/>
						<line number="287" hits="1"/>
						<line number="288" hits="1"/>
						<line number="303" hits="1"/>
						<line number="305" hits="1"/>
						<line number="306" hits="1"/>
						<line number="307" hits="1"/>
						<line number="309" hits="1"/>
						<line number="310" hits="1"/>
						<line number="311" hits="1"/>
						<line number="313" hits="1"/>
						<line number="314" hits="1"/>
						<line number="316" hits="1"/>
						<line number="317" hits="1" branch="true" condition-coverage="100% (2/2)"/>
						<line number="318" hits="1"/>
						<line number="319" hits="1"/>
						<line number="321" hits="1"/>
						<line number="323" hits="1"/>
						<line number="324" hits="1"/>
						<line number="326" hits="1"/>
						<line number="327" hits="1" branch="true" condition-coverage="100% (2/2)"/>
						<line number="330" hits="1"/>
						<line number="331" hits="1"/>
						<line number="332" hits="1"/>
						<line number="334" hits="1"/>
						<line number="336" hits="1"/>
						<line number="369" hits="1"/>
						<line number="370" hits="1"/>
						<line number="371" hits="1"/>
						<line number="372" hits="1"/>
						<line number="373" hits="1"/>
						<line number="374" hits="1"/>
						<line number="375" hits="1"/>
						<line number="376" hits="1"/>
						<line number="377" hits="1"/>
						<line number="378" hits="1"/>
						<line number="379" hits="1"/>
						<line number="380" hits="1"/>
						<line number="381" hits="1"/>
						<line number="382" hits="1"/>
						<line number="383" hits="1"/>
						<line number="384" hits="1"/>
						<line number="385" hits="1"/>
						<line number="386" hits="1"/>
						<line number="387" hits="1"/>
						<line number="388" hits="1"/>
						<line number="389" hits="1"/>
						<line number="390" hits="1"/>
						<line number="391" hits="1"/>
						<line number="392" hits="1"/>
						<line number="393" hits="1"/>
						<line number="394" hits="1"/>
						<line number="395" hits="1"/>
						<line number="396" hits="1"/>
						<line number="397" hits="1"/>
						<line number="400" hits="1"/>
						<line number="408" hits="1"/>
						<line number="410" hits="1"/>
						<line number="415" hits="1"/>
						<line number="424" hits="1"/>
						<line number="426" hits="1"/>
						<line number="427" hits="1"/>
						<line number="428" hits="1"/>
						<line number="430" hits="1"/>
						<line number="431" hits="1"/>
						<line number="432" hits="1"/>
						<line number="434" hits="1"/>
						<line number="435" hits="1"/>
						<line number="437" hits="1"/>
						<line number="451" hits="1" branch="true" condition-coverage="100% (2/2)"/>
						<line number="452" hits="1"/>
						<line number="454" hits="1"/>
						<line number="456" hits="1"/>
						<line number="485" hits="1"/>
						<line number="487" hits="1"/>
						<line number="488" hits="1"/>
						<line number="489" hits="1"/>
						<line number="490" hits="1"/>
						<line number="491" hits="1"/>
						<line number="492" hits="1"/>
						<line number="493" hits="1"/>
						<line number="494" hits="1"/>
						<line number="495" hits="1"/>
						<line number="496" hits="1"/>
						<line number="497" hits="1"/>
						<line number="498" hits="1"/>
						<line number="499" hits="1"/>
						<line number="500" hits="1"/>
						<line number="501" hits="1"/>
						<line number="502" hits="1"/>
						<line number="503" hits="1"/>
						<line number="504" hits="1"/>
						<line number="505" hits="1"/>
						<line number="506" hits="1"/>
						<line number="507" hits="1"/>
						<line number="508" hits="1"/>
						<line number="509" hits="1"/>
						<line number="510" hits="1"/>
						<line number="512" hits="1"/>
						<line number="519" hits="1"/>
						<line number="520" hits="1"/>
						<line number="521" hits="1"/>
						<line number="527" hits="1" branch="true" condition-coverage="100% (2/2)"/>
						<line number="528" hits="1" branch="true" condition-coverage="100% (2/2)"/>
						<line number="529" hits="1"/>
						<line number="531" hits="1"/>
						<line number="536" hits="1"/>
					</lines>
				</class>
				<class name="match.py" filename="beets/autotag/match.py" complexity="0" line-rate="0.9249" branch-rate="0.8143">
					<methods/>
					<lines>
						<line number="19" hits="1"/>
						<line number="21" hits="1"/>
						<line number="22" hits="1"/>
						<line number="23" hits="1"/>
						<line number="24" hits="1"/>
						<line number="26" hits="1"/>
						<line number="27" hits="1"/>
						<line number="29" hits="1"/>
						<line number="30" hits="1"/>
						<line number="32" hits="1"/>
						<line number="47" hits="1"/>
						<line number="53" hits="1"/>
						<line number="58" hits="1"/>
						<line number="59" hits="1"/>
						<line number="60" hits="1"/>
						<line number="61" hits="1"/>
						<line number="67" hits="1"/>
						<line number="76" hits="1"/>
						<line number="78" hits="1"/>
						<line number="80" hits="1"/>
						<line number="81" hits="1"/>
						<line number="86" hits="1"/>
						<line number="91" hits="1"/>
						<line number="92" hits="1"/>
						<line number="93" hits="1"/>
						<line number="94" hits="1"/>
						<line number="95" hits="1"/>
						<line number="99" hits="1"/>
						<line number="100" hits="1"/>
						<line number="103" hits="1"/>
						<line number="105" hits="1"/>
						<line number="106" hits="1"/>
						<line number="108" hits="1"/>
						<line number="112" hits="1"/>
						<line number="113" hits="1"/>
						<line number="114" hits="1"/>
						<line number="116" hits="1"/>
						<line number="117" hits="1"/>
						<line number="118" hits="1"/>
						<line number="120" hits="1"/>
						<line number="121" hits="1" branch="true" condition-coverage="100% (2/2)"/>
						<line number="122" hits="1"/>
						<line number="124" hits="1"/>
						<line number="126" hits="1"/>
						<line number="127" hits="1"/>
						<line number="129" hits="1"/>
						<line number="130" hits="1"/>
						<line number="131" hits="1" branch="true" condition-coverage="50% (1/2)" missing-branches="132"/>
						<line number="132" hits="0"/>
						<line number="136" hits="1"/>
						<line number="138" hits="1"/>
						<line number="139" hits="1"/>
						<line number="141" hits="0"/>
						<line number="143" hits="1"/>
						<line number="144" hits="1"/>
						<line number="150" hits="1"/>
						<line number="153" hits="1"/>
						<line number="156" hits="1"/>
						<line number="157" hits="1"/>
						<line number="160" hits="1"/>
						<line number="162" hits="1"/>
						<line number="163" hits="1"/>
						<line number="164" hits="1"/>
						<line number="165" hits="1"/>
						<line number="167" hits="1"/>
						<line number="169" hits="1"/>
						<line number="171" hits="1"/>
						<line number="172" hits="1"/>
						<line number="174" hits="1"/>
						<line number="176" hits="1"/>
						<line number="177" hits="1"/>
						<line number="179" hits="1"/>
						<line number="181" hits="1"/>
						<line number="182" hits="1"/>
						<line number="184" hits="1"/>
						<line number="192" hits="1"/>
						<line number="193" hits="1"/>
						<line number="195" hits="1"/>
						<line number="200" hits="1"/>
						<line number="207" hits="1" branch="true" condition-coverage="100% (2/2)"/>
						<line number="208" hits="1" branch="true" condition-coverage="100% (2/2)"/>
						<line number="209" hits="1"/>
						<line number="211" hits="1"/>
						<line number="213" hits="1"/>
						<line number="215" hits="1"/>
						<line number="218" hits="1"/>
						<line number="219" hits="1"/>
						<line number="222" hits="1"/>
						<line number="224" hits="1"/>
						<line number="225" hits="1"/>
						<line number="227" hits="1"/>
						<line number="228" hits="1"/>
						<line number="230" hits="1"/>
						<line number="243" hits="1"/>
						<line number="250" hits="1" branch="true" condition-coverage="100% (2/2)"/>
						<line number="251" hits="1"/>
						<line number="253" hits="1"/>
						<line number="261" hits="1"/>
						<line number="262" hits="1"/>
						<line number="263" hits="1"/>
						<line number="266" hits="1"/>
						<line number="272" hits="1" branch="true" condition-coverage="100% (2/2)"/>
						<line number="273" hits="1"/>
						<line number="274" hits="1" branch="true" condition-coverage="50% (1/2)" missing-branches="275"/>
						<line number="275" hits="0"/>
						<line number="277" hits="1"/>
						<line number="278" hits="1"/>
						<line number="280" hits="1"/>
						<line number="283" hits="1"/>
						<line number="293" hits="1" branch="true" condition-coverage="100% (2/2)"/>
						<line number="295" hits="1"/>
						<line number="298" hits="1"/>
						<line number="299" hits="1" branch="true" condition-coverage="100% (2/2)"/>
						<line number="301" hits="1"/>
						<line number="302" hits="1" branch="true" condition-coverage="100% (2/2)"/>
						<line number="304" hits="1"/>
						<line number="305" hits="1" branch="true" condition-coverage="100% (2/2)"/>
						<line number="307" hits="1"/>
						<line number="308" hits="1" branch="true" condition-coverage="100% (2/2)"/>
						<line number="313" hits="1"/>
						<line number="316" hits="1"/>
						<line number="320" hits="1"/>
						<line number="321" hits="1" branch="true" condition-coverage="100% (2/2)"/>
						<line number="322" hits="1" branch="true" condition-coverage="100% (2/2)"/>
						<line number="323" hits="1"/>
						<line number="324" hits="1"/>
						<line number="325" hits="1" branch="true" condition-coverage="100% (2/2)"/>
						<line number="326" hits="1" branch="true" condition-coverage="100% (2/2)"/>
						<line number="327" hits="1"/>
						<line number="335" hits="1"/>
						<line number="337" hits="1"/>
						<line number="340" hits="1"/>
						<line number="342" hits="1"/>
						<line number="345" hits="1"/>
						<line number="353" hits="1"/>
						<line number="359" hits="1" branch="true" condition-coverage="50% (1/2)" missing-branches="360"/>
						<line number="360" hits="0"/>
						<line number="361" hits="0"/>
						<line number="364" hits="1" branch="true" condition-coverage="100% (2/2)"/>
						<line number="365" hits="1"/>
						<line number="366" hits="1"/>
						<line number="369" hits="1"/>
						<line number="370" hits="1" branch="true" condition-coverage="50% (1/2)" missing-branches="371"/>
						<line number="371" hits="0" branch="true" condition-coverage="0% (0/2)" missing-branches="370,372"/>
						<line number="372" hits="0"/>
						<line number="373" hits="0"/>
						<line number="376" hits="1"/>
						<line number="381" hits="1"/>
						<line number="384" hits="1"/>
						<line number="385" hits="1"/>
						<line number="386" hits="1" branch="true" condition-coverage="50% (1/2)" missing-branches="387"/>
						<line number="387" hits="0" branch="true" condition-coverage="0% (0/2)" missing-branches="386,388"/>
						<line number="388" hits="0"/>
						<line number="389" hits="0"/>
						<line number="391" hits="1"/>
						<line number="392" hits="1"/>
						<line number="397" hits="1"/>
						<line number="421" hits="1"/>
						<line number="422" hits="1"/>
						<line number="423" hits="1"/>
						<line number="424" hits="1"/>
						<line number="428" hits="1"/>
						<line number="431" hits="1" branch="true" condition-coverage="100% (2/2)"/>
						<line number="432" hits="1"/>
						<line number="433" hits="1" branch="true" condition-coverage="100% (2/2)"/>
						<line number="434" hits="1"/>
						<line number="439" hits="1" branch="true" condition-coverage="100% (2/2)"/>
						<line number="442" hits="1"/>
						<line number="444" hits="1"/>
						<line number="445" hits="1"/>
						<line number="446" hits="1" branch="true" condition-coverage="100% (2/2)"/>
						<line number="450" hits="1" branch="true" condition-coverage="50% (1/2)" missing-branches="451"/>
						<line number="451" hits="0"/>
						<line number="452" hits="0"/>
						<line number="459" hits="1" branch="true" condition-coverage="50% (1/2)" missing-branches="462"/>
						<line number="461" hits="1"/>
						<line number="462" hits="1"/>
						<line number="465" hits="1"/>
						<line number="470" hits="1"/>
						<line number="473" hits="1" branch="true" condition-coverage="100% (2/2)"/>
						<line number="476" hits="1"/>
						<line number="478" hits="1"/>
						<line number="480" hits="1"/>
						<line number="481" hits="1"/>
						<line number="482" hits="1"/>
						<line number="485" hits="1"/>
						<line number="500" hits="1"/>
						<line number="501" hits="1"/>
						<line number="504" hits="1"/>
						<line number="505" hits="1" branch="true" condition-coverage="100% (2/2)"/>
						<line number="506" hits="1"/>
						<line number="507" hits="1" branch="true" condition-coverage="100% (2/2)"/>
						<line number="508" hits="1"/>
						<line number="509" hits="1"/>
						<line number="512" hits="1"/>
						<line number="513" hits="1" branch="true" condition-coverage="50% (1/2)" missing-branches="514"/>
						<line number="514" hits="0"/>
						<line number="515" hits="0"/>
						<line number="518" hits="1" branch="true" condition-coverage="100% (2/2)"/>
						<line number="519" hits="1" branch="true" condition-coverage="50% (1/2)" missing-branches="523"/>
						<line number="520" hits="1"/>
						<line number="521" hits="1"/>
						<line number="523" hits="0"/>
						<line number="526" hits="1"/>
						<line number="527" hits="1"/>
						<line number="528" hits="1"/>
						<line number="531" hits="1" branch="true" condition-coverage="100% (2/2)"/>
						<line number="534" hits="1"/>
						<line number="535" hits="1"/>
						<line number="538" hits="1"/>
						<line number="539" hits="1"/>
						<line number="540" hits="1"/>
						<line number="541" hits="1"/>
					</lines>
				</class>
			</classes>
		</package>
		<package name="beets.dbcore" line-rate="0.9543" branch-rate="0.9093" complexity="0">
			<classes>
				<class name="__init__.py" filename="beets/dbcore/__init__.py" complexity="0" line-rate="1" branch-rate="1">
					<methods/>
					<lines>
						<line number="19" hits="1"/>
						<line number="20" hits="1"/>
						<line number="28" hits="1"/>
						<line number="33" hits="1"/>
						<line number="35" hits="1"/>
					</lines>
				</class>
				<class name="db.py" filename="beets/dbcore/db.py" complexity="0" line-rate="0.9601" branch-rate="0.8901">
					<methods/>
					<lines>
						<line number="17" hits="1"/>
						<line number="19" hits="1"/>
						<line number="20" hits="1"/>
						<line number="21" hits="1"/>
						<line number="22" hits="1"/>
						<line number="23" hits="1"/>
						<line number="24" hits="1"/>
						<line number="25" hits="1"/>
						<line number="26" hits="1"/>
						<line number="27" hits="1"/>
						<line number="28" hits="1"/>
						<line number="29" hits="1"/>
						<line number="30" hits="1"/>
						<line number="31" hits="1"/>
						<line number="32" hits="1"/>
						<line number="33" hits="1"/>
						<line number="44" hits="1"/>
						<line number="48" hits="1"/>
						<line number="50" hits="1"/>
						<line number="52" hits="1"/>
						<line number="53" hits="1"/>
						<line number="54" hits="1"/>
						<line number="55" hits="1"/>
						<line number="72" hits="1"/>
						<line number="74" hits="1"/>
						<line number="77" hits="1"/>
						<line number="87" hits="1"/>
						<line number="90" hits="1"/>
						<line number="91" hits="1"/>
						<line number="97" hits="1"/>
						<line number="98" hits="1"/>
						<line number="101" hits="1"/>
						<line number="115" hits="1"/>
						<line number="116" hits="1"/>
						<line number="118" hits="1"/>
						<line number="120" hits="1"/>
						<line number="126" hits="1"/>
						<line number="127" hits="1"/>
						<line number="128" hits="1"/>
						<line number="135" hits="1"/>
						<line number="136" hits="1" branch="true" condition-coverage="100% (2/2)"/>
						<line number="137" hits="1"/>
						<line number="139" hits="1"/>
						<line number="141" hits="1"/>
						<line number="142" hits="1"/>
						<line number="144" hits="1"/>
						<line number="145" hits="0"/>
						<line number="149" hits="1"/>
						<line number="153" hits="1" branch="true" condition-coverage="100% (2/2)"/>
						<line number="154" hits="1"/>
						<line number="155" hits="1"/>
						<line number="157" hits="1"/>
						<line number="158" hits="1"/>
						<line number="159" hits="1" branch="true" condition-coverage="50% (1/2)" missing-branches="160"/>
						<line number="160" hits="0"/>
						<line number="162" hits="1" branch="true" condition-coverage="100% (2/2)"/>
						<line number="163" hits="1"/>
						<line number="164" hits="1"/>
						<line number="166" hits="1" branch="true" condition-coverage="100% (2/2)"/>
						<line number="167" hits="1"/>
						<line number="169" hits="1" branch="true" condition-coverage="100% (2/2)"/>
						<line number="170" hits="1" branch="true" condition-coverage="100% (2/2)"/>
						<line number="171" hits="1"/>
						<line number="173" hits="1"/>
						<line number="185" hits="1"/>
						<line number="188" hits="1"/>
						<line number="191" hits="1"/>
						<line number="192" hits="1"/>
						<line number="193" hits="1"/>
						<line number="195" hits="1"/>
						<line number="197" hits="1"/>
						<line number="199" hits="1"/>
						<line number="201" hits="1"/>
						<line number="203" hits="1"/>
						<line number="205" hits="1"/>
						<line number="207" hits="1"/>
						<line number="211" hits="1" branch="true" condition-coverage="100% (2/2)"/>
						<line number="212" hits="1"/>
						<line number="213" hits="1" branch="true" condition-coverage="100% (2/2)"/>
						<line number="214" hits="1"/>
						<line number="215" hits="1"/>
						<line number="216" hits="1"/>
						<line number="218" hits="1"/>
						<line number="220" hits="1" branch="true" condition-coverage="100% (2/2)"/>
						<line number="221" hits="1"/>
						<line number="222" hits="1" branch="true" condition-coverage="100% (2/2)"/>
						<line number="223" hits="1"/>
						<line number="225" hits="1"/>
						<line number="227" hits="1"/>
						<line number="229" hits="1"/>
						<line number="231" hits="1"/>
						<line number="232" hits="1"/>
						<line number="233" hits="1"/>
						<line number="234" hits="1"/>
						<line number="238" hits="1"/>
						<line number="240" hits="0" branch="true" condition-coverage="0% (0/2)" missing-branches="exit,241"/>
						<line number="241" hits="0"/>
						<line number="243" hits="1"/>
						<line number="247" hits="1" branch="true" condition-coverage="100% (2/2)"/>
						<line number="248" hits="1"/>
						<line number="250" hits="1"/>
						<line number="254" hits="1" branch="true" condition-coverage="100% (2/2)"/>
						<line number="255" hits="1"/>
						<line number="257" hits="1"/>
						<line number="259" hits="1"/>
						<line number="261" hits="1"/>
						<line number="263" hits="1"/>
						<line number="272" hits="1"/>
						<line number="274" hits="1"/>
						<line number="276" hits="0"/>
						<line number="282" hits="1"/>
						<line number="308" hits="1"/>
						<line number="309" hits="1"/>
						<line number="312" hits="1"/>
						<line number="313" hits="1"/>
						<line number="316" hits="1"/>
						<line number="317" hits="1"/>
						<line number="321" hits="1"/>
						<line number="322" hits="1"/>
						<line number="326" hits="1"/>
						<line number="327" hits="1"/>
						<line number="331" hits="1"/>
						<line number="332" hits="1"/>
						<line number="334" hits="0"/>
						<line number="336" hits="1"/>
						<line number="337" hits="1"/>
						<line number="341" hits="1"/>
						<line number="342" hits="1"/>
						<line number="346" hits="0"/>
						<line number="348" hits="1"/>
						<line number="349" hits="1"/>
						<line number="354" hits="1"/>
						<line number="355" hits="1"/>
						<line number="359" hits="1"/>
						<line number="360" hits="1"/>
						<line number="362" hits="1"/>
						<line number="364" hits="1"/>
						<line number="365" hits="1"/>
						<line number="370" hits="0"/>
						<line number="372" hits="1"/>
						<line number="373" hits="1"/>
						<line number="374" hits="1"/>
						<line number="376" hits="1"/>
						<line number="377" hits="1"/>
						<line number="378" hits="1"/>
						<line number="380" hits="1"/>
						<line number="381" hits="1"/>
						<line number="383" hits="1"/>
						<line number="385" hits="1"/>
						<line number="386" hits="1"/>
						<line number="391" hits="1"/>
						<line number="393" hits="1"/>
						<line number="395" hits="1"/>
						<line number="396" hits="1" branch="true" condition-coverage="50% (1/2)" missing-branches="399"/>
						<line number="397" hits="1"/>
						<line number="399" hits="0"/>
						<line number="401" hits="1"/>
						<line number="402" hits="1"/>
						<line number="408" hits="1"/>
						<line number="417" hits="1"/>
						<line number="421" hits="1"/>
						<line number="422" hits="1"/>
						<line number="423" hits="1"/>
						<line number="424" hits="1"/>
						<line number="427" hits="1"/>
						<line number="428" hits="1"/>
						<line number="430" hits="1"/>
						<line number="431" hits="1"/>
						<line number="442" hits="1"/>
						<line number="444" hits="1"/>
						<line number="445" hits="1"/>
						<line number="447" hits="1"/>
						<line number="449" hits="1"/>
						<line number="450" hits="0"/>
						<line number="455" hits="1"/>
						<line number="459" hits="1"/>
						<line number="460" hits="1" branch="true" condition-coverage="100% (2/2)"/>
						<line number="461" hits="1"/>
						<line number="463" hits="1"/>
						<line number="468" hits="1" branch="true" condition-coverage="100% (2/2)"/>
						<line number="469" hits="1"/>
						<line number="470" hits="1" branch="true" condition-coverage="100% (2/2)"/>
						<line number="471" hits="1"/>
						<line number="473" hits="1"/>
						<line number="475" hits="1"/>
						<line number="483" hits="1"/>
						<line number="484" hits="1"/>
						<line number="485" hits="1"/>
						<line number="486" hits="1"/>
						<line number="487" hits="1"/>
						<line number="488" hits="1"/>
						<line number="492" hits="1"/>
						<line number="493" hits="1"/>
						<line number="505" hits="1"/>
						<line number="506" hits="1" branch="true" condition-coverage="100% (2/2)"/>
						<line number="507" hits="1"/>
						<line number="508" hits="1" branch="true" condition-coverage="100% (2/2)"/>
						<line number="509" hits="1"/>
						<line number="512" hits="1" branch="true" condition-coverage="100% (2/2)"/>
						<line number="513" hits="1"/>
						<line number="514" hits="1"/>
						<line number="516" hits="1"/>
						<line number="520" hits="1"/>
						<line number="521" hits="1" branch="true" condition-coverage="100% (2/2)"/>
						<line number="522" hits="1"/>
						<line number="523" hits="1" branch="true" condition-coverage="100% (2/2)"/>
						<line number="524" hits="1" branch="true" condition-coverage="100% (2/2)"/>
						<line number="525" hits="1"/>
						<line number="527" hits="1"/>
						<line number="528" hits="1" branch="true" condition-coverage="100% (2/2)"/>
						<line number="529" hits="1"/>
						<line number="530" hits="1" branch="true" condition-coverage="100% (2/2)"/>
						<line number="531" hits="1"/>
						<line number="533" hits="1"/>
						<line number="535" hits="1"/>
						<line number="537" hits="1"/>
						<line number="541" hits="1"/>
						<line number="543" hits="1"/>
						<line number="548" hits="1" branch="true" condition-coverage="100% (2/2)"/>
						<line number="549" hits="1"/>
						<line number="551" hits="1"/>
						<line number="554" hits="1"/>
						<line number="557" hits="1"/>
						<line number="558" hits="1"/>
						<line number="559" hits="1"/>
						<line number="560" hits="1" branch="true" condition-coverage="100% (2/2)"/>
						<line number="561" hits="1"/>
						<line number="563" hits="1"/>
						<line number="565" hits="1"/>
						<line number="567" hits="1"/>
						<line number="569" hits="1"/>
						<line number="571" hits="1" branch="true" condition-coverage="100% (2/2)"/>
						<line number="572" hits="1"/>
						<line number="573" hits="1"/>
						<line number="574" hits="1" branch="true" condition-coverage="100% (2/2)"/>
						<line number="575" hits="1"/>
						<line number="576" hits="1" branch="true" condition-coverage="100% (2/2)"/>
						<line number="577" hits="1"/>
						<line number="579" hits="1"/>
						<line number="581" hits="1"/>
						<line number="586" hits="1"/>
						<line number="587" hits="1" branch="true" condition-coverage="100% (2/2)"/>
						<line number="588" hits="1"/>
						<line number="590" hits="1"/>
						<line number="592" hits="1"/>
						<line number="593" hits="1"/>
						<line number="597" hits="1"/>
						<line number="601" hits="1"/>
						<line number="603" hits="1" branch="true" condition-coverage="100% (2/2)"/>
						<line number="604" hits="1"/>
						<line number="606" hits="1"/>
						<line number="610" hits="1" branch="true" condition-coverage="100% (2/2)"/>
						<line number="611" hits="1"/>
						<line number="613" hits="1"/>
						<line number="615" hits="1"/>
						<line number="617" hits="1"/>
						<line number="621" hits="1"/>
						<line number="625" hits="1"/>
						<line number="626" hits="1" branch="true" condition-coverage="100% (2/2)"/>
						<line number="627" hits="1"/>
						<line number="629" hits="1"/>
						<line number="630" hits="1"/>
						<line number="631" hits="1"/>
						<line number="632" hits="1"/>
						<line number="634" hits="1"/>
						<line number="635" hits="1" branch="true" condition-coverage="100% (2/2)"/>
						<line number="636" hits="1"/>
						<line number="638" hits="1"/>
						<line number="640" hits="1"/>
						<line number="641" hits="1" branch="true" condition-coverage="100% (2/2)"/>
						<line number="642" hits="1"/>
						<line number="644" hits="1"/>
						<line number="648" hits="1"/>
						<line number="653" hits="1" branch="true" condition-coverage="100% (2/2)"/>
						<line number="654" hits="1"/>
						<line number="657" hits="1"/>
						<line number="658" hits="1"/>
						<line number="659" hits="1" branch="true" condition-coverage="100% (2/2)"/>
						<line number="660" hits="1" branch="true" condition-coverage="100% (2/2)"/>
						<line number="661" hits="1"/>
						<line number="662" hits="1"/>
						<line number="663" hits="1"/>
						<line number="664" hits="1"/>
						<line number="666" hits="1"/>
						<line number="668" hits="1" branch="true" condition-coverage="100% (2/2)"/>
[...]
						<line number="196" hits="0"/>
						<line number="198" hits="1"/>
						<line number="208" hits="0"/>
						<line number="209" hits="0"/>
						<line number="211" hits="0"/>
						<line number="217" hits="0" branch="true" condition-coverage="0% (0/2)" missing-branches="218,224"/>
						<line number="218" hits="0"/>
						<line number="221" hits="0"/>
						<line number="224" hits="0"/>
						<line number="230" hits="0"/>
					</lines>
				</class>
				<class name="session.py" filename="beetsplug/tidal/session.py" complexity="0" line-rate="0.4" branch-rate="0">
					<methods/>
					<lines>
						<line number="1" hits="1"/>
						<line number="3" hits="1"/>
						<line number="4" hits="1"/>
						<line number="5" hits="1"/>
						<line number="6" hits="1"/>
						<line number="7" hits="1"/>
						<line number="9" hits="1"/>
						<line number="10" hits="1"/>
						<line number="11" hits="1"/>
						<line number="13" hits="1"/>
						<line number="14" hits="1"/>
						<line number="19" hits="1"/>
						<line number="21" hits="1"/>
						<line number="24" hits="1"/>
						<line number="35" hits="1"/>
						<line number="37" hits="1"/>
						<line number="38" hits="0"/>
						<line number="41" hits="0"/>
						<line number="42" hits="0"/>
						<line number="54" hits="0"/>
						<line number="65" hits="0"/>
						<line number="66" hits="0"/>
						<line number="67" hits="0"/>
						<line number="69" hits="1"/>
						<line number="71" hits="0" branch="true" condition-coverage="0% (0/2)" missing-branches="72,74"/>
						<line number="72" hits="0"/>
						<line number="73" hits="0"/>
						<line number="74" hits="0"/>
						<line number="76" hits="1"/>
						<line number="78" hits="0"/>
						<line number="79" hits="0"/>
						<line number="81" hits="1"/>
						<line number="85" hits="0" branch="true" condition-coverage="0% (0/2)" missing-branches="86,88"/>
						<line number="86" hits="0"/>
						<line number="88" hits="0"/>
						<line number="89" hits="0"/>
						<line number="90" hits="0"/>
						<line number="91" hits="0"/>
						<line number="92" hits="0" branch="true" condition-coverage="0% (0/2)" missing-branches="93,95"/>
						<line number="93" hits="0"/>
						<line number="94" hits="0"/>
						<line number="95" hits="0"/>
						<line number="96" hits="0"/>
						<line number="98" hits="1"/>
						<line number="99" hits="0"/>
						<line number="100" hits="0" branch="true" condition-coverage="0% (0/2)" missing-branches="101,106"/>
						<line number="101" hits="0"/>
						<line number="104" hits="0"/>
						<line number="106" hits="0"/>
						<line number="109" hits="0"/>
					</lines>
				</class>
			</classes>
		</package>
		<package name="beetsplug.web" line-rate="0.7316" branch-rate="0.6282" complexity="0">
			<classes>
				<class name="__init__.py" filename="beetsplug/web/__init__.py" complexity="0" line-rate="0.7316" branch-rate="0.6282">
					<methods/>
					<lines>
						<line number="17" hits="1"/>
						<line number="18" hits="1"/>
						<line number="19" hits="1"/>
						<line number="20" hits="1"/>
						<line number="22" hits="1"/>
						<line number="23" hits="1"/>
						<line number="24" hits="1"/>
						<line number="25" hits="1"/>
						<line number="27" hits="1"/>
						<line number="28" hits="1"/>
						<line number="29" hits="1"/>
						<line number="30" hits="1"/>
						<line number="34" hits="1" branch="true" condition-coverage="50% (1/2)" missing-branches="36"/>
						<line number="36" hits="0"/>
						<line number="37" hits="0"/>
						<line number="39" hits="0"/>
						<line number="41" hits="1"/>
						<line number="46" hits="1"/>
						<line number="51" hits="1"/>
						<line number="53" hits="1" branch="true" condition-coverage="100% (2/2)"/>
						<line number="54" hits="1" branch="true" condition-coverage="100% (2/2)"/>
						<line number="55" hits="1"/>
						<line number="57" hits="1"/>
						<line number="60" hits="1" branch="true" condition-coverage="100% (2/2)"/>
						<line number="61" hits="1" branch="true" condition-coverage="100% (2/2)"/>
						<line number="62" hits="1"/>
						<line number="66" hits="1"/>
						<line number="67" hits="1"/>
						<line number="68" hits="1"/>
						<line number="69" hits="1"/>
						<line number="71" hits="1"/>
						<line number="73" hits="1" branch="true" condition-coverage="50% (1/2)" missing-branches="exit"/>
						<line number="74" hits="1" branch="true" condition-coverage="100% (2/2)"/>
						<line number="75" hits="1"/>
						<line number="77" hits="1"/>
						<line number="78" hits="1" branch="true" condition-coverage="100% (2/2)"/>
						<line number="79" hits="1"/>
						<line number="80" hits="1"/>
						<line number="83" hits="1"/>
						<line number="92" hits="1"/>
						<line number="93" hits="1"/>
						<line number="94" hits="1" branch="true" condition-coverage="100% (2/2)"/>
						<line number="95" hits="1" branch="true" condition-coverage="100% (2/2)"/>
						<line number="96" hits="1"/>
						<line number="98" hits="1"/>
						<line number="99" hits="1"/>
						<line number="100" hits="1"/>
						<line number="103" hits="1"/>
						<line number="106" hits="1"/>
						<line number="109" hits="1"/>
						<line number="114" hits="1"/>
						<line number="117" hits="1"/>
						<line number="119" hits="1"/>
						<line number="122" hits="1"/>
						<line number="125" hits="1"/>
						<line number="126" hits="1"/>
						<line number="127" hits="1"/>
						<line number="128" hits="1"/>
						<line number="130" hits="1" branch="true" condition-coverage="100% (2/2)"/>
						<line number="131" hits="1" branch="true" condition-coverage="100% (2/2)"/>
						<line number="132" hits="1"/>
						<line number="134" hits="1" branch="true" condition-coverage="100% (2/2)"/>
						<line number="135" hits="1"/>
						<line number="137" hits="1"/>
						<line number="139" hits="1" branch="true" condition-coverage="100% (2/2)"/>
						<line number="140" hits="1" branch="true" condition-coverage="100% (2/2)"/>
						<line number="141" hits="1"/>
						<line number="143" hits="1" branch="true" condition-coverage="100% (2/2)"/>
						<line number="144" hits="1"/>
						<line number="145" hits="1"/>
						<line number="147" hits="1" branch="true" condition-coverage="50% (1/2)" missing-branches="149"/>
						<line number="148" hits="1"/>
						<line number="149" hits="0" branch="true" condition-coverage="0% (0/2)" missing-branches="exit,150"/>
						<line number="150" hits="0"/>
						<line number="155" hits="1" branch="true" condition-coverage="50% (1/2)" missing-branches="167"/>
						<line number="156" hits="1" branch="true" condition-coverage="100% (2/2)"/>
						<line number="157" hits="1"/>
						<line number="158" hits="1" branch="true" condition-coverage="100% (2/2)"/>
						<line number="159" hits="1"/>
						<line number="164" hits="1"/>
						<line number="167" hits="0"/>
						<line number="169" hits="1"/>
						<line number="171" hits="1"/>
						<line number="173" hits="1"/>
						<line number="176" hits="1"/>
						<line number="179" hits="1"/>
						<line number="180" hits="1"/>
						<line number="181" hits="1"/>
						<line number="183" hits="1" branch="true" condition-coverage="100% (2/2)"/>
						<line number="184" hits="1" branch="true" condition-coverage="100% (2/2)"/>
						<line number="185" hits="1"/>
						<line number="187" hits="1" branch="true" condition-coverage="100% (2/2)"/>
						<line number="188" hits="1"/>
						<line number="190" hits="1"/>
						<line number="192" hits="1" branch="true" condition-coverage="50% (1/2)" missing-branches="193"/>
						<line number="193" hits="0" branch="true" condition-coverage="0% (0/2)" missing-branches="194,196"/>
						<line number="194" hits="0"/>
						<line number="196" hits="0" branch="true" condition-coverage="0% (0/2)" missing-branches="197,200"/>
						<line number="197" hits="0"/>
						<line number="198" hits="0"/>
						<line number="200" hits="0"/>
						<line number="205" hits="1" branch="true" condition-coverage="50% (1/2)" missing-branches="214"/>
						<line number="206" hits="1"/>
						<line number="214" hits="0"/>
						<line number="216" hits="1"/>
						<line number="218" hits="1"/>
						<line number="220" hits="1"/>
						<line number="223" hits="1"/>
						<line number="228" hits="1"/>
						<line number="229" hits="1"/>
						<line number="230" hits="1"/>
						<line number="235" hits="1"/>
						<line number="236" hits="1"/>
						<line number="238" hits="1"/>
						<line number="241" hits="1"/>
						<line number="243" hits="1" branch="true" condition-coverage="50% (1/2)" missing-branches="244"/>
						<line number="244" hits="0"/>
						<line number="245" hits="1"/>
						<line number="246" hits="1"/>
						<line number="249" hits="1"/>
						<line number="252" hits="1"/>
						<line number="255" hits="1"/>
						<line number="256" hits="1"/>
						<line number="257" hits="1" branch="true" condition-coverage="100% (2/2)"/>
						<line number="258" hits="1"/>
						<line number="259" hits="1"/>
						<line number="260" hits="0"/>
						<line number="261" hits="0"/>
						<line number="262" hits="1"/>
						<line number="264" hits="1"/>
						<line number="265" hits="0"/>
						<line number="268" hits="1"/>
						<line number="271" hits="1"/>
						<line number="272" hits="1"/>
						<line number="273" hits="1"/>
						<line number="274" hits="1"/>
						<line number="279" hits="1"/>
						<line number="280" hits="0"/>
						<line number="283" hits="1"/>
						<line number="284" hits="1"/>
						<line number="285" hits="1"/>
						<line number="290" hits="1"/>
						<line number="291" hits="1"/>
						<line number="292" hits="1"/>
						<line number="293" hits="1"/>
						<line number="296" hits="1"/>
						<line number="297" hits="1"/>
						<line number="298" hits="1"/>
						<line number="304" hits="1"/>
						<line number="305" hits="1"/>
						<line number="306" hits="1"/>
						<line number="307" hits="1"/>
						<line number="310" hits="1"/>
						<line number="311" hits="1"/>
						<line number="312" hits="1"/>
						<line number="313" hits="1"/>
						<line number="314" hits="1"/>
						<line number="317" hits="1"/>
						<line number="318" hits="1"/>
						<line number="319" hits="1"/>
						<line number="321" hits="1"/>
						<line number="322" hits="1"/>
						<line number="324" hits="1"/>
						<line number="326" hits="1"/>
						<line number="327" hits="0"/>
						<line number="328" hits="0"/>
						<line number="330" hits="1"/>
						<line number="332" hits="1"/>
						<line number="335" hits="1"/>
						<line number="338" hits="1"/>
						<line number="339" hits="1"/>
						<line number="340" hits="1"/>
						<line number="341" hits="1"/>
						<line number="344" hits="1"/>
						<line number="345" hits="1"/>
						<line number="346" hits="1"/>
						<line number="347" hits="1"/>
						<line number="348" hits="1" branch="true" condition-coverage="100% (2/2)"/>
						<line number="349" hits="1"/>
						<line number="351" hits="1"/>
						<line number="354" hits="1"/>
						<line number="355" hits="1"/>
						<line number="356" hits="1"/>
						<line number="357" hits="1"/>
						<line number="358" hits="1"/>
						<line number="361" hits="0"/>
						<line number="362" hits="0"/>
						<line number="363" hits="1"/>
						<line number="369" hits="1"/>
						<line number="370" hits="1"/>
						<line number="371" hits="1"/>
						<line number="372" hits="1"/>
						<line number="375" hits="1"/>
						<line number="376" hits="1"/>
						<line number="377" hits="1"/>
						<line number="378" hits="1"/>
						<line number="379" hits="1"/>
						<line number="382" hits="1"/>
						<line number="383" hits="1"/>
						<line number="384" hits="1"/>
						<line number="385" hits="1"/>
						<line number="388" hits="1"/>
						<line number="389" hits="1"/>
						<line number="390" hits="0"/>
						<line number="391" hits="0" branch="true" condition-coverage="0% (0/2)" missing-branches="392,394"/>
						<line number="392" hits="0"/>
						<line number="394" hits="0"/>
						<line number="397" hits="1"/>
						<line number="398" hits="1"/>
						<line number="399" hits="0"/>
						<line number="400" hits="0"/>
						<line number="401" hits="0"/>
						<line number="404" hits="0"/>
						<line number="405" hits="0"/>
						<line number="406" hits="0"/>
						<line number="412" hits="1"/>
						<line number="413" hits="1"/>
						<line number="414" hits="0"/>
						<line number="415" hits="0"/>
						<line number="416" hits="0"/>
						<line number="417" hits="0"/>
						<line number="423" hits="1"/>
						<line number="424" hits="1"/>
						<line number="425" hits="1"/>
						<line number="426" hits="1"/>
						<line number="427" hits="1"/>
						<line number="428" hits="1"/>
						<line number="434" hits="1"/>
						<line number="435" hits="1"/>
						<line number="436" hits="0"/>
						<line number="442" hits="1"/>
						<line number="443" hits="1"/>
						<line number="444" hits="0"/>
						<line number="445" hits="0"/>
						<line number="457" hits="1"/>
						<line number="458" hits="0"/>
						<line number="459" hits="0"/>
						<line number="467" hits="0"/>
						<line number="468" hits="0"/>
						<line number="469" hits="0" branch="true" condition-coverage="0% (0/2)" missing-branches="470,471"/>
						<line number="470" hits="0"/>
						<line number="471" hits="0" branch="true" condition-coverage="0% (0/2)" missing-branches="472,474"/>
						<line number="472" hits="0"/>
						<line number="474" hits="0"/>
						<line number="476" hits="0"/>
						<line number="478" hits="0"/>
						<line number="479" hits="0"/>
						<line number="482" hits="0" branch="true" condition-coverage="0% (0/2)" missing-branches="483,500"/>
						<line number="483" hits="0"/>
						<line number="486" hits="0"/>
						<line number="488" hits="0"/>
						<line number="489" hits="0"/>
						<line number="492" hits="0"/>
						<line number="500" hits="0" branch="true" condition-coverage="0% (0/2)" missing-branches="501,504"/>
						<line number="501" hits="0"/>
						<line number="504" hits="0"/>
						<line number="511" hits="0"/>
						<line number="512" hits="0"/>
						<line number="515" hits="1"/>
						<line number="535" hits="1"/>
						<line number="536" hits="0"/>
						<line number="538" hits="1"/>
						<line number="539" hits="0"/>
						<line number="540" hits="0" branch="true" condition-coverage="0% (0/2)" missing-branches="541,546"/>
						<line number="541" hits="0"/>
						<line number="542" hits="0"/>
						<line number="543" hits="0" branch="true" condition-coverage="0% (0/2)" missing-branches="544,546"/>
						<line number="544" hits="0"/>
						<line number="546" hits="0"/>
						<line number="547" hits="0" branch="true" condition-coverage="0% (0/2)" missing-branches="548,549"/>
						<line number="548" hits="0"/>
						<line number="549" hits="0"/>
					</lines>
				</class>
			</classes>
		</package>
		<package name="extra" line-rate="0.1062" branch-rate="0" complexity="0">
			<classes>
				<class name="release.py" filename="extra/release.py" complexity="0" line-rate="0.1062" branch-rate="0">
					<methods/>
					<lines>
						<line number="5" hits="1"/>
						<line number="7" hits="1"/>
						<line number="8" hits="1"/>
						<line number="9" hits="1"/>
						<line number="10" hits="1"/>
						<line number="11" hits="1"/>
						<line number="12" hits="1"/>
						<line number="13" hits="1"/>
						<line number="14" hits="1"/>
						<line number="15" hits="1"/>
						<line number="17" hits="1"/>
						<line number="18" hits="1"/>
						<line number="19" hits="0"/>
						<line number="20" hits="0"/>
						<line number="22" hits="0"/>
						<line number="24" hits="0"/>
						<line number="25" hits="0"/>
						<line number="26" hits="0"/>
						<line number="27" hits="0"/>
						<line number="29" hits="0"/>
						<line number="30" hits="0"/>
						<line number="34" hits="0"/>
						<line number="37" hits="0"/>
						<line number="40" hits="0"/>
						<line number="41" hits="0"/>
						<line number="42" hits="0"/>
						<line number="44" hits="0"/>
						<line number="45" hits="0"/>
						<line number="54" hits="0" branch="true" condition-coverage="0% (0/2)" missing-branches="55,57"/>
						<line number="55" hits="0"/>
						<line number="57" hits="0"/>
						<line number="58" hits="0"/>
						<line number="60" hits="0" branch="true" condition-coverage="0% (0/2)" missing-branches="61,63"/>
						<line number="61" hits="0"/>
						<line number="63" hits="0"/>
						<line number="65" hits="0"/>
						<line number="67" hits="0"/>
						<line number="68" hits="0"/>
						<line number="70" hits="0"/>
						<line number="72" hits="0"/>
						<line number="73" hits="0"/>
						<line number="75" hits="0"/>
						<line number="78" hits="0"/>
						<line number="80" hits="0"/>
						<line number="81" hits="0" branch="true" condition-coverage="0% (0/2)" missing-branches="82,84"/>
						<line number="82" hits="0"/>
						<line number="84" hits="0"/>
						<line number="86" hits="0"/>
						<line number="87" hits="0"/>
						<line number="89" hits="0"/>
						<line number="90" hits="0"/>
						<line number="97" hits="0"/>
						<line number="99" hits="0"/>
						<line number="101" hits="0"/>
						<line number="102" hits="0" branch="true" condition-coverage="0% (0/2)" missing-branches="103,104"/>
						<line number="103" hits="0"/>
						<line number="104" hits="0"/>
						<line number="105" hits="0"/>
						<line number="107" hits="0"/>
						<line number="108" hits="0"/>
						<line number="111" hits="0"/>
						<line number="115" hits="0"/>
						<line number="142" hits="0"/>
						<line number="148" hits="0"/>
						<line number="149" hits="0"/>
						<line number="150" hits="0"/>
						<line number="151" hits="0"/>
						<line number="154" hits="0"/>
						<line number="155" hits="0"/>
						<line number="156" hits="0"/>
						<line number="186" hits="0"/>
						<line number="187" hits="0"/>
						<line number="203" hits="0"/>
						<line number="207" hits="0"/>
						<line number="208" hits="0"/>
						<line number="210" hits="0" branch="true" condition-coverage="0% (0/2)" missing-branches="211,214"/>
						<line number="211" hits="0"/>
						<line number="212" hits="0"/>
						<line number="214" hits="0"/>
						<line number="217" hits="0"/>
						<line number="219" hits="0" branch="true" condition-coverage="0% (0/2)" missing-branches="exit,220"/>
						<line number="220" hits="0"/>
						<line number="221" hits="0"/>
						<line number="222" hits="0"/>
						<line number="223" hits="0"/>
						<line number="224" hits="0"/>
						<line number="227" hits="0"/>
						<line number="229" hits="0"/>
						<line number="239" hits="0"/>
						<line number="240" hits="0" branch="true" condition-coverage="0% (0/2)" missing-branches="241,243"/>
						<line number="241" hits="0"/>
						<line number="243" hits="0"/>
						<line number="246" hits="0"/>
						<line number="248" hits="0" branch="true" condition-coverage="0% (0/2)" missing-branches="249,251"/>
						<line number="249" hits="0"/>
						<line number="251" hits="0"/>
						<line number="255" hits="0"/>
						<line number="258" hits="0"/>
						<line number="259" hits="0"/>
						<line number="260" hits="0"/>
						<line number="263" hits="0"/>
						<line number="264" hits="0"/>
						<line number="265" hits="0"/>
						<line number="267" hits="0"/>
						<line number="270" hits="0"/>
						<line number="271" hits="0"/>
						<line number="273" hits="0" branch="true" condition-coverage="0% (0/2)" missing-branches="exit,274"/>
						<line number="274" hits="0"/>
						<line number="275" hits="0"/>
						<line number="276" hits="0"/>
						<line number="277" hits="0"/>
						<line number="280" hits="0" branch="true" condition-coverage="0% (0/2)" missing-branches="exit,281"/>
						<line number="281" hits="0"/>
					</lines>
				</class>
			</classes>
		</package>
	</packages>
</coverage>
